-------------------------------------------------------------------------------
Test set: org.apache.commons.lang3.ObjectUtilsExtraTest
-------------------------------------------------------------------------------
Tests run: 2, Failures: 1, Errors: 0, Skipped: 0, Time elapsed: 0 sec <<< FAILURE!
testDefaultIfNullAndFirstNonNull(org.apache.commons.lang3.ObjectUtilsExtraTest)  Time elapsed: 0 sec  <<< FAILURE!
java.lang.AssertionError: Expected NullPointerException when all args are null
	at org.junit.Assert.fail(Assert.java:88)
	at org.apache.commons.lang3.ObjectUtilsExtraTest.testDefaultIfNullAndFirstNonNull(ObjectUtilsExtraTest.java:19)

