<?xml version="1.0" encoding="UTF-8" ?>
<testsuite tests="53" failures="0" name="org.apache.commons.lang3.builder.CompareToBuilderTest" time="0" errors="3" skipped="0">
  <properties>
    <property name="java.runtime.name" value="OpenJDK Runtime Environment"/>
    <property name="java.vm.version" value="25"/>
    <property name="sun.boot.library.path" value="/opt/homebrew/Cellar/openjdk/25/libexec/openjdk.jdk/Contents/Home/lib"/>
    <property name="maven.multiModuleProjectDirectory" value="/Users/evo/Documents/DePaul/2025/Autumn25/SE333/final_project/final_project_se333_Jose_Sandoval/codebase"/>
    <property name="java.vm.vendor" value="Homebrew"/>
    <property name="java.vendor.url" value="https://github.com/Homebrew/homebrew-core/issues"/>
    <property name="guice.disable.misplaced.annotation.check" value="true"/>
    <property name="path.separator" value=":"/>
    <property name="java.vm.name" value="OpenJDK 64-Bit Server VM"/>
    <property name="user.country" value="US"/>
    <property name="sun.java.launcher" value="SUN_STANDARD"/>
    <property name="stdin.encoding" value="UTF-8"/>
    <property name="java.vm.specification.name" value="Java Virtual Machine Specification"/>
    <property name="user.dir" value="/Users/evo/Documents/DePaul/2025/Autumn25/SE333/final_project/final_project_se333_Jose_Sandoval/codebase"/>
    <property name="java.vm.compressedOopsMode" value="Zero based"/>
    <property name="java.runtime.version" value="25"/>
    <property name="os.arch" value="aarch64"/>
    <property name="java.io.tmpdir" value="/var/folders/kc/0_5b0sfj3y9btj59nly49bvw0000gn/T/"/>
    <property name="line.separator" value="
"/>
    <property name="java.vm.specification.vendor" value="Oracle Corporation"/>
    <property name="stderr.encoding" value="UTF-8"/>
    <property name="os.name" value="Mac OS X"/>
    <property name="classworlds.conf" value="/opt/homebrew/Cellar/maven/3.9.11/libexec/bin/m2.conf"/>
    <property name="sun.jnu.encoding" value="UTF-8"/>
    <property name="stdout.encoding" value="UTF-8"/>
    <property name="java.library.path" value="/Users/evo/Library/Java/Extensions:/Library/Java/Extensions:/Network/Library/Java/Extensions:/System/Library/Java/Extensions:/usr/lib/java:."/>
    <property name="maven.conf" value="/opt/homebrew/Cellar/maven/3.9.11/libexec/conf"/>
    <property name="jdk.debug" value="release"/>
    <property name="java.class.version" value="69.0"/>
    <property name="java.specification.name" value="Java Platform API Specification"/>
    <property name="sun.management.compiler" value="HotSpot 64-Bit Tiered Compilers"/>
    <property name="os.version" value="15.6.1"/>
    <property name="library.jansi.path" value="/opt/homebrew/Cellar/maven/3.9.11/libexec/lib/jansi-native"/>
    <property name="user.home" value="/Users/evo"/>
    <property name="user.timezone" value="America/Chicago"/>
    <property name="file.encoding" value="UTF-8"/>
    <property name="java.specification.version" value="25"/>
    <property name="user.name" value="evo"/>
    <property name="java.class.path" value="/opt/homebrew/Cellar/maven/3.9.11/libexec/boot/plexus-classworlds-2.9.0.jar"/>
    <property name="java.vm.specification.version" value="25"/>
    <property name="sun.arch.data.model" value="64"/>
    <property name="sun.java.command" value="org.codehaus.plexus.classworlds.launcher.Launcher clean test"/>
    <property name="java.home" value="/opt/homebrew/Cellar/openjdk/25/libexec/openjdk.jdk/Contents/Home"/>
    <property name="apple.awt.application.name" value="Launcher"/>
    <property name="user.language" value="en"/>
    <property name="java.specification.vendor" value="Oracle Corporation"/>
    <property name="java.vm.info" value="mixed mode, sharing"/>
    <property name="java.version" value="25"/>
    <property name="native.encoding" value="UTF-8"/>
    <property name="java.vendor" value="Homebrew"/>
    <property name="maven.home" value="/opt/homebrew/Cellar/maven/3.9.11/libexec"/>
    <property name="file.separator" value="/"/>
    <property name="java.version.date" value="2025-09-16"/>
    <property name="java.vendor.url.bug" value="https://github.com/Homebrew/homebrew-core/issues"/>
    <property name="sun.io.unicode.encoding" value="UnicodeBig"/>
    <property name="sun.cpu.endian" value="little"/>
    <property name="java.vendor.version" value="Homebrew"/>
  </properties>
  <testcase classname="org.apache.commons.lang3.builder.CompareToBuilderTest" name="testReflectionCompareWithVarargs" time="0"/>
  <testcase classname="org.apache.commons.lang3.builder.CompareToBuilderTest" name="testCharArray" time="0"/>
  <testcase classname="org.apache.commons.lang3.builder.CompareToBuilderTest" name="testObjectArray" time="0"/>
  <testcase classname="org.apache.commons.lang3.builder.CompareToBuilderTest" name="testObjectBuild" time="0"/>
  <testcase classname="org.apache.commons.lang3.builder.CompareToBuilderTest" name="testFloatArray" time="0"/>
  <testcase classname="org.apache.commons.lang3.builder.CompareToBuilderTest" name="testReflectionHierarchyCompareExcludeFields" time="0">
    <error message="Unable to make field private final byte[] java.lang.String.value accessible: module java.base does not &quot;opens java.lang&quot; to unnamed module @28d25987" type="java.lang.reflect.InaccessibleObjectException">java.lang.reflect.InaccessibleObjectException: Unable to make field private final byte[] java.lang.String.value accessible: module java.base does not &quot;opens java.lang&quot; to unnamed module @28d25987
	at java.base/java.lang.reflect.AccessibleObject.throwInaccessibleObjectException(AccessibleObject.java:353)
	at java.base/java.lang.reflect.AccessibleObject.checkCanSetAccessible(AccessibleObject.java:329)
	at java.base/java.lang.reflect.AccessibleObject.checkCanSetAccessible(AccessibleObject.java:277)
	at java.base/java.lang.reflect.Field.checkCanSetAccessible(Field.java:179)
	at java.base/java.lang.reflect.AccessibleObject.setAccessible(AccessibleObject.java:107)
	at org.apache.commons.lang3.builder.CompareToBuilder.reflectionAppend(CompareToBuilder.java:314)
	at org.apache.commons.lang3.builder.CompareToBuilder.reflectionCompare(CompareToBuilder.java:286)
	at org.apache.commons.lang3.builder.CompareToBuilder.reflectionCompare(CompareToBuilder.java:167)
	at org.apache.commons.lang3.builder.CompareToBuilderTest.reflectionCompareSignum(CompareToBuilderTest.java:277)
	at org.apache.commons.lang3.builder.CompareToBuilderTest.assertReflectionCompareContract(CompareToBuilderTest.java:249)
	at org.apache.commons.lang3.builder.CompareToBuilderTest.testReflectionHierarchyCompare(CompareToBuilderTest.java:226)
	at org.apache.commons.lang3.builder.CompareToBuilderTest.testReflectionHierarchyCompareExcludeFields(CompareToBuilderTest.java:164)
</error>
  </testcase>
  <testcase classname="org.apache.commons.lang3.builder.CompareToBuilderTest" name="testObjectComparatorNull" time="0"/>
  <testcase classname="org.apache.commons.lang3.builder.CompareToBuilderTest" name="testReflectionHierarchyCompare" time="0">
    <error message="Unable to make field private final byte[] java.lang.String.value accessible: module java.base does not &quot;opens java.lang&quot; to unnamed module @28d25987" type="java.lang.reflect.InaccessibleObjectException">java.lang.reflect.InaccessibleObjectException: Unable to make field private final byte[] java.lang.String.value accessible: module java.base does not &quot;opens java.lang&quot; to unnamed module @28d25987
	at java.base/java.lang.reflect.AccessibleObject.throwInaccessibleObjectException(AccessibleObject.java:353)
	at java.base/java.lang.reflect.AccessibleObject.checkCanSetAccessible(AccessibleObject.java:329)
	at java.base/java.lang.reflect.AccessibleObject.checkCanSetAccessible(AccessibleObject.java:277)
	at java.base/java.lang.reflect.Field.checkCanSetAccessible(Field.java:179)
	at java.base/java.lang.reflect.AccessibleObject.setAccessible(AccessibleObject.java:107)
	at org.apache.commons.lang3.builder.CompareToBuilder.reflectionAppend(CompareToBuilder.java:314)
	at org.apache.commons.lang3.builder.CompareToBuilder.reflectionCompare(CompareToBuilder.java:286)
	at org.apache.commons.lang3.builder.CompareToBuilder.reflectionCompare(CompareToBuilder.java:167)
	at org.apache.commons.lang3.builder.CompareToBuilderTest.reflectionCompareSignum(CompareToBuilderTest.java:277)
	at org.apache.commons.lang3.builder.CompareToBuilderTest.assertReflectionCompareContract(CompareToBuilderTest.java:249)
	at org.apache.commons.lang3.builder.CompareToBuilderTest.testReflectionHierarchyCompare(CompareToBuilderTest.java:226)
	at org.apache.commons.lang3.builder.CompareToBuilderTest.testReflectionHierarchyCompare(CompareToBuilderTest.java:158)
</error>
  </testcase>
  <testcase classname="org.apache.commons.lang3.builder.CompareToBuilderTest" name="testMultiCharArray" time="0"/>
  <testcase classname="org.apache.commons.lang3.builder.CompareToBuilderTest" name="testByteArrayHiddenByObject" time="0"/>
  <testcase classname="org.apache.commons.lang3.builder.CompareToBuilderTest" name="testAppendSuper_EdgeCases" time="0"/>
  <testcase classname="org.apache.commons.lang3.builder.CompareToBuilderTest" name="testInt" time="0"/>
  <testcase classname="org.apache.commons.lang3.builder.CompareToBuilderTest" name="testByteArray" time="0"/>
  <testcase classname="org.apache.commons.lang3.builder.CompareToBuilderTest" name="testRaggedArray" time="0"/>
  <testcase classname="org.apache.commons.lang3.builder.CompareToBuilderTest" name="testFloat" time="0"/>
  <testcase classname="org.apache.commons.lang3.builder.CompareToBuilderTest" name="testShort" time="0"/>
  <testcase classname="org.apache.commons.lang3.builder.CompareToBuilderTest" name="testByte" time="0"/>
  <testcase classname="org.apache.commons.lang3.builder.CompareToBuilderTest" name="testChar" time="0"/>
  <testcase classname="org.apache.commons.lang3.builder.CompareToBuilderTest" name="testLong" time="0"/>
  <testcase classname="org.apache.commons.lang3.builder.CompareToBuilderTest" name="testReflectionCompare" time="0"/>
  <testcase classname="org.apache.commons.lang3.builder.CompareToBuilderTest" name="testObjectArrayHiddenByObject" time="0"/>
  <testcase classname="org.apache.commons.lang3.builder.CompareToBuilderTest" name="testShortArrayHiddenByObject" time="0"/>
  <testcase classname="org.apache.commons.lang3.builder.CompareToBuilderTest" name="testMultiByteArray" time="0"/>
  <testcase classname="org.apache.commons.lang3.builder.CompareToBuilderTest" name="testMultiBooleanArray" time="0"/>
  <testcase classname="org.apache.commons.lang3.builder.CompareToBuilderTest" name="testReflectionCompareEx1" time="0"/>
  <testcase classname="org.apache.commons.lang3.builder.CompareToBuilderTest" name="testReflectionCompareEx2" time="0"/>
  <testcase classname="org.apache.commons.lang3.builder.CompareToBuilderTest" name="testLongArrayHiddenByObject" time="0"/>
  <testcase classname="org.apache.commons.lang3.builder.CompareToBuilderTest" name="testObjectEx2" time="0"/>
  <testcase classname="org.apache.commons.lang3.builder.CompareToBuilderTest" name="testCharArrayHiddenByObject" time="0"/>
  <testcase classname="org.apache.commons.lang3.builder.CompareToBuilderTest" name="testMultiFloatArray" time="0"/>
  <testcase classname="org.apache.commons.lang3.builder.CompareToBuilderTest" name="testMixedArray" time="0"/>
  <testcase classname="org.apache.commons.lang3.builder.CompareToBuilderTest" name="testReflectionCompareWithCollection" time="0"/>
  <testcase classname="org.apache.commons.lang3.builder.CompareToBuilderTest" name="testBoolean" time="0"/>
  <testcase classname="org.apache.commons.lang3.builder.CompareToBuilderTest" name="testMultiIntArray" time="0"/>
  <testcase classname="org.apache.commons.lang3.builder.CompareToBuilderTest" name="testAppend_Primitives_EdgeCases" time="0"/>
  <testcase classname="org.apache.commons.lang3.builder.CompareToBuilderTest" name="testBooleanArray" time="0"/>
  <testcase classname="org.apache.commons.lang3.builder.CompareToBuilderTest" name="testBooleanArrayHiddenByObject" time="0"/>
  <testcase classname="org.apache.commons.lang3.builder.CompareToBuilderTest" name="testIntArrayHiddenByObject" time="0"/>
  <testcase classname="org.apache.commons.lang3.builder.CompareToBuilderTest" name="testLongArray" time="0"/>
  <testcase classname="org.apache.commons.lang3.builder.CompareToBuilderTest" name="testReflectionHierarchyCompareTransients" time="0">
    <error message="Unable to make field private final byte[] java.lang.String.value accessible: module java.base does not &quot;opens java.lang&quot; to unnamed module @28d25987" type="java.lang.reflect.InaccessibleObjectException">java.lang.reflect.InaccessibleObjectException: Unable to make field private final byte[] java.lang.String.value accessible: module java.base does not &quot;opens java.lang&quot; to unnamed module @28d25987
	at java.base/java.lang.reflect.AccessibleObject.throwInaccessibleObjectException(AccessibleObject.java:353)
	at java.base/java.lang.reflect.AccessibleObject.checkCanSetAccessible(AccessibleObject.java:329)
	at java.base/java.lang.reflect.AccessibleObject.checkCanSetAccessible(AccessibleObject.java:277)
	at java.base/java.lang.reflect.Field.checkCanSetAccessible(Field.java:179)
	at java.base/java.lang.reflect.AccessibleObject.setAccessible(AccessibleObject.java:107)
	at org.apache.commons.lang3.builder.CompareToBuilder.reflectionAppend(CompareToBuilder.java:314)
	at org.apache.commons.lang3.builder.CompareToBuilder.reflectionCompare(CompareToBuilder.java:286)
	at org.apache.commons.lang3.builder.CompareToBuilder.reflectionCompare(CompareToBuilder.java:167)
	at org.apache.commons.lang3.builder.CompareToBuilderTest.reflectionCompareSignum(CompareToBuilderTest.java:277)
	at org.apache.commons.lang3.builder.CompareToBuilderTest.assertReflectionCompareContract(CompareToBuilderTest.java:249)
	at org.apache.commons.lang3.builder.CompareToBuilderTest.testReflectionHierarchyCompare(CompareToBuilderTest.java:226)
	at org.apache.commons.lang3.builder.CompareToBuilderTest.testReflectionHierarchyCompareTransients(CompareToBuilderTest.java:183)
</error>
  </testcase>
  <testcase classname="org.apache.commons.lang3.builder.CompareToBuilderTest" name="testShortArray" time="0"/>
  <testcase classname="org.apache.commons.lang3.builder.CompareToBuilderTest" name="testMultiLongArray" time="0"/>
  <testcase classname="org.apache.commons.lang3.builder.CompareToBuilderTest" name="testFloatArrayHiddenByObject" time="0"/>
  <testcase classname="org.apache.commons.lang3.builder.CompareToBuilderTest" name="testIntArray" time="0"/>
  <testcase classname="org.apache.commons.lang3.builder.CompareToBuilderTest" name="testObjectComparator" time="0"/>
  <testcase classname="org.apache.commons.lang3.builder.CompareToBuilderTest" name="testDouble" time="0"/>
  <testcase classname="org.apache.commons.lang3.builder.CompareToBuilderTest" name="testDoubleArrayHiddenByObject" time="0"/>
  <testcase classname="org.apache.commons.lang3.builder.CompareToBuilderTest" name="testObject" time="0"/>
  <testcase classname="org.apache.commons.lang3.builder.CompareToBuilderTest" name="testMultiDoubleArray" time="0"/>
  <testcase classname="org.apache.commons.lang3.builder.CompareToBuilderTest" name="testAppendSuper" time="0"/>
  <testcase classname="org.apache.commons.lang3.builder.CompareToBuilderTest" name="testAppend_Primitives_EarlyReturn" time="0"/>
  <testcase classname="org.apache.commons.lang3.builder.CompareToBuilderTest" name="testMultiShortArray" time="0"/>
  <testcase classname="org.apache.commons.lang3.builder.CompareToBuilderTest" name="testDoubleArray" time="0"/>
</testsuite>