<?xml version="1.0" encoding="UTF-8" ?>
<testsuite tests="53" failures="0" name="org.apache.commons.lang3.builder.CompareToBuilderTest" time="0" errors="3" skipped="0">
  <properties>
[...]
</properties>
  <testcase classname="org.apache.commons.lang3.builder.CompareToBuilderTest" name="testReflectionCompareWithVarargs" time="0"/>
  <testcase classname="org.apache.commons.lang3.builder.CompareToBuilderTest" name="testCharArray" time="0"/>
  <testcase classname="org.apache.commons.lang3.builder.CompareToBuilderTest" name="testObjectArray" time="0"/>
  <testcase classname="org.apache.commons.lang3.builder.CompareToBuilderTest" name="testObjectBuild" time="0"/>
  <testcase classname="org.apache.commons.lang3.builder.CompareToBuilderTest" name="testFloatArray" time="0"/>
  <testcase classname="org.apache.commons.lang3.builder.CompareToBuilderTest" name="testReflectionHierarchyCompareExcludeFields" time="0">
    <error message="Unable to make field private final byte[] java.lang.String.value accessible: module java.base does not &quot;opens java.lang&quot; to unnamed module @28d25987" type="java.lang.reflect.InaccessibleObjectException">java.lang.reflect.InaccessibleObjectException: Unable to make field private final byte[] java.lang.String.value accessible: module java.base does not &quot;opens java.lang&quot; to unnamed module @28d25987
	at java.base/java.lang.reflect.AccessibleObject.throwInaccessibleObjectException(AccessibleObject.java:353)
	at java.base/java.lang.reflect.AccessibleObject.checkCanSetAccessible(AccessibleObject.java:329)
	at java.base/java.lang.reflect.AccessibleObject.checkCanSetAccessible(AccessibleObject.java:277)
	at java.base/java.lang.reflect.Field.checkCanSetAccessible(Field.java:179)
	at java.base/java.lang.reflect.AccessibleObject.setAccessible(AccessibleObject.java:107)
	at org.apache.commons.lang3.builder.CompareToBuilder.reflectionAppend(CompareToBuilder.java:314)
	at org.apache.commons.lang3.builder.CompareToBuilder.reflectionCompare(CompareToBuilder.java:286)
	at org.apache.commons.lang3.builder.CompareToBuilder.reflectionCompare(CompareToBuilder.java:167)
	at org.apache.commons.lang3.builder.CompareToBuilderTest.reflectionCompareSignum(CompareToBuilderTest.java:277)
	at org.apache.commons.lang3.builder.CompareToBuilderTest.assertReflectionCompareContract(CompareToBuilderTest.java:249)
	at org.apache.commons.lang3.builder.CompareToBuilderTest.testReflectionHierarchyCompare(CompareToBuilderTest.java:226)
	at org.apache.commons.lang3.builder.CompareToBuilderTest.testReflectionHierarchyCompareExcludeFields(CompareToBuilderTest.java:164)
</error>
  </testcase>
  <testcase classname="org.apache.commons.lang3.builder.CompareToBuilderTest" name="testObjectComparatorNull" time="0"/>
  <testcase classname="org.apache.commons.lang3.builder.CompareToBuilderTest" name="testReflectionHierarchyCompare" time="0">
    <error message="Unable to make field private final byte[] java.lang.String.value accessible: module java.base does not &quot;opens java.lang&quot; to unnamed module @28d25987" type="java.lang.reflect.InaccessibleObjectException">java.lang.reflect.InaccessibleObjectException: Unable to make field private final byte[] java.lang.String.value accessible: module java.base does not &quot;opens java.lang&quot; to unnamed module @28d25987
	at java.base/java.lang.reflect.AccessibleObject.throwInaccessibleObjectException(AccessibleObject.java:353)
	at java.base/java.lang.reflect.AccessibleObject.checkCanSetAccessible(AccessibleObject.java:329)
	at java.base/java.lang.reflect.AccessibleObject.checkCanSetAccessible(AccessibleObject.java:277)
	at java.base/java.lang.reflect.Field.checkCanSetAccessible(Field.java:179)
	at java.base/java.lang.reflect.AccessibleObject.setAccessible(AccessibleObject.java:107)
	at org.apache.commons.lang3.builder.CompareToBuilder.reflectionAppend(CompareToBuilder.java:314)
	at org.apache.commons.lang3.builder.CompareToBuilder.reflectionCompare(CompareToBuilder.java:286)
	at org.apache.commons.lang3.builder.CompareToBuilder.reflectionCompare(CompareToBuilder.java:167)
	at org.apache.commons.lang3.builder.CompareToBuilderTest.reflectionCompareSignum(CompareToBuilderTest.java:277)
	at org.apache.commons.lang3.builder.CompareToBuilderTest.assertReflectionCompareContract(CompareToBuilderTest.java:249)
	at org.apache.commons.lang3.builder.CompareToBuilderTest.testReflectionHierarchyCompare(CompareToBuilderTest.java:226)
	at org.apache.commons.lang3.builder.CompareToBuilderTest.testReflectionHierarchyCompare(CompareToBuilderTest.java:158)
</error>
  </testcase>
  <testcase classname="org.apache.commons.lang3.builder.CompareToBuilderTest" name="testMultiCharArray" time="0"/>
  <testcase classname="org.apache.commons.lang3.builder.CompareToBuilderTest" name="testByteArrayHiddenByObject" time="0"/>
  <testcase classname="org.apache.commons.lang3.builder.CompareToBuilderTest" name="testAppendSuper_EdgeCases" time="0"/>
  <testcase classname="org.apache.commons.lang3.builder.CompareToBuilderTest" name="testInt" time="0"/>
  <testcase classname="org.apache.commons.lang3.builder.CompareToBuilderTest" name="testByteArray" time="0"/>
  <testcase classname="org.apache.commons.lang3.builder.CompareToBuilderTest" name="testRaggedArray" time="0"/>
  <testcase classname="org.apache.commons.lang3.builder.CompareToBuilderTest" name="testFloat" time="0"/>
  <testcase classname="org.apache.commons.lang3.builder.CompareToBuilderTest" name="testShort" time="0"/>
  <testcase classname="org.apache.commons.lang3.builder.CompareToBuilderTest" name="testByte" time="0"/>
  <testcase classname="org.apache.commons.lang3.builder.CompareToBuilderTest" name="testChar" time="0"/>
  <testcase classname="org.apache.commons.lang3.builder.CompareToBuilderTest" name="testLong" time="0"/>
  <testcase classname="org.apache.commons.lang3.builder.CompareToBuilderTest" name="testReflectionCompare" time="0"/>
  <testcase classname="org.apache.commons.lang3.builder.CompareToBuilderTest" name="testObjectArrayHiddenByObject" time="0"/>
  <testcase classname="org.apache.commons.lang3.builder.CompareToBuilderTest" name="testShortArrayHiddenByObject" time="0"/>
  <testcase classname="org.apache.commons.lang3.builder.CompareToBuilderTest" name="testMultiByteArray" time="0"/>
  <testcase classname="org.apache.commons.lang3.builder.CompareToBuilderTest" name="testMultiBooleanArray" time="0"/>
  <testcase classname="org.apache.commons.lang3.builder.CompareToBuilderTest" name="testReflectionCompareEx1" time="0"/>
  <testcase classname="org.apache.commons.lang3.builder.CompareToBuilderTest" name="testReflectionCompareEx2" time="0"/>
  <testcase classname="org.apache.commons.lang3.builder.CompareToBuilderTest" name="testLongArrayHiddenByObject" time="0"/>
  <testcase classname="org.apache.commons.lang3.builder.CompareToBuilderTest" name="testObjectEx2" time="0"/>
  <testcase classname="org.apache.commons.lang3.builder.CompareToBuilderTest" name="testCharArrayHiddenByObject" time="0"/>
  <testcase classname="org.apache.commons.lang3.builder.CompareToBuilderTest" name="testMultiFloatArray" time="0"/>
  <testcase classname="org.apache.commons.lang3.builder.CompareToBuilderTest" name="testMixedArray" time="0"/>
  <testcase classname="org.apache.commons.lang3.builder.CompareToBuilderTest" name="testReflectionCompareWithCollection" time="0"/>
  <testcase classname="org.apache.commons.lang3.builder.CompareToBuilderTest" name="testBoolean" time="0"/>
  <testcase classname="org.apache.commons.lang3.builder.CompareToBuilderTest" name="testMultiIntArray" time="0"/>
  <testcase classname="org.apache.commons.lang3.builder.CompareToBuilderTest" name="testAppend_Primitives_EdgeCases" time="0"/>
  <testcase classname="org.apache.commons.lang3.builder.CompareToBuilderTest" name="testBooleanArray" time="0"/>
  <testcase classname="org.apache.commons.lang3.builder.CompareToBuilderTest" name="testBooleanArrayHiddenByObject" time="0"/>
  <testcase classname="org.apache.commons.lang3.builder.CompareToBuilderTest" name="testIntArrayHiddenByObject" time="0"/>
  <testcase classname="org.apache.commons.lang3.builder.CompareToBuilderTest" name="testLongArray" time="0"/>
  <testcase classname="org.apache.commons.lang3.builder.CompareToBuilderTest" name="testReflectionHierarchyCompareTransients" time="0">
    <error message="Unable to make field private final byte[] java.lang.String.value accessible: module java.base does not &quot;opens java.lang&quot; to unnamed module @28d25987" type="java.lang.reflect.InaccessibleObjectException">java.lang.reflect.InaccessibleObjectException: Unable to make field private final byte[] java.lang.String.value accessible: module java.base does not &quot;opens java.lang&quot; to unnamed module @28d25987
	at java.base/java.lang.reflect.AccessibleObject.throwInaccessibleObjectException(AccessibleObject.java:353)
	at java.base/java.lang.reflect.AccessibleObject.checkCanSetAccessible(AccessibleObject.java:329)
	at java.base/java.lang.reflect.AccessibleObject.checkCanSetAccessible(AccessibleObject.java:277)
	at java.base/java.lang.reflect.Field.checkCanSetAccessible(Field.java:179)
	at java.base/java.lang.reflect.AccessibleObject.setAccessible(AccessibleObject.java:107)
	at org.apache.commons.lang3.builder.CompareToBuilder.reflectionAppend(CompareToBuilder.java:314)
	at org.apache.commons.lang3.builder.CompareToBuilder.reflectionCompare(CompareToBuilder.java:286)
	at org.apache.commons.lang3.builder.CompareToBuilder.reflectionCompare(CompareToBuilder.java:167)
	at org.apache.commons.lang3.builder.CompareToBuilderTest.reflectionCompareSignum(CompareToBuilderTest.java:277)
	at org.apache.commons.lang3.builder.CompareToBuilderTest.assertReflectionCompareContract(CompareToBuilderTest.java:249)
	at org.apache.commons.lang3.builder.CompareToBuilderTest.testReflectionHierarchyCompare(CompareToBuilderTest.java:226)
	at org.apache.commons.lang3.builder.CompareToBuilderTest.testReflectionHierarchyCompareTransients(CompareToBuilderTest.java:183)
</error>
  </testcase>
  <testcase classname="org.apache.commons.lang3.builder.CompareToBuilderTest" name="testShortArray" time="0"/>
  <testcase classname="org.apache.commons.lang3.builder.CompareToBuilderTest" name="testMultiLongArray" time="0"/>
  <testcase classname="org.apache.commons.lang3.builder.CompareToBuilderTest" name="testFloatArrayHiddenByObject" time="0"/>
  <testcase classname="org.apache.commons.lang3.builder.CompareToBuilderTest" name="testIntArray" time="0"/>
  <testcase classname="org.apache.commons.lang3.builder.CompareToBuilderTest" name="testObjectComparator" time="0"/>
  <testcase classname="org.apache.commons.lang3.builder.CompareToBuilderTest" name="testDouble" time="0"/>
  <testcase classname="org.apache.commons.lang3.builder.CompareToBuilderTest" name="testDoubleArrayHiddenByObject" time="0"/>
  <testcase classname="org.apache.commons.lang3.builder.CompareToBuilderTest" name="testObject" time="0"/>
  <testcase classname="org.apache.commons.lang3.builder.CompareToBuilderTest" name="testMultiDoubleArray" time="0"/>
  <testcase classname="org.apache.commons.lang3.builder.CompareToBuilderTest" name="testAppendSuper" time="0"/>
  <testcase classname="org.apache.commons.lang3.builder.CompareToBuilderTest" name="testAppend_Primitives_EarlyReturn" time="0"/>
  <testcase classname="org.apache.commons.lang3.builder.CompareToBuilderTest" name="testMultiShortArray" time="0"/>
  <testcase classname="org.apache.commons.lang3.builder.CompareToBuilderTest" name="testDoubleArray" time="0"/>
</testsuite>