-------------------------------------------------------------------------------
Test set: org.apache.commons.lang3.SerializationUtilsTest
-------------------------------------------------------------------------------
Tests run: 26, Failures: 0, Errors: 1, Skipped: 0, Time elapsed: 0.012 sec <<< FAILURE!
testClassLoaderAwareObjectInputStreamResolveClass(org.apache.commons.lang3.SerializationUtilsTest)  Time elapsed: 0 sec  <<< ERROR!
java.lang.reflect.InvocationTargetException: null
	at org.apache.commons.lang3.SerializationUtils$ClassLoaderAwareObjectInputStream.resolveClass(SerializationUtils.java:306)
	at java.base/jdk.internal.reflect.DirectMethodHandleAccessor.invoke(DirectMethodHandleAccessor.java:104)
	at java.base/java.lang.reflect.Method.invoke(Method.java:565)
	at org.apache.commons.lang3.SerializationUtilsTest.testClassLoaderAwareObjectInputStreamResolveClass(SerializationUtilsTest.java:453)

