-------------------------------------------------------------------------------
Test set: org.apache.commons.lang3.text.ExtendedMessageFormatTest
-------------------------------------------------------------------------------
Tests run: 31, Failures: 2, Errors: 8, Skipped: 0, Time elapsed: 0.049 sec <<< FAILURE!
testBuiltInDateTimeFormat(org.apache.commons.lang3.text.ExtendedMessageFormatTest)  Time elapsed: 0.01 sec  <<< ERROR!
java.lang.NullPointerException: Cannot invoke "org.apache.commons.lang3.JavaVersion.atLeast(org.apache.commons.lang3.JavaVersion)" because "org.apache.commons.lang3.SystemUtils.JAVA_SPECIFICATION_VERSION_AS_ENUM" is null
	at org.apache.commons.lang3.SystemUtils.isJavaVersionAtLeast(SystemUtils.java:1388)
	at org.apache.commons.lang3.text.ExtendedMessageFormatTest.assertPatternsEqual(ExtendedMessageFormatTest.java:361)
	at org.apache.commons.lang3.text.ExtendedMessageFormatTest.checkBuiltInFormat(ExtendedMessageFormatTest.java:356)
	at org.apache.commons.lang3.text.ExtendedMessageFormatTest.checkBuiltInFormat(ExtendedMessageFormatTest.java:326)
	at org.apache.commons.lang3.text.ExtendedMessageFormatTest.checkBuiltInFormat(ExtendedMessageFormatTest.java:315)
	at org.apache.commons.lang3.text.ExtendedMessageFormatTest.testBuiltInDateTimeFormat(ExtendedMessageFormatTest.java:211)

testOverriddenBuiltinFormat(org.apache.commons.lang3.text.ExtendedMessageFormatTest)  Time elapsed: 0.001 sec  <<< ERROR!
java.lang.NullPointerException: Cannot invoke "org.apache.commons.lang3.JavaVersion.atLeast(org.apache.commons.lang3.JavaVersion)" because "org.apache.commons.lang3.SystemUtils.JAVA_SPECIFICATION_VERSION_AS_ENUM" is null
	at org.apache.commons.lang3.SystemUtils.isJavaVersionAtLeast(SystemUtils.java:1388)
	at org.apache.commons.lang3.text.ExtendedMessageFormatTest.assertPatternsEqual(ExtendedMessageFormatTest.java:361)
	at org.apache.commons.lang3.text.ExtendedMessageFormatTest.checkBuiltInFormat(ExtendedMessageFormatTest.java:356)
	at org.apache.commons.lang3.text.ExtendedMessageFormatTest.checkBuiltInFormat(ExtendedMessageFormatTest.java:326)
	at org.apache.commons.lang3.text.ExtendedMessageFormatTest.testOverriddenBuiltinFormat(ExtendedMessageFormatTest.java:234)

testBuiltInChoiceFormat(org.apache.commons.lang3.text.ExtendedMessageFormatTest)  Time elapsed: 0.009 sec  <<< ERROR!
java.lang.NullPointerException: Cannot invoke "org.apache.commons.lang3.JavaVersion.atLeast(org.apache.commons.lang3.JavaVersion)" because "org.apache.commons.lang3.SystemUtils.JAVA_SPECIFICATION_VERSION_AS_ENUM" is null
	at org.apache.commons.lang3.SystemUtils.isJavaVersionAtLeast(SystemUtils.java:1388)
	at org.apache.commons.lang3.text.ExtendedMessageFormatTest.assertPatternsEqual(ExtendedMessageFormatTest.java:361)
	at org.apache.commons.lang3.text.ExtendedMessageFormatTest.checkBuiltInFormat(ExtendedMessageFormatTest.java:356)
	at org.apache.commons.lang3.text.ExtendedMessageFormatTest.checkBuiltInFormat(ExtendedMessageFormatTest.java:326)
	at org.apache.commons.lang3.text.ExtendedMessageFormatTest.checkBuiltInFormat(ExtendedMessageFormatTest.java:315)
	at org.apache.commons.lang3.text.ExtendedMessageFormatTest.testBuiltInChoiceFormat(ExtendedMessageFormatTest.java:192)

testAppendQuotedString_Comprehensive(org.apache.commons.lang3.text.ExtendedMessageFormatTest)  Time elapsed: 0 sec  <<< FAILURE!
java.lang.AssertionError: Should throw IllegalArgumentException for unterminated quoted string
	at org.junit.Assert.fail(Assert.java:88)
	at org.apache.commons.lang3.text.ExtendedMessageFormatTest.testAppendQuotedString_Comprehensive(ExtendedMessageFormatTest.java:704)

testExtendedFormats(org.apache.commons.lang3.text.ExtendedMessageFormatTest)  Time elapsed: 0 sec  <<< ERROR!
java.lang.NullPointerException: Cannot invoke "org.apache.commons.lang3.JavaVersion.atLeast(org.apache.commons.lang3.JavaVersion)" because "org.apache.commons.lang3.SystemUtils.JAVA_SPECIFICATION_VERSION_AS_ENUM" is null
	at org.apache.commons.lang3.SystemUtils.isJavaVersionAtLeast(SystemUtils.java:1388)
	at org.apache.commons.lang3.text.ExtendedMessageFormatTest.assertPatternsEqual(ExtendedMessageFormatTest.java:361)
	at org.apache.commons.lang3.text.ExtendedMessageFormatTest.testExtendedFormats(ExtendedMessageFormatTest.java:64)

testAppendQuotedStringEdgeCases(org.apache.commons.lang3.text.ExtendedMessageFormatTest)  Time elapsed: 0 sec  <<< FAILURE!
java.lang.AssertionError: Should throw IllegalArgumentException for unterminated quoted string
	at org.junit.Assert.fail(Assert.java:88)
	at org.apache.commons.lang3.text.ExtendedMessageFormatTest.testAppendQuotedStringEdgeCases(ExtendedMessageFormatTest.java:520)

testExtendedAndBuiltInFormats(org.apache.commons.lang3.text.ExtendedMessageFormatTest)  Time elapsed: 0.027 sec  <<< ERROR!
java.lang.NullPointerException: Cannot invoke "org.apache.commons.lang3.JavaVersion.atLeast(org.apache.commons.lang3.JavaVersion)" because "org.apache.commons.lang3.SystemUtils.JAVA_SPECIFICATION_VERSION_AS_ENUM" is null
	at org.apache.commons.lang3.SystemUtils.isJavaVersionAtLeast(SystemUtils.java:1388)
	at org.apache.commons.lang3.text.ExtendedMessageFormatTest.assertPatternsEqual(ExtendedMessageFormatTest.java:361)
	at org.apache.commons.lang3.text.ExtendedMessageFormatTest.testExtendedAndBuiltInFormats(ExtendedMessageFormatTest.java:121)

testBuiltInNumberFormat(org.apache.commons.lang3.text.ExtendedMessageFormatTest)  Time elapsed: 0.001 sec  <<< ERROR!
java.lang.NullPointerException: Cannot invoke "org.apache.commons.lang3.JavaVersion.atLeast(org.apache.commons.lang3.JavaVersion)" because "org.apache.commons.lang3.SystemUtils.JAVA_SPECIFICATION_VERSION_AS_ENUM" is null
	at org.apache.commons.lang3.SystemUtils.isJavaVersionAtLeast(SystemUtils.java:1388)
	at org.apache.commons.lang3.text.ExtendedMessageFormatTest.assertPatternsEqual(ExtendedMessageFormatTest.java:361)
	at org.apache.commons.lang3.text.ExtendedMessageFormatTest.checkBuiltInFormat(ExtendedMessageFormatTest.java:356)
	at org.apache.commons.lang3.text.ExtendedMessageFormatTest.checkBuiltInFormat(ExtendedMessageFormatTest.java:326)
	at org.apache.commons.lang3.text.ExtendedMessageFormatTest.checkBuiltInFormat(ExtendedMessageFormatTest.java:315)
	at org.apache.commons.lang3.text.ExtendedMessageFormatTest.testBuiltInNumberFormat(ExtendedMessageFormatTest.java:258)

testParseFormatDescription_EdgeCases(org.apache.commons.lang3.text.ExtendedMessageFormatTest)  Time elapsed: 0 sec  <<< ERROR!
java.lang.IllegalArgumentException: Unterminated format element at position 3
	at org.apache.commons.lang3.text.ExtendedMessageFormat.parseFormatDescription(ExtendedMessageFormat.java:393)
	at org.apache.commons.lang3.text.ExtendedMessageFormat.applyPattern(ExtendedMessageFormat.java:173)
	at org.apache.commons.lang3.text.ExtendedMessageFormat.<init>(ExtendedMessageFormat.java:128)
	at org.apache.commons.lang3.text.ExtendedMessageFormat.<init>(ExtendedMessageFormat.java:113)
	at org.apache.commons.lang3.text.ExtendedMessageFormatTest.testParseFormatDescription_EdgeCases(ExtendedMessageFormatTest.java:758)

testApplyPattern_ValidationAndErrorPaths(org.apache.commons.lang3.text.ExtendedMessageFormatTest)  Time elapsed: 0 sec  <<< ERROR!
java.lang.IllegalArgumentException: unknown format type: nullformat
	at java.base/java.text.MessageFormat.formatFromPattern(MessageFormat.java:1713)
	at java.base/java.text.MessageFormat.setFormatFromPattern(MessageFormat.java:1679)
	at java.base/java.text.MessageFormat.applyPatternImpl(MessageFormat.java:660)
	at java.base/java.text.MessageFormat.applyPattern(MessageFormat.java:591)
	at org.apache.commons.lang3.text.ExtendedMessageFormat.applyPattern(ExtendedMessageFormat.java:194)
	at org.apache.commons.lang3.text.ExtendedMessageFormat.<init>(ExtendedMessageFormat.java:128)
	at org.apache.commons.lang3.text.ExtendedMessageFormat.<init>(ExtendedMessageFormat.java:113)
	at org.apache.commons.lang3.text.ExtendedMessageFormatTest.testApplyPattern_ValidationAndErrorPaths(ExtendedMessageFormatTest.java:841)

