<?xml version="1.0" encoding="UTF-8" ?>
<testsuite tests="26" failures="0" name="org.apache.commons.lang3.time.FastDateFormat_PrinterTest" time="0.704" errors="1" skipped="0">
  <properties>
    <property name="java.runtime.name" value="OpenJDK Runtime Environment"/>
    <property name="java.vm.version" value="25.0.1"/>
    <property name="sun.boot.library.path" value="/opt/homebrew/Cellar/openjdk/25.0.1/libexec/openjdk.jdk/Contents/Home/lib"/>
    <property name="maven.multiModuleProjectDirectory" value="/Users/jsandoval/Documents/book-of-practice/final_project/se333-final-project"/>
    <property name="java.vm.vendor" value="Homebrew"/>
    <property name="java.vendor.url" value="https://github.com/Homebrew/homebrew-core/issues"/>
    <property name="guice.disable.misplaced.annotation.check" value="true"/>
    <property name="path.separator" value=":"/>
    <property name="java.vm.name" value="OpenJDK 64-Bit Server VM"/>
    <property name="user.country" value="US"/>
    <property name="sun.java.launcher" value="SUN_STANDARD"/>
    <property name="stdin.encoding" value="UTF-8"/>
    <property name="java.vm.specification.name" value="Java Virtual Machine Specification"/>
    <property name="user.dir" value="/Users/jsandoval/Documents/book-of-practice/final_project/se333-final-project"/>
    <property name="java.vm.compressedOopsMode" value="Zero based"/>
    <property name="java.runtime.version" value="25.0.1"/>
    <property name="os.arch" value="aarch64"/>
    <property name="java.io.tmpdir" value="/var/folders/39/8bxp_t4j3d3clpk6k8ccxp_w0000gp/T/"/>
    <property name="line.separator" value="
"/>
    <property name="java.vm.specification.vendor" value="Oracle Corporation"/>
    <property name="stderr.encoding" value="UTF-8"/>
    <property name="os.name" value="Mac OS X"/>
    <property name="classworlds.conf" value="/opt/homebrew/Cellar/maven/3.9.11/libexec/bin/m2.conf"/>
    <property name="sun.jnu.encoding" value="UTF-8"/>
    <property name="stdout.encoding" value="UTF-8"/>
    <property name="java.library.path" value="/Users/jsandoval/Library/Java/Extensions:/Library/Java/Extensions:/Network/Library/Java/Extensions:/System/Library/Java/Extensions:/usr/lib/java:."/>
    <property name="maven.conf" value="/opt/homebrew/Cellar/maven/3.9.11/libexec/conf"/>
    <property name="jdk.debug" value="release"/>
    <property name="java.class.version" value="69.0"/>
    <property name="java.specification.name" value="Java Platform API Specification"/>
    <property name="sun.management.compiler" value="HotSpot 64-Bit Tiered Compilers"/>
    <property name="os.version" value="15.7.2"/>
    <property name="library.jansi.path" value="/opt/homebrew/Cellar/maven/3.9.11/libexec/lib/jansi-native"/>
    <property name="user.home" value="/Users/jsandoval"/>
    <property name="user.timezone" value="America/Chicago"/>
    <property name="testFailureIgnore" value="true"/>
    <property name="file.encoding" value="UTF-8"/>
    <property name="java.specification.version" value="25"/>
    <property name="user.name" value="jsandoval"/>
    <property name="java.class.path" value="/opt/homebrew/Cellar/maven/3.9.11/libexec/boot/plexus-classworlds-2.9.0.jar"/>
    <property name="java.vm.specification.version" value="25"/>
    <property name="sun.arch.data.model" value="64"/>
    <property name="sun.java.command" value="org.codehaus.plexus.classworlds.launcher.Launcher clean test jacoco:report -DtestFailureIgnore=true"/>
    <property name="java.home" value="/opt/homebrew/Cellar/openjdk/25.0.1/libexec/openjdk.jdk/Contents/Home"/>
    <property name="apple.awt.application.name" value="Launcher"/>
    <property name="user.language" value="en"/>
    <property name="java.specification.vendor" value="Oracle Corporation"/>
    <property name="java.vm.info" value="mixed mode, sharing"/>
    <property name="java.version" value="25.0.1"/>
    <property name="native.encoding" value="UTF-8"/>
    <property name="java.vendor" value="Homebrew"/>
    <property name="maven.home" value="/opt/homebrew/Cellar/maven/3.9.11/libexec"/>
    <property name="file.separator" value="/"/>
    <property name="java.version.date" value="2025-10-21"/>
    <property name="java.vendor.url.bug" value="https://github.com/Homebrew/homebrew-core/issues"/>
    <property name="sun.io.unicode.encoding" value="UnicodeBig"/>
    <property name="sun.cpu.endian" value="little"/>
    <property name="java.vendor.version" value="Homebrew"/>
  </properties>
  <testcase classname="org.apache.commons.lang3.time.FastDateFormat_PrinterTest" name="testSimpleDate" time="0.05"/>
  <testcase classname="org.apache.commons.lang3.time.FastDateFormat_PrinterTest" name="testShortDateStyleWithLocales" time="0.033"/>
  <testcase classname="org.apache.commons.lang3.time.FastDateFormat_PrinterTest" name="testMilleniumBug" time="0"/>
  <testcase classname="org.apache.commons.lang3.time.FastDateFormat_PrinterTest" name="testLocaleMatches" time="0"/>
  <testcase classname="org.apache.commons.lang3.time.FastDateFormat_PrinterTest" name="testTwentyFourHourField_AppendTo" time="0.021"/>
  <testcase classname="org.apache.commons.lang3.time.FastDateFormat_PrinterTest" name="testGetMaxLengthEstimate" time="0">
    <error message="class org.apache.commons.lang3.time.FastDateFormat cannot be cast to class org.apache.commons.lang3.time.FastDatePrinter (org.apache.commons.lang3.time.FastDateFormat and org.apache.commons.lang3.time.FastDatePrinter are in unnamed module of loader &apos;app&apos;)" type="java.lang.ClassCastException">java.lang.ClassCastException: class org.apache.commons.lang3.time.FastDateFormat cannot be cast to class org.apache.commons.lang3.time.FastDatePrinter (org.apache.commons.lang3.time.FastDateFormat and org.apache.commons.lang3.time.FastDatePrinter are in unnamed module of loader &apos;app&apos;)
	at org.apache.commons.lang3.time.FastDatePrinterTest.testGetMaxLengthEstimate(FastDatePrinterTest.java:478)
	at java.base/jdk.internal.reflect.DirectMethodHandleAccessor.invoke(DirectMethodHandleAccessor.java:104)
	at java.base/java.lang.reflect.Method.invoke(Method.java:565)
	at org.junit.runners.model.FrameworkMethod$1.runReflectiveCall(FrameworkMethod.java:47)
	at org.junit.internal.runners.model.ReflectiveCallable.run(ReflectiveCallable.java:12)
	at org.junit.runners.model.FrameworkMethod.invokeExplosively(FrameworkMethod.java:44)
	at org.junit.internal.runners.statements.InvokeMethod.evaluate(InvokeMethod.java:17)
	at org.junit.runners.ParentRunner.runLeaf(ParentRunner.java:271)
	at org.junit.runners.BlockJUnit4ClassRunner.runChild(BlockJUnit4ClassRunner.java:70)
	at org.junit.runners.BlockJUnit4ClassRunner.runChild(BlockJUnit4ClassRunner.java:50)
	at org.junit.runners.ParentRunner$3.run(ParentRunner.java:238)
	at org.junit.runners.ParentRunner$1.schedule(ParentRunner.java:63)
	at org.junit.runners.ParentRunner.runChildren(ParentRunner.java:236)
	at org.junit.runners.ParentRunner.access$000(ParentRunner.java:53)
	at org.junit.runners.ParentRunner$2.evaluate(ParentRunner.java:229)
	at org.junit.runners.ParentRunner.run(ParentRunner.java:309)
	at org.apache.maven.surefire.junit4.JUnit4Provider.execute(JUnit4Provider.java:264)
	at org.apache.maven.surefire.junit4.JUnit4Provider.executeTestSet(JUnit4Provider.java:153)
	at org.apache.maven.surefire.junit4.JUnit4Provider.invoke(JUnit4Provider.java:124)
	at java.base/jdk.internal.reflect.DirectMethodHandleAccessor.invoke(DirectMethodHandleAccessor.java:104)
	at java.base/java.lang.reflect.Method.invoke(Method.java:565)
	at org.apache.maven.surefire.util.ReflectionUtils.invokeMethodWithArray2(ReflectionUtils.java:208)
	at org.apache.maven.surefire.booter.ProviderFactory$ProviderProxy.invoke(ProviderFactory.java:158)
	at org.apache.maven.surefire.booter.ProviderFactory.invokeProvider(ProviderFactory.java:86)
	at org.apache.maven.surefire.booter.ForkedBooter.runSuitesInProcess(ForkedBooter.java:153)
	at org.apache.maven.surefire.booter.ForkedBooter.main(ForkedBooter.java:95)
</error>
  </testcase>
  <testcase classname="org.apache.commons.lang3.time.FastDateFormat_PrinterTest" name="testLowYearPadding" time="0"/>
  <testcase classname="org.apache.commons.lang3.time.FastDateFormat_PrinterTest" name="testCalendarTimezoneRespected" time="0"/>
  <testcase classname="org.apache.commons.lang3.time.FastDateFormat_PrinterTest" name="testAppendTo_InnerClasses" time="0"/>
  <testcase classname="org.apache.commons.lang3.time.FastDateFormat_PrinterTest" name="testLang303" time="0.012"/>
  <testcase classname="org.apache.commons.lang3.time.FastDateFormat_PrinterTest" name="testLang538" time="0"/>
  <testcase classname="org.apache.commons.lang3.time.FastDateFormat_PrinterTest" name="testLang645" time="0.03"/>
  <testcase classname="org.apache.commons.lang3.time.FastDateFormat_PrinterTest" name="testToStringContainsName" time="0"/>
  <testcase classname="org.apache.commons.lang3.time.FastDateFormat_PrinterTest" name="testPaddedNumberField_AppendTo_YearPattern" time="0"/>
  <testcase classname="org.apache.commons.lang3.time.FastDateFormat_PrinterTest" name="testTwelveHourField_AppendTo_Int" time="0"/>
  <testcase classname="org.apache.commons.lang3.time.FastDateFormat_PrinterTest" name="testPaddedNumberField_AppendTo_LargeValues" time="0"/>
  <testcase classname="org.apache.commons.lang3.time.FastDateFormat_PrinterTest" name="testPaddedNumberField" time="0.009"/>
  <testcase classname="org.apache.commons.lang3.time.FastDateFormat_PrinterTest" name="testUnpaddedNumberField_AppendTo_Int" time="0"/>
  <testcase classname="org.apache.commons.lang3.time.FastDateFormat_PrinterTest" name="testEquals" time="0"/>
  <testcase classname="org.apache.commons.lang3.time.FastDateFormat_PrinterTest" name="testFormat" time="0.544"/>
  <testcase classname="org.apache.commons.lang3.time.FastDateFormat_PrinterTest" name="testTimeZoneDisplayKeyEquals" time="0.004"/>
  <testcase classname="org.apache.commons.lang3.time.FastDateFormat_PrinterTest" name="testFormat_Object_StringBuffer_FieldPosition" time="0.001"/>
  <testcase classname="org.apache.commons.lang3.time.FastDateFormat_PrinterTest" name="testFormat_Long_StringBuffer" time="0"/>
  <testcase classname="org.apache.commons.lang3.time.FastDateFormat_PrinterTest" name="testTimeZoneMatches" time="0"/>
  <testcase classname="org.apache.commons.lang3.time.FastDateFormat_PrinterTest" name="testPatternMatches" time="0"/>
  <testcase classname="org.apache.commons.lang3.time.FastDateFormat_PrinterTest" name="testTwelveHourField_AppendTo" time="0"/>
</testsuite>