<?xml version="1.0" encoding="UTF-8" ?>
<testsuite tests="4" failures="0" name="org.apache.commons.lang3.builder.HashCodeBuilderAndEqualsBuilderTest" time="0.002" errors="2" skipped="0">
  <properties>
[...]
</properties>
  <testcase classname="org.apache.commons.lang3.builder.HashCodeBuilderAndEqualsBuilderTest" name="testIntegerWithTransients" time="0">
    <error message="Unable to make field static final byte[] java.lang.Integer.digits accessible: module java.base does not &quot;opens java.lang&quot; to unnamed module @28d25987" type="java.lang.reflect.InaccessibleObjectException">java.lang.reflect.InaccessibleObjectException: Unable to make field static final byte[] java.lang.Integer.digits accessible: module java.base does not &quot;opens java.lang&quot; to unnamed module @28d25987
	at java.base/java.lang.reflect.AccessibleObject.throwInaccessibleObjectException(AccessibleObject.java:353)
	at java.base/java.lang.reflect.AccessibleObject.checkCanSetAccessible(AccessibleObject.java:329)
	at java.base/java.lang.reflect.AccessibleObject.checkCanSetAccessible(AccessibleObject.java:277)
	at java.base/java.lang.reflect.Field.checkCanSetAccessible(Field.java:179)
	at java.base/java.lang.reflect.AccessibleObject.setAccessible(AccessibleObject.java:107)
	at org.apache.commons.lang3.builder.EqualsBuilder.reflectionAppend(EqualsBuilder.java:399)
	at org.apache.commons.lang3.builder.EqualsBuilder.reflectionEquals(EqualsBuilder.java:357)
	at org.apache.commons.lang3.builder.EqualsBuilder.reflectionEquals(EqualsBuilder.java:295)
	at org.apache.commons.lang3.builder.HashCodeBuilderAndEqualsBuilderTest.assertEqualsAndHashCodeContract(HashCodeBuilderAndEqualsBuilderTest.java:85)
	at org.apache.commons.lang3.builder.HashCodeBuilderAndEqualsBuilderTest.testInteger(HashCodeBuilderAndEqualsBuilderTest.java:37)
	at org.apache.commons.lang3.builder.HashCodeBuilderAndEqualsBuilderTest.testIntegerWithTransients(HashCodeBuilderAndEqualsBuilderTest.java:47)
</error>
  </testcase>
  <testcase classname="org.apache.commons.lang3.builder.HashCodeBuilderAndEqualsBuilderTest" name="testFixture" time="0.001"/>
  <testcase classname="org.apache.commons.lang3.builder.HashCodeBuilderAndEqualsBuilderTest" name="testFixtureWithTransients" time="0"/>
  <testcase classname="org.apache.commons.lang3.builder.HashCodeBuilderAndEqualsBuilderTest" name="testInteger" time="0.001">
    <error message="Unable to make field static final byte[] java.lang.Integer.digits accessible: module java.base does not &quot;opens java.lang&quot; to unnamed module @28d25987" type="java.lang.reflect.InaccessibleObjectException">java.lang.reflect.InaccessibleObjectException: Unable to make field static final byte[] java.lang.Integer.digits accessible: module java.base does not &quot;opens java.lang&quot; to unnamed module @28d25987
	at java.base/java.lang.reflect.AccessibleObject.throwInaccessibleObjectException(AccessibleObject.java:353)
	at java.base/java.lang.reflect.AccessibleObject.checkCanSetAccessible(AccessibleObject.java:329)
	at java.base/java.lang.reflect.AccessibleObject.checkCanSetAccessible(AccessibleObject.java:277)
	at java.base/java.lang.reflect.Field.checkCanSetAccessible(Field.java:179)
	at java.base/java.lang.reflect.AccessibleObject.setAccessible(AccessibleObject.java:107)
	at org.apache.commons.lang3.builder.EqualsBuilder.reflectionAppend(EqualsBuilder.java:399)
	at org.apache.commons.lang3.builder.EqualsBuilder.reflectionEquals(EqualsBuilder.java:357)
	at org.apache.commons.lang3.builder.EqualsBuilder.reflectionEquals(EqualsBuilder.java:295)
	at org.apache.commons.lang3.builder.HashCodeBuilderAndEqualsBuilderTest.assertEqualsAndHashCodeContract(HashCodeBuilderAndEqualsBuilderTest.java:85)
	at org.apache.commons.lang3.builder.HashCodeBuilderAndEqualsBuilderTest.testInteger(HashCodeBuilderAndEqualsBuilderTest.java:37)
	at org.apache.commons.lang3.builder.HashCodeBuilderAndEqualsBuilderTest.testInteger(HashCodeBuilderAndEqualsBuilderTest.java:42)
</error>
  </testcase>
</testsuite>