<?xml version="1.0" encoding="UTF-8" ?>
<testsuite tests="36" failures="0" name="org.apache.commons.lang3.ObjectUtilsTest" time="0.003" errors="0" skipped="0">
  <properties>
[...]
</properties>
  <testcase classname="org.apache.commons.lang3.ObjectUtilsTest" name="testNotEqual" time="0"/>
  <testcase classname="org.apache.commons.lang3.ObjectUtilsTest" name="testIdentityToStringStrBuilder" time="0"/>
  <testcase classname="org.apache.commons.lang3.ObjectUtilsTest" name="testComparatorMedian" time="0"/>
  <testcase classname="org.apache.commons.lang3.ObjectUtilsTest" name="testHashCodeMulti_multiple_nullArray" time="0.001"/>
  <testcase classname="org.apache.commons.lang3.ObjectUtilsTest" name="testToString_Object" time="0"/>
  <testcase classname="org.apache.commons.lang3.ObjectUtilsTest" name="testMax" time="0"/>
  <testcase classname="org.apache.commons.lang3.ObjectUtilsTest" name="testMin" time="0"/>
  <testcase classname="org.apache.commons.lang3.ObjectUtilsTest" name="testIdentityToStringStringBuilder" time="0"/>
  <testcase classname="org.apache.commons.lang3.ObjectUtilsTest" name="testFirstNonNull" time="0"/>
  <testcase classname="org.apache.commons.lang3.ObjectUtilsTest" name="testMode" time="0"/>
  <testcase classname="org.apache.commons.lang3.ObjectUtilsTest" name="testNull" time="0"/>
  <testcase classname="org.apache.commons.lang3.ObjectUtilsTest" name="testIdentityToStringStringBuffer" time="0"/>
  <testcase classname="org.apache.commons.lang3.ObjectUtilsTest" name="testCloneOfStringArray" time="0"/>
  <testcase classname="org.apache.commons.lang3.ObjectUtilsTest" name="testComparatorMedian_emptyItems" time="0"/>
  <testcase classname="org.apache.commons.lang3.ObjectUtilsTest" name="testCloneOfPrimitiveArray" time="0"/>
  <testcase classname="org.apache.commons.lang3.ObjectUtilsTest" name="testComparatorMedian_nullComparator" time="0"/>
  <testcase classname="org.apache.commons.lang3.ObjectUtilsTest" name="testCloneOfCloneable" time="0.001"/>
  <testcase classname="org.apache.commons.lang3.ObjectUtilsTest" name="testPossibleCloneOfCloneable" time="0"/>
  <testcase classname="org.apache.commons.lang3.ObjectUtilsTest" name="testHashCodeMulti_multiple_emptyArray" time="0"/>
  <testcase classname="org.apache.commons.lang3.ObjectUtilsTest" name="testPossibleCloneOfUncloneable" time="0"/>
  <testcase classname="org.apache.commons.lang3.ObjectUtilsTest" name="testConstMethods" time="0"/>
  <testcase classname="org.apache.commons.lang3.ObjectUtilsTest" name="testCloneOfNotCloneable" time="0"/>
  <testcase classname="org.apache.commons.lang3.ObjectUtilsTest" name="testHashCodeMulti_multiple_likeList" time="0"/>
  <testcase classname="org.apache.commons.lang3.ObjectUtilsTest" name="testMedian_nullItems" time="0"/>
  <testcase classname="org.apache.commons.lang3.ObjectUtilsTest" name="testToString_ObjectString" time="0"/>
  <testcase classname="org.apache.commons.lang3.ObjectUtilsTest" name="testCloneOfUncloneable" time="0"/>
  <testcase classname="org.apache.commons.lang3.ObjectUtilsTest" name="testPossibleCloneOfNotCloneable" time="0"/>
  <testcase classname="org.apache.commons.lang3.ObjectUtilsTest" name="testCompare" time="0"/>
  <testcase classname="org.apache.commons.lang3.ObjectUtilsTest" name="testComparatorMedian_nullItems" time="0"/>
  <testcase classname="org.apache.commons.lang3.ObjectUtilsTest" name="testHashCode" time="0"/>
  <testcase classname="org.apache.commons.lang3.ObjectUtilsTest" name="testMedian_emptyItems" time="0"/>
  <testcase classname="org.apache.commons.lang3.ObjectUtilsTest" name="testEquals" time="0"/>
  <testcase classname="org.apache.commons.lang3.ObjectUtilsTest" name="testIsNull" time="0"/>
  <testcase classname="org.apache.commons.lang3.ObjectUtilsTest" name="testMedian" time="0.001"/>
  <testcase classname="org.apache.commons.lang3.ObjectUtilsTest" name="testIdentityToStringAppendable" time="0"/>
  <testcase classname="org.apache.commons.lang3.ObjectUtilsTest" name="testConstructor" time="0"/>
</testsuite>