<?xml version="1.0" encoding="UTF-8" ?>
<testsuite tests="13" failures="0" name="org.apache.commons.lang3.reflect.MethodUtilsTest" time="0.003" errors="1" skipped="0">
  <properties>
[...]
</properties>
  <testcase classname="org.apache.commons.lang3.reflect.MethodUtilsTest" name="testGetAccessibleInterfaceMethod" time="0"/>
  <testcase classname="org.apache.commons.lang3.reflect.MethodUtilsTest" name="testGetAccessibleInterfaceMethodFromDescription" time="0"/>
  <testcase classname="org.apache.commons.lang3.reflect.MethodUtilsTest" name="testInvokeStaticMethod" time="0"/>
  <testcase classname="org.apache.commons.lang3.reflect.MethodUtilsTest" name="testGetAccessiblePublicMethod" time="0"/>
  <testcase classname="org.apache.commons.lang3.reflect.MethodUtilsTest" name="testNullArgument" time="0"/>
  <testcase classname="org.apache.commons.lang3.reflect.MethodUtilsTest" name="testGetAccessibleMethodPrivateInterface" time="0.001"/>
  <testcase classname="org.apache.commons.lang3.reflect.MethodUtilsTest" name="testGetAccessibleMethodInaccessible" time="0"/>
  <testcase classname="org.apache.commons.lang3.reflect.MethodUtilsTest" name="testGetMatchingAccessibleMethod" time="0.001">
    <error message="Cannot invoke &quot;org.apache.commons.lang3.JavaVersion.atLeast(org.apache.commons.lang3.JavaVersion)&quot; because &quot;org.apache.commons.lang3.SystemUtils.JAVA_SPECIFICATION_VERSION_AS_ENUM&quot; is null" type="java.lang.NullPointerException">java.lang.NullPointerException: Cannot invoke &quot;org.apache.commons.lang3.JavaVersion.atLeast(org.apache.commons.lang3.JavaVersion)&quot; because &quot;org.apache.commons.lang3.SystemUtils.JAVA_SPECIFICATION_VERSION_AS_ENUM&quot; is null
	at org.apache.commons.lang3.SystemUtils.isJavaVersionAtLeast(SystemUtils.java:1388)
	at org.apache.commons.lang3.ClassUtils.isAssignable(ClassUtils.java:586)
	at org.apache.commons.lang3.reflect.MemberUtils.getObjectTransformationCost(MemberUtils.java:137)
	at org.apache.commons.lang3.reflect.MemberUtils.getTotalTransformationCost(MemberUtils.java:118)
	at org.apache.commons.lang3.reflect.MemberUtils.compareParameterTypes(MemberUtils.java:101)
	at org.apache.commons.lang3.reflect.MethodUtils.getMatchingAccessibleMethod(MethodUtils.java:508)
	at org.apache.commons.lang3.reflect.MethodUtilsTest.expectMatchingAccessibleMethodParameterTypes(MethodUtilsTest.java:382)
	at org.apache.commons.lang3.reflect.MethodUtilsTest.testGetMatchingAccessibleMethod(MethodUtilsTest.java:370)
</error>
  </testcase>
  <testcase classname="org.apache.commons.lang3.reflect.MethodUtilsTest" name="testInvokeExactMethod" time="0"/>
  <testcase classname="org.apache.commons.lang3.reflect.MethodUtilsTest" name="testInvokeMethod" time="0"/>
  <testcase classname="org.apache.commons.lang3.reflect.MethodUtilsTest" name="testInvokeExactStaticMethod" time="0.001"/>
  <testcase classname="org.apache.commons.lang3.reflect.MethodUtilsTest" name="testGetAccessiblePublicMethodFromDescription" time="0"/>
  <testcase classname="org.apache.commons.lang3.reflect.MethodUtilsTest" name="testConstructor" time="0"/>
</testsuite>