<?xml version="1.0" encoding="UTF-8" ?>
<testsuite tests="31" failures="2" name="org.apache.commons.lang3.text.ExtendedMessageFormatTest" time="0.235" errors="8" skipped="0">
  <properties>
    <property name="java.runtime.name" value="OpenJDK Runtime Environment"/>
    <property name="java.vm.version" value="25.0.1"/>
    <property name="sun.boot.library.path" value="/opt/homebrew/Cellar/openjdk/25.0.1/libexec/openjdk.jdk/Contents/Home/lib"/>
    <property name="maven.multiModuleProjectDirectory" value="/Users/jsandoval/Documents/book-of-practice/final_project/se333-final-project"/>
    <property name="java.vm.vendor" value="Homebrew"/>
    <property name="java.vendor.url" value="https://github.com/Homebrew/homebrew-core/issues"/>
    <property name="guice.disable.misplaced.annotation.check" value="true"/>
    <property name="path.separator" value=":"/>
    <property name="java.vm.name" value="OpenJDK 64-Bit Server VM"/>
    <property name="user.country" value="US"/>
    <property name="sun.java.launcher" value="SUN_STANDARD"/>
    <property name="stdin.encoding" value="UTF-8"/>
    <property name="java.vm.specification.name" value="Java Virtual Machine Specification"/>
    <property name="user.dir" value="/Users/jsandoval/Documents/book-of-practice/final_project/se333-final-project"/>
    <property name="java.vm.compressedOopsMode" value="Zero based"/>
    <property name="java.runtime.version" value="25.0.1"/>
    <property name="os.arch" value="aarch64"/>
    <property name="java.io.tmpdir" value="/var/folders/39/8bxp_t4j3d3clpk6k8ccxp_w0000gp/T/"/>
    <property name="line.separator" value="
"/>
    <property name="java.vm.specification.vendor" value="Oracle Corporation"/>
    <property name="stderr.encoding" value="UTF-8"/>
    <property name="os.name" value="Mac OS X"/>
    <property name="classworlds.conf" value="/opt/homebrew/Cellar/maven/3.9.11/libexec/bin/m2.conf"/>
    <property name="sun.jnu.encoding" value="UTF-8"/>
    <property name="stdout.encoding" value="UTF-8"/>
    <property name="java.library.path" value="/Users/jsandoval/Library/Java/Extensions:/Library/Java/Extensions:/Network/Library/Java/Extensions:/System/Library/Java/Extensions:/usr/lib/java:."/>
    <property name="maven.conf" value="/opt/homebrew/Cellar/maven/3.9.11/libexec/conf"/>
    <property name="jdk.debug" value="release"/>
    <property name="java.class.version" value="69.0"/>
    <property name="java.specification.name" value="Java Platform API Specification"/>
    <property name="sun.management.compiler" value="HotSpot 64-Bit Tiered Compilers"/>
    <property name="os.version" value="15.7.2"/>
    <property name="library.jansi.path" value="/opt/homebrew/Cellar/maven/3.9.11/libexec/lib/jansi-native"/>
    <property name="user.home" value="/Users/jsandoval"/>
    <property name="user.timezone" value="America/Chicago"/>
    <property name="testFailureIgnore" value="true"/>
    <property name="file.encoding" value="UTF-8"/>
    <property name="java.specification.version" value="25"/>
    <property name="user.name" value="jsandoval"/>
    <property name="java.class.path" value="/opt/homebrew/Cellar/maven/3.9.11/libexec/boot/plexus-classworlds-2.9.0.jar"/>
    <property name="java.vm.specification.version" value="25"/>
    <property name="sun.arch.data.model" value="64"/>
    <property name="sun.java.command" value="org.codehaus.plexus.classworlds.launcher.Launcher clean test jacoco:report -DtestFailureIgnore=true"/>
    <property name="java.home" value="/opt/homebrew/Cellar/openjdk/25.0.1/libexec/openjdk.jdk/Contents/Home"/>
    <property name="apple.awt.application.name" value="Launcher"/>
    <property name="user.language" value="en"/>
    <property name="java.specification.vendor" value="Oracle Corporation"/>
    <property name="java.vm.info" value="mixed mode, sharing"/>
    <property name="java.version" value="25.0.1"/>
    <property name="native.encoding" value="UTF-8"/>
    <property name="java.vendor" value="Homebrew"/>
    <property name="maven.home" value="/opt/homebrew/Cellar/maven/3.9.11/libexec"/>
    <property name="file.separator" value="/"/>
    <property name="java.version.date" value="2025-10-21"/>
    <property name="java.vendor.url.bug" value="https://github.com/Homebrew/homebrew-core/issues"/>
    <property name="sun.io.unicode.encoding" value="UnicodeBig"/>
    <property name="sun.cpu.endian" value="little"/>
    <property name="java.vendor.version" value="Homebrew"/>
  </properties>
  <testcase classname="org.apache.commons.lang3.text.ExtendedMessageFormatTest" name="testAppendQuotedString_ContinuePath" time="0"/>
  <testcase classname="org.apache.commons.lang3.text.ExtendedMessageFormatTest" name="testBuiltInDateTimeFormat" time="0.051">
    <error message="Cannot invoke &quot;org.apache.commons.lang3.JavaVersion.atLeast(org.apache.commons.lang3.JavaVersion)&quot; because &quot;org.apache.commons.lang3.SystemUtils.JAVA_SPECIFICATION_VERSION_AS_ENUM&quot; is null" type="java.lang.NullPointerException">java.lang.NullPointerException: Cannot invoke &quot;org.apache.commons.lang3.JavaVersion.atLeast(org.apache.commons.lang3.JavaVersion)&quot; because &quot;org.apache.commons.lang3.SystemUtils.JAVA_SPECIFICATION_VERSION_AS_ENUM&quot; is null
	at org.apache.commons.lang3.SystemUtils.isJavaVersionAtLeast(SystemUtils.java:1388)
	at org.apache.commons.lang3.text.ExtendedMessageFormatTest.assertPatternsEqual(ExtendedMessageFormatTest.java:361)
	at org.apache.commons.lang3.text.ExtendedMessageFormatTest.checkBuiltInFormat(ExtendedMessageFormatTest.java:356)
	at org.apache.commons.lang3.text.ExtendedMessageFormatTest.checkBuiltInFormat(ExtendedMessageFormatTest.java:326)
	at org.apache.commons.lang3.text.ExtendedMessageFormatTest.checkBuiltInFormat(ExtendedMessageFormatTest.java:315)
	at org.apache.commons.lang3.text.ExtendedMessageFormatTest.testBuiltInDateTimeFormat(ExtendedMessageFormatTest.java:211)
</error>
  </testcase>
  <testcase classname="org.apache.commons.lang3.text.ExtendedMessageFormatTest" name="testApplyPattern_DefaultCase" time="0"/>
  <testcase classname="org.apache.commons.lang3.text.ExtendedMessageFormatTest" name="testEqualsHashcode" time="0"/>
  <testcase classname="org.apache.commons.lang3.text.ExtendedMessageFormatTest" name="testReadArgumentIndexEdgeCases" time="0"/>
  <testcase classname="org.apache.commons.lang3.text.ExtendedMessageFormatTest" name="testOverriddenBuiltinFormat" time="0">
    <error message="Cannot invoke &quot;org.apache.commons.lang3.JavaVersion.atLeast(org.apache.commons.lang3.JavaVersion)&quot; because &quot;org.apache.commons.lang3.SystemUtils.JAVA_SPECIFICATION_VERSION_AS_ENUM&quot; is null" type="java.lang.NullPointerException">java.lang.NullPointerException: Cannot invoke &quot;org.apache.commons.lang3.JavaVersion.atLeast(org.apache.commons.lang3.JavaVersion)&quot; because &quot;org.apache.commons.lang3.SystemUtils.JAVA_SPECIFICATION_VERSION_AS_ENUM&quot; is null
	at org.apache.commons.lang3.SystemUtils.isJavaVersionAtLeast(SystemUtils.java:1388)
	at org.apache.commons.lang3.text.ExtendedMessageFormatTest.assertPatternsEqual(ExtendedMessageFormatTest.java:361)
	at org.apache.commons.lang3.text.ExtendedMessageFormatTest.checkBuiltInFormat(ExtendedMessageFormatTest.java:356)
	at org.apache.commons.lang3.text.ExtendedMessageFormatTest.checkBuiltInFormat(ExtendedMessageFormatTest.java:326)
	at org.apache.commons.lang3.text.ExtendedMessageFormatTest.testOverriddenBuiltinFormat(ExtendedMessageFormatTest.java:234)
</error>
  </testcase>
  <testcase classname="org.apache.commons.lang3.text.ExtendedMessageFormatTest" name="testEquals_WithNullRegistry" time="0"/>
  <testcase classname="org.apache.commons.lang3.text.ExtendedMessageFormatTest" name="testEquals_Comprehensive" time="0"/>
  <testcase classname="org.apache.commons.lang3.text.ExtendedMessageFormatTest" name="testBuiltInChoiceFormat" time="0.027">
    <error message="Cannot invoke &quot;org.apache.commons.lang3.JavaVersion.atLeast(org.apache.commons.lang3.JavaVersion)&quot; because &quot;org.apache.commons.lang3.SystemUtils.JAVA_SPECIFICATION_VERSION_AS_ENUM&quot; is null" type="java.lang.NullPointerException">java.lang.NullPointerException: Cannot invoke &quot;org.apache.commons.lang3.JavaVersion.atLeast(org.apache.commons.lang3.JavaVersion)&quot; because &quot;org.apache.commons.lang3.SystemUtils.JAVA_SPECIFICATION_VERSION_AS_ENUM&quot; is null
	at org.apache.commons.lang3.SystemUtils.isJavaVersionAtLeast(SystemUtils.java:1388)
	at org.apache.commons.lang3.text.ExtendedMessageFormatTest.assertPatternsEqual(ExtendedMessageFormatTest.java:361)
	at org.apache.commons.lang3.text.ExtendedMessageFormatTest.checkBuiltInFormat(ExtendedMessageFormatTest.java:356)
	at org.apache.commons.lang3.text.ExtendedMessageFormatTest.checkBuiltInFormat(ExtendedMessageFormatTest.java:326)
	at org.apache.commons.lang3.text.ExtendedMessageFormatTest.checkBuiltInFormat(ExtendedMessageFormatTest.java:315)
	at org.apache.commons.lang3.text.ExtendedMessageFormatTest.testBuiltInChoiceFormat(ExtendedMessageFormatTest.java:192)
</error>
  </testcase>
  <testcase classname="org.apache.commons.lang3.text.ExtendedMessageFormatTest" name="testAppendQuotedString_WithEscaping" time="0"/>
  <testcase classname="org.apache.commons.lang3.text.ExtendedMessageFormatTest" name="testAppendQuotedString_Comprehensive" time="0.001">
    <failure message="Should throw IllegalArgumentException for unterminated quoted string" type="java.lang.AssertionError">java.lang.AssertionError: Should throw IllegalArgumentException for unterminated quoted string
	at org.junit.Assert.fail(Assert.java:88)
	at org.apache.commons.lang3.text.ExtendedMessageFormatTest.testAppendQuotedString_Comprehensive(ExtendedMessageFormatTest.java:704)
</failure>
  </testcase>
  <testcase classname="org.apache.commons.lang3.text.ExtendedMessageFormatTest" name="testApplyPattern_EdgeCases" time="0"/>
  <testcase classname="org.apache.commons.lang3.text.ExtendedMessageFormatTest" name="testParseFormatDescription_Unterminated" time="0"/>
  <testcase classname="org.apache.commons.lang3.text.ExtendedMessageFormatTest" name="testReadArgumentIndex_NumberFormatException" time="0"/>
  <testcase classname="org.apache.commons.lang3.text.ExtendedMessageFormatTest" name="testEscapedQuote_LANG_477" time="0"/>
  <testcase classname="org.apache.commons.lang3.text.ExtendedMessageFormatTest" name="testEqualsWithNullPattern" time="0"/>
  <testcase classname="org.apache.commons.lang3.text.ExtendedMessageFormatTest" name="testReadArgumentIndex_WhitespaceError" time="0"/>
  <testcase classname="org.apache.commons.lang3.text.ExtendedMessageFormatTest" name="testExtendedFormats" time="0">
    <error message="Cannot invoke &quot;org.apache.commons.lang3.JavaVersion.atLeast(org.apache.commons.lang3.JavaVersion)&quot; because &quot;org.apache.commons.lang3.SystemUtils.JAVA_SPECIFICATION_VERSION_AS_ENUM&quot; is null" type="java.lang.NullPointerException">java.lang.NullPointerException: Cannot invoke &quot;org.apache.commons.lang3.JavaVersion.atLeast(org.apache.commons.lang3.JavaVersion)&quot; because &quot;org.apache.commons.lang3.SystemUtils.JAVA_SPECIFICATION_VERSION_AS_ENUM&quot; is null
	at org.apache.commons.lang3.SystemUtils.isJavaVersionAtLeast(SystemUtils.java:1388)
	at org.apache.commons.lang3.text.ExtendedMessageFormatTest.assertPatternsEqual(ExtendedMessageFormatTest.java:361)
	at org.apache.commons.lang3.text.ExtendedMessageFormatTest.testExtendedFormats(ExtendedMessageFormatTest.java:64)
</error>
  </testcase>
  <testcase classname="org.apache.commons.lang3.text.ExtendedMessageFormatTest" name="testGetQuotedString" time="0.004"/>
  <testcase classname="org.apache.commons.lang3.text.ExtendedMessageFormatTest" name="testAppendQuotedStringEdgeCases" time="0">
    <failure message="Should throw IllegalArgumentException for unterminated quoted string" type="java.lang.AssertionError">java.lang.AssertionError: Should throw IllegalArgumentException for unterminated quoted string
	at org.junit.Assert.fail(Assert.java:88)
	at org.apache.commons.lang3.text.ExtendedMessageFormatTest.testAppendQuotedStringEdgeCases(ExtendedMessageFormatTest.java:520)
</failure>
  </testcase>
  <testcase classname="org.apache.commons.lang3.text.ExtendedMessageFormatTest" name="testUnsupportedOperationExceptions" time="0.001"/>
  <testcase classname="org.apache.commons.lang3.text.ExtendedMessageFormatTest" name="testExtendedAndBuiltInFormats" time="0.15">
    <error message="Cannot invoke &quot;org.apache.commons.lang3.JavaVersion.atLeast(org.apache.commons.lang3.JavaVersion)&quot; because &quot;org.apache.commons.lang3.SystemUtils.JAVA_SPECIFICATION_VERSION_AS_ENUM&quot; is null" type="java.lang.NullPointerException">java.lang.NullPointerException: Cannot invoke &quot;org.apache.commons.lang3.JavaVersion.atLeast(org.apache.commons.lang3.JavaVersion)&quot; because &quot;org.apache.commons.lang3.SystemUtils.JAVA_SPECIFICATION_VERSION_AS_ENUM&quot; is null
	at org.apache.commons.lang3.SystemUtils.isJavaVersionAtLeast(SystemUtils.java:1388)
	at org.apache.commons.lang3.text.ExtendedMessageFormatTest.assertPatternsEqual(ExtendedMessageFormatTest.java:361)
	at org.apache.commons.lang3.text.ExtendedMessageFormatTest.testExtendedAndBuiltInFormats(ExtendedMessageFormatTest.java:121)
</error>
  </testcase>
  <testcase classname="org.apache.commons.lang3.text.ExtendedMessageFormatTest" name="testEqualsWithNullRegistry" time="0"/>
  <testcase classname="org.apache.commons.lang3.text.ExtendedMessageFormatTest" name="testEqualsWithDifferentClass" time="0"/>
  <testcase classname="org.apache.commons.lang3.text.ExtendedMessageFormatTest" name="testBuiltInNumberFormat" time="0">
    <error message="Cannot invoke &quot;org.apache.commons.lang3.JavaVersion.atLeast(org.apache.commons.lang3.JavaVersion)&quot; because &quot;org.apache.commons.lang3.SystemUtils.JAVA_SPECIFICATION_VERSION_AS_ENUM&quot; is null" type="java.lang.NullPointerException">java.lang.NullPointerException: Cannot invoke &quot;org.apache.commons.lang3.JavaVersion.atLeast(org.apache.commons.lang3.JavaVersion)&quot; because &quot;org.apache.commons.lang3.SystemUtils.JAVA_SPECIFICATION_VERSION_AS_ENUM&quot; is null
	at org.apache.commons.lang3.SystemUtils.isJavaVersionAtLeast(SystemUtils.java:1388)
	at org.apache.commons.lang3.text.ExtendedMessageFormatTest.assertPatternsEqual(ExtendedMessageFormatTest.java:361)
	at org.apache.commons.lang3.text.ExtendedMessageFormatTest.checkBuiltInFormat(ExtendedMessageFormatTest.java:356)
	at org.apache.commons.lang3.text.ExtendedMessageFormatTest.checkBuiltInFormat(ExtendedMessageFormatTest.java:326)
	at org.apache.commons.lang3.text.ExtendedMessageFormatTest.checkBuiltInFormat(ExtendedMessageFormatTest.java:315)
	at org.apache.commons.lang3.text.ExtendedMessageFormatTest.testBuiltInNumberFormat(ExtendedMessageFormatTest.java:258)
</error>
  </testcase>
  <testcase classname="org.apache.commons.lang3.text.ExtendedMessageFormatTest" name="testEquals_WithNullPattern" time="0"/>
  <testcase classname="org.apache.commons.lang3.text.ExtendedMessageFormatTest" name="testParseFormatDescription_EdgeCases" time="0">
    <error message="Unterminated format element at position 3" type="java.lang.IllegalArgumentException">java.lang.IllegalArgumentException: Unterminated format element at position 3
	at org.apache.commons.lang3.text.ExtendedMessageFormat.parseFormatDescription(ExtendedMessageFormat.java:393)
	at org.apache.commons.lang3.text.ExtendedMessageFormat.applyPattern(ExtendedMessageFormat.java:173)
	at org.apache.commons.lang3.text.ExtendedMessageFormat.&lt;init&gt;(ExtendedMessageFormat.java:128)
	at org.apache.commons.lang3.text.ExtendedMessageFormat.&lt;init&gt;(ExtendedMessageFormat.java:113)
	at org.apache.commons.lang3.text.ExtendedMessageFormatTest.testParseFormatDescription_EdgeCases(ExtendedMessageFormatTest.java:758)
</error>
  </testcase>
  <testcase classname="org.apache.commons.lang3.text.ExtendedMessageFormatTest" name="testAppendQuotedString_WithNullAppendTo" time="0"/>
  <testcase classname="org.apache.commons.lang3.text.ExtendedMessageFormatTest" name="testParseFormatDescriptionWithNestedBraces" time="0"/>
  <testcase classname="org.apache.commons.lang3.text.ExtendedMessageFormatTest" name="testApplyPattern_ValidationAndErrorPaths" time="0.001">
    <error message="unknown format type: nullformat" type="java.lang.IllegalArgumentException">java.lang.IllegalArgumentException: unknown format type: nullformat
	at java.base/java.text.MessageFormat.formatFromPattern(MessageFormat.java:1713)
	at java.base/java.text.MessageFormat.setFormatFromPattern(MessageFormat.java:1679)
	at java.base/java.text.MessageFormat.applyPatternImpl(MessageFormat.java:660)
	at java.base/java.text.MessageFormat.applyPattern(MessageFormat.java:591)
	at org.apache.commons.lang3.text.ExtendedMessageFormat.applyPattern(ExtendedMessageFormat.java:194)
	at org.apache.commons.lang3.text.ExtendedMessageFormat.&lt;init&gt;(ExtendedMessageFormat.java:128)
	at org.apache.commons.lang3.text.ExtendedMessageFormat.&lt;init&gt;(ExtendedMessageFormat.java:113)
	at org.apache.commons.lang3.text.ExtendedMessageFormatTest.testApplyPattern_ValidationAndErrorPaths(ExtendedMessageFormatTest.java:841)
</error>
  </testcase>
  <testcase classname="org.apache.commons.lang3.text.ExtendedMessageFormatTest" name="testEqualsWithNull" time="0"/>
</testsuite>