<?xml version="1.0" encoding="UTF-8" ?>
<testsuite tests="44" failures="0" name="org.apache.commons.lang3.builder.HashCodeBuilderTest" time="0.012" errors="0" skipped="0">
  <properties>
[...]
</properties>
  <testcase classname="org.apache.commons.lang3.builder.HashCodeBuilderTest" name="testCharArray" time="0.001"/>
  <testcase classname="org.apache.commons.lang3.builder.HashCodeBuilderTest" name="testObjectArray" time="0"/>
  <testcase classname="org.apache.commons.lang3.builder.HashCodeBuilderTest" name="testObjectBuild" time="0"/>
  <testcase classname="org.apache.commons.lang3.builder.HashCodeBuilderTest" name="testCharArrayAsObject" time="0.001"/>
  <testcase classname="org.apache.commons.lang3.builder.HashCodeBuilderTest" name="testFloatArray" time="0"/>
  <testcase classname="org.apache.commons.lang3.builder.HashCodeBuilderTest" name="testInt" time="0"/>
  <testcase classname="org.apache.commons.lang3.builder.HashCodeBuilderTest" name="testByteArray" time="0"/>
  <testcase classname="org.apache.commons.lang3.builder.HashCodeBuilderTest" name="testFloat" time="0"/>
  <testcase classname="org.apache.commons.lang3.builder.HashCodeBuilderTest" name="testShort" time="0"/>
  <testcase classname="org.apache.commons.lang3.builder.HashCodeBuilderTest" name="testSuper" time="0.001"/>
  <testcase classname="org.apache.commons.lang3.builder.HashCodeBuilderTest" name="testReflectionHashCodeWithInitialAndMultiplier" time="0.002"/>
  <testcase classname="org.apache.commons.lang3.builder.HashCodeBuilderTest" name="testByte" time="0.001"/>
  <testcase classname="org.apache.commons.lang3.builder.HashCodeBuilderTest" name="testChar" time="0"/>
  <testcase classname="org.apache.commons.lang3.builder.HashCodeBuilderTest" name="testLong" time="0"/>
  <testcase classname="org.apache.commons.lang3.builder.HashCodeBuilderTest" name="testFloatArrayAsObject" time="0"/>
  <testcase classname="org.apache.commons.lang3.builder.HashCodeBuilderTest" name="testIntArrayAsObject" time="0"/>
  <testcase classname="org.apache.commons.lang3.builder.HashCodeBuilderTest" name="testReflectionHashCodeEx1" time="0"/>
  <testcase classname="org.apache.commons.lang3.builder.HashCodeBuilderTest" name="testReflectionHashCodeEx2" time="0"/>
  <testcase classname="org.apache.commons.lang3.builder.HashCodeBuilderTest" name="testReflectionHashCodeEx3" time="0"/>
  <testcase classname="org.apache.commons.lang3.builder.HashCodeBuilderTest" name="testBoolean" time="0"/>
  <testcase classname="org.apache.commons.lang3.builder.HashCodeBuilderTest" name="testBooleanArray" time="0"/>
  <testcase classname="org.apache.commons.lang3.builder.HashCodeBuilderTest" name="testDoubleArrayAsObject" time="0"/>
  <testcase classname="org.apache.commons.lang3.builder.HashCodeBuilderTest" name="testReflectionHierarchyHashCodeEx1" time="0"/>
  <testcase classname="org.apache.commons.lang3.builder.HashCodeBuilderTest" name="testReflectionHierarchyHashCodeEx2" time="0"/>
  <testcase classname="org.apache.commons.lang3.builder.HashCodeBuilderTest" name="testConstructorEx1" time="0"/>
  <testcase classname="org.apache.commons.lang3.builder.HashCodeBuilderTest" name="testConstructorEx2" time="0.001"/>
  <testcase classname="org.apache.commons.lang3.builder.HashCodeBuilderTest" name="testReflectionObjectCycle" time="0.001"/>
  <testcase classname="org.apache.commons.lang3.builder.HashCodeBuilderTest" name="testReflectionHierarchyHashCode" time="0"/>
  <testcase classname="org.apache.commons.lang3.builder.HashCodeBuilderTest" name="testObjectArrayAsObject" time="0"/>
  <testcase classname="org.apache.commons.lang3.builder.HashCodeBuilderTest" name="testBooleanMultiArray" time="0"/>
  <testcase classname="org.apache.commons.lang3.builder.HashCodeBuilderTest" name="testLongArray" time="0"/>
  <testcase classname="org.apache.commons.lang3.builder.HashCodeBuilderTest" name="testShortArray" time="0.001"/>
  <testcase classname="org.apache.commons.lang3.builder.HashCodeBuilderTest" name="testIntArray" time="0"/>
  <testcase classname="org.apache.commons.lang3.builder.HashCodeBuilderTest" name="testDouble" time="0"/>
  <testcase classname="org.apache.commons.lang3.builder.HashCodeBuilderTest" name="testToHashCodeEqualsHashCode" time="0"/>
  <testcase classname="org.apache.commons.lang3.builder.HashCodeBuilderTest" name="testReflectionHashCode" time="0"/>
  <testcase classname="org.apache.commons.lang3.builder.HashCodeBuilderTest" name="testObject" time="0"/>
  <testcase classname="org.apache.commons.lang3.builder.HashCodeBuilderTest" name="testLongArrayAsObject" time="0"/>
  <testcase classname="org.apache.commons.lang3.builder.HashCodeBuilderTest" name="testByteArrayAsObject" time="0"/>
  <testcase classname="org.apache.commons.lang3.builder.HashCodeBuilderTest" name="testReflectionHashCodeExcludeFields" time="0.001"/>
  <testcase classname="org.apache.commons.lang3.builder.HashCodeBuilderTest" name="testShortArrayAsObject" time="0"/>
  <testcase classname="org.apache.commons.lang3.builder.HashCodeBuilderTest" name="testDoubleArray" time="0"/>
  <testcase classname="org.apache.commons.lang3.builder.HashCodeBuilderTest" name="testBooleanArrayAsObject" time="0"/>
  <testcase classname="org.apache.commons.lang3.builder.HashCodeBuilderTest" name="testReflectionHashCodeWithCollection" time="0.002"/>
</testsuite>