<?xml version="1.0" encoding="UTF-8" ?>
<testsuite tests="24" failures="0" name="org.apache.commons.lang3.RangeTest" time="0.001" errors="0" skipped="0">
  <properties>
[...]
</properties>
  <testcase classname="org.apache.commons.lang3.RangeTest" name="testIsWithCompare" time="0"/>
  <testcase classname="org.apache.commons.lang3.RangeTest" name="testSerializing" time="0"/>
  <testcase classname="org.apache.commons.lang3.RangeTest" name="testIsOverlappedBy" time="0"/>
  <testcase classname="org.apache.commons.lang3.RangeTest" name="testIsStartedBy" time="0"/>
  <testcase classname="org.apache.commons.lang3.RangeTest" name="testIsEndedBy" time="0"/>
  <testcase classname="org.apache.commons.lang3.RangeTest" name="testRangeOfChars" time="0"/>
  <testcase classname="org.apache.commons.lang3.RangeTest" name="testToString" time="0"/>
  <testcase classname="org.apache.commons.lang3.RangeTest" name="testIsBeforeRange" time="0"/>
  <testcase classname="org.apache.commons.lang3.RangeTest" name="testIntersectionWith" time="0"/>
  <testcase classname="org.apache.commons.lang3.RangeTest" name="testEqualsObject" time="0"/>
  <testcase classname="org.apache.commons.lang3.RangeTest" name="testBetweenWithCompare" time="0.001"/>
  <testcase classname="org.apache.commons.lang3.RangeTest" name="testContainsRange" time="0"/>
  <testcase classname="org.apache.commons.lang3.RangeTest" name="testIsBefore" time="0"/>
  <testcase classname="org.apache.commons.lang3.RangeTest" name="testContains" time="0"/>
  <testcase classname="org.apache.commons.lang3.RangeTest" name="testIntersectionWithNull" time="0"/>
  <testcase classname="org.apache.commons.lang3.RangeTest" name="testIsAfterRange" time="0"/>
  <testcase classname="org.apache.commons.lang3.RangeTest" name="testElementCompareTo" time="0"/>
  <testcase classname="org.apache.commons.lang3.RangeTest" name="testHashCode" time="0"/>
  <testcase classname="org.apache.commons.lang3.RangeTest" name="testGetMaximum" time="0"/>
  <testcase classname="org.apache.commons.lang3.RangeTest" name="testComparableConstructors" time="0"/>
  <testcase classname="org.apache.commons.lang3.RangeTest" name="testGetMinimum" time="0"/>
  <testcase classname="org.apache.commons.lang3.RangeTest" name="testIntersectionWithNonOverlapping" time="0"/>
  <testcase classname="org.apache.commons.lang3.RangeTest" name="testIsAfter" time="0"/>
  <testcase classname="org.apache.commons.lang3.RangeTest" name="testToStringFormat" time="0"/>
</testsuite>