<?xml version="1.0" encoding="UTF-8" ?>
<testsuite tests="24" failures="6" name="org.apache.commons.lang3.AnnotationUtilsTest" time="0.016" errors="4" skipped="0">
  <properties>
[...]
</properties>
  <testcase classname="org.apache.commons.lang3.AnnotationUtilsTest" name="testHashCode_ExceptionPaths" time="0.006"/>
  <testcase classname="org.apache.commons.lang3.AnnotationUtilsTest" name="testHashCode_WithException" time="0.002">
    <failure message="Should wrap Exception" type="java.lang.AssertionError">java.lang.AssertionError: Should wrap Exception
	at org.junit.Assert.fail(Assert.java:88)
	at org.junit.Assert.assertTrue(Assert.java:41)
	at org.apache.commons.lang3.AnnotationUtilsTest.testHashCode_WithException(AnnotationUtilsTest.java:686)
</failure>
  </testcase>
  <testcase classname="org.apache.commons.lang3.AnnotationUtilsTest" name="testOneArgNull" time="0"/>
  <testcase classname="org.apache.commons.lang3.AnnotationUtilsTest" name="testToString_ExceptionPaths" time="0.003"/>
  <testcase classname="org.apache.commons.lang3.AnnotationUtilsTest" name="testToString" time="0.001"/>
  <testcase classname="org.apache.commons.lang3.AnnotationUtilsTest" name="testSameInstance" time="0"/>
  <testcase classname="org.apache.commons.lang3.AnnotationUtilsTest" name="testEquals_WithIllegalAccessException" time="0">
    <failure message="Different annotations should not be equal" type="java.lang.AssertionError">java.lang.AssertionError: Different annotations should not be equal
	at org.junit.Assert.fail(Assert.java:88)
	at org.junit.Assert.assertTrue(Assert.java:41)
	at org.junit.Assert.assertFalse(Assert.java:64)
	at org.apache.commons.lang3.AnnotationUtilsTest.testEquals_WithIllegalAccessException(AnnotationUtilsTest.java:698)
</failure>
  </testcase>
  <testcase classname="org.apache.commons.lang3.AnnotationUtilsTest" name="testEquivalence" time="0"/>
  <testcase classname="org.apache.commons.lang3.AnnotationUtilsTest" name="testEquals_WithInvocationTargetException" time="0.001">
    <error message="object of type jdk.proxy2.$Proxy11 is not an instance of org.junit.Test" type="java.lang.IllegalArgumentException">java.lang.IllegalArgumentException: object of type jdk.proxy2.$Proxy11 is not an instance of org.junit.Test
	at java.base/jdk.internal.reflect.DirectMethodHandleAccessor.checkReceiver(DirectMethodHandleAccessor.java:199)
	at java.base/jdk.internal.reflect.DirectMethodHandleAccessor.invoke(DirectMethodHandleAccessor.java:100)
	at java.base/java.lang.reflect.Method.invoke(Method.java:565)
	at org.apache.commons.lang3.AnnotationUtils.equals(AnnotationUtils.java:140)
	at org.apache.commons.lang3.AnnotationUtilsTest.testEquals_WithInvocationTargetException(AnnotationUtilsTest.java:757)
</error>
  </testcase>
  <testcase classname="org.apache.commons.lang3.AnnotationUtilsTest" name="testToString_WithException" time="0.001">
    <failure message="expected:&lt;[Test exception]&gt; but was:&lt;[Cannot invoke &quot;java.lang.Integer.intValue()&quot; because the return value of &quot;java.lang.reflect.InvocationHandler.invoke(Object, java.lang.reflect.Method, Object[])&quot; is null]&gt;" type="org.junit.ComparisonFailure">org.junit.ComparisonFailure: expected:&lt;[Test exception]&gt; but was:&lt;[Cannot invoke &quot;java.lang.Integer.intValue()&quot; because the return value of &quot;java.lang.reflect.InvocationHandler.invoke(Object, java.lang.reflect.Method, Object[])&quot; is null]&gt;
	at org.junit.Assert.assertEquals(Assert.java:115)
	at org.junit.Assert.assertEquals(Assert.java:144)
	at org.apache.commons.lang3.AnnotationUtilsTest.testToString_WithException(AnnotationUtilsTest.java:605)
</failure>
  </testcase>
  <testcase classname="org.apache.commons.lang3.AnnotationUtilsTest" name="testAnnotationsOfDifferingTypes" time="0"/>
  <testcase classname="org.apache.commons.lang3.AnnotationUtilsTest" name="testEquals_ExceptionPaths" time="0">
    <failure message="Different annotations should not be equal" type="java.lang.AssertionError">java.lang.AssertionError: Different annotations should not be equal
	at org.junit.Assert.fail(Assert.java:88)
	at org.junit.Assert.assertTrue(Assert.java:41)
	at org.junit.Assert.assertFalse(Assert.java:64)
	at org.apache.commons.lang3.AnnotationUtilsTest.testEquals_ExceptionPaths(AnnotationUtilsTest.java:828)
</failure>
  </testcase>
  <testcase classname="org.apache.commons.lang3.AnnotationUtilsTest" name="testIsValidAnnotationMemberType_EdgeCases" time="0">
    <failure message="String[][] should be valid" type="java.lang.AssertionError">java.lang.AssertionError: String[][] should be valid
	at org.junit.Assert.fail(Assert.java:88)
	at org.junit.Assert.assertTrue(Assert.java:41)
	at org.apache.commons.lang3.AnnotationUtilsTest.testIsValidAnnotationMemberType_EdgeCases(AnnotationUtilsTest.java:788)
</failure>
  </testcase>
  <testcase classname="org.apache.commons.lang3.AnnotationUtilsTest" name="testHashCode" time="0.001"/>
  <testcase classname="org.apache.commons.lang3.AnnotationUtilsTest" name="testGeneratedAnnotationEquivalentToRealAnnotation" time="0"/>
  <testcase classname="org.apache.commons.lang3.AnnotationUtilsTest" name="testHashCode_WithNullReturn" time="0">
    <error message="object of type jdk.proxy2.$Proxy11 is not an instance of org.junit.Test" type="java.lang.IllegalArgumentException">java.lang.IllegalArgumentException: object of type jdk.proxy2.$Proxy11 is not an instance of org.junit.Test
	at java.base/jdk.internal.reflect.DirectMethodHandleAccessor.checkReceiver(DirectMethodHandleAccessor.java:199)
	at java.base/jdk.internal.reflect.DirectMethodHandleAccessor.invoke(DirectMethodHandleAccessor.java:100)
	at java.base/java.lang.reflect.Method.invoke(Method.java:565)
	at org.apache.commons.lang3.AnnotationUtils.hashCode(AnnotationUtils.java:172)
	at org.apache.commons.lang3.AnnotationUtilsTest.testHashCode_WithNullReturn(AnnotationUtilsTest.java:643)
</error>
  </testcase>
  <testcase classname="org.apache.commons.lang3.AnnotationUtilsTest" name="testToString_EdgeCases" time="0">
    <error message="object of type jdk.proxy2.$Proxy11 is not an instance of org.junit.Test" type="java.lang.IllegalArgumentException">java.lang.IllegalArgumentException: object of type jdk.proxy2.$Proxy11 is not an instance of org.junit.Test
	at java.base/jdk.internal.reflect.DirectMethodHandleAccessor.checkReceiver(DirectMethodHandleAccessor.java:199)
	at java.base/jdk.internal.reflect.DirectMethodHandleAccessor.invoke(DirectMethodHandleAccessor.java:100)
	at java.base/java.lang.reflect.Method.invoke(Method.java:565)
	at org.apache.commons.lang3.AnnotationUtils.toString(AnnotationUtils.java:202)
	at org.apache.commons.lang3.AnnotationUtilsTest.testToString_EdgeCases(AnnotationUtilsTest.java:565)
</error>
  </testcase>
  <testcase classname="org.apache.commons.lang3.AnnotationUtilsTest" name="testHashCode_EdgeCases" time="0.001">
    <error message="Cannot invoke &quot;java.lang.annotation.Annotation.annotationType()&quot; because &quot;a&quot; is null" type="java.lang.NullPointerException">java.lang.NullPointerException: Cannot invoke &quot;java.lang.annotation.Annotation.annotationType()&quot; because &quot;a&quot; is null
	at org.apache.commons.lang3.AnnotationUtils.hashCode(AnnotationUtils.java:169)
	at org.apache.commons.lang3.AnnotationUtilsTest.testHashCode_EdgeCases(AnnotationUtilsTest.java:520)
</error>
  </testcase>
  <testcase classname="org.apache.commons.lang3.AnnotationUtilsTest" name="testAnnotationArrayMemberEquals_EdgeCases" time="0"/>
  <testcase classname="org.apache.commons.lang3.AnnotationUtilsTest" name="testBothArgsNull" time="0"/>
  <testcase classname="org.apache.commons.lang3.AnnotationUtilsTest" name="testNonEquivalentAnnotationsOfSameType" time="0"/>
  <testcase classname="org.apache.commons.lang3.AnnotationUtilsTest" name="testIsValidAnnotationMemberType" time="0"/>
  <testcase classname="org.apache.commons.lang3.AnnotationUtilsTest" name="testMemberEquals_EdgeCases" time="0">
    <failure message="Different annotations should not be equal" type="java.lang.AssertionError">java.lang.AssertionError: Different annotations should not be equal
	at org.junit.Assert.fail(Assert.java:88)
	at org.junit.Assert.assertTrue(Assert.java:41)
	at org.junit.Assert.assertFalse(Assert.java:64)
	at org.apache.commons.lang3.AnnotationUtilsTest.testMemberEquals_EdgeCases(AnnotationUtilsTest.java:807)
</failure>
  </testcase>
  <testcase classname="org.apache.commons.lang3.AnnotationUtilsTest" name="testConstructor" time="0"/>
</testsuite>