<?xml version="1.0" encoding="UTF-8" ?>
<testsuite tests="45" failures="0" name="org.apache.commons.lang3.time.FastDateParserTest" time="41.643" errors="1" skipped="0">
  <properties>
    <property name="java.runtime.name" value="OpenJDK Runtime Environment"/>
    <property name="java.vm.version" value="25+36-3489"/>
    <property name="sun.boot.library.path" value="/Users/evo/Library/Java/JavaVirtualMachines/openjdk-25/Contents/Home/lib"/>
    <property name="maven.multiModuleProjectDirectory" value="/Users/evo/Documents/DePaul/2025/Autumn25/SE333/final_project/se333-final-project"/>
    <property name="java.vm.vendor" value="Oracle Corporation"/>
    <property name="java.vendor.url" value="https://java.oracle.com/"/>
    <property name="guice.disable.misplaced.annotation.check" value="true"/>
    <property name="path.separator" value=":"/>
    <property name="java.vm.name" value="OpenJDK 64-Bit Server VM"/>
    <property name="user.country" value="US"/>
    <property name="sun.java.launcher" value="SUN_STANDARD"/>
    <property name="stdin.encoding" value="UTF-8"/>
    <property name="java.vm.specification.name" value="Java Virtual Machine Specification"/>
    <property name="user.dir" value="/Users/evo/Documents/DePaul/2025/Autumn25/SE333/final_project/se333-final-project"/>
    <property name="java.vm.compressedOopsMode" value="Zero based"/>
    <property name="java.runtime.version" value="25+36-3489"/>
    <property name="os.arch" value="aarch64"/>
    <property name="java.io.tmpdir" value="/var/folders/kc/0_5b0sfj3y9btj59nly49bvw0000gn/T/"/>
    <property name="line.separator" value="
"/>
    <property name="java.vm.specification.vendor" value="Oracle Corporation"/>
    <property name="stderr.encoding" value="UTF-8"/>
    <property name="os.name" value="Mac OS X"/>
    <property name="classworlds.conf" value="/opt/homebrew/Cellar/maven/3.9.11/libexec/bin/m2.conf"/>
    <property name="sun.jnu.encoding" value="UTF-8"/>
    <property name="stdout.encoding" value="UTF-8"/>
    <property name="java.library.path" value="/Users/evo/Library/Java/Extensions:/Library/Java/Extensions:/Network/Library/Java/Extensions:/System/Library/Java/Extensions:/usr/lib/java:."/>
    <property name="maven.conf" value="/opt/homebrew/Cellar/maven/3.9.11/libexec/conf"/>
    <property name="jdk.debug" value="release"/>
    <property name="java.class.version" value="69.0"/>
    <property name="java.specification.name" value="Java Platform API Specification"/>
    <property name="sun.management.compiler" value="HotSpot 64-Bit Tiered Compilers"/>
    <property name="skipTests" value="false"/>
    <property name="os.version" value="15.6.1"/>
    <property name="library.jansi.path" value="/opt/homebrew/Cellar/maven/3.9.11/libexec/lib/jansi-native"/>
    <property name="user.home" value="/Users/evo"/>
    <property name="user.timezone" value="America/Chicago"/>
    <property name="file.encoding" value="UTF-8"/>
    <property name="java.specification.version" value="25"/>
    <property name="user.name" value="evo"/>
    <property name="java.class.path" value="/opt/homebrew/Cellar/maven/3.9.11/libexec/boot/plexus-classworlds-2.9.0.jar"/>
    <property name="java.vm.specification.version" value="25"/>
    <property name="sun.arch.data.model" value="64"/>
    <property name="sun.java.command" value="org.codehaus.plexus.classworlds.launcher.Launcher -DskipTests=false clean test"/>
    <property name="java.home" value="/Users/evo/Library/Java/JavaVirtualMachines/openjdk-25/Contents/Home"/>
    <property name="apple.awt.application.name" value="Launcher"/>
    <property name="user.language" value="en"/>
    <property name="java.specification.vendor" value="Oracle Corporation"/>
    <property name="java.vm.info" value="mixed mode, sharing"/>
    <property name="java.version" value="25"/>
    <property name="native.encoding" value="UTF-8"/>
    <property name="java.vendor" value="Oracle Corporation"/>
    <property name="maven.home" value="/opt/homebrew/Cellar/maven/3.9.11/libexec"/>
    <property name="file.separator" value="/"/>
    <property name="java.version.date" value="2025-09-16"/>
    <property name="java.vendor.url.bug" value="https://bugreport.java.com/bugreport/"/>
    <property name="sun.io.unicode.encoding" value="UnicodeBig"/>
    <property name="sun.cpu.endian" value="little"/>
  </properties>
  <testcase classname="org.apache.commons.lang3.time.FastDateParserTest" name="testSpecialCharacters" time="0"/>
  <testcase classname="org.apache.commons.lang3.time.FastDateParserTest" name="testTextStrategy_SetCalendar" time="0"/>
  <testcase classname="org.apache.commons.lang3.time.FastDateParserTest" name="testCopyQuotedStrategySetCalendar" time="0.001"/>
  <testcase classname="org.apache.commons.lang3.time.FastDateParserTest" name="testShortDateStyleWithLocales" time="0"/>
  <testcase classname="org.apache.commons.lang3.time.FastDateParserTest" name="testMilleniumBug" time="0"/>
  <testcase classname="org.apache.commons.lang3.time.FastDateParserTest" name="testLocaleMatches" time="0.025"/>
  <testcase classname="org.apache.commons.lang3.time.FastDateParserTest" name="testEquals_WithDifferentLocales" time="0.002"/>
  <testcase classname="org.apache.commons.lang3.time.FastDateParserTest" name="testGetParsePattern" time="0"/>
  <testcase classname="org.apache.commons.lang3.time.FastDateParserTest" name="testDayOf" time="0"/>
  <testcase classname="org.apache.commons.lang3.time.FastDateParserTest" name="testParseZone" time="0"/>
  <testcase classname="org.apache.commons.lang3.time.FastDateParserTest" name="testAmPm" time="0"/>
  <testcase classname="org.apache.commons.lang3.time.FastDateParserTest" name="testLowYearPadding" time="0"/>
  <testcase classname="org.apache.commons.lang3.time.FastDateParserTest" name="testLocales_Long_AD" time="40.78"/>
  <testcase classname="org.apache.commons.lang3.time.FastDateParserTest" name="testLocales_Long_BC" time="0.091"/>
  <testcase classname="org.apache.commons.lang3.time.FastDateParserTest" name="testTextStrategy_AddRegex" time="0.001"/>
  <testcase classname="org.apache.commons.lang3.time.FastDateParserTest" name="testParseNumerics" time="0"/>
  <testcase classname="org.apache.commons.lang3.time.FastDateParserTest" name="testTextStrategy_SetCalendar_InvalidValue" time="0">
    <error message="Unparseable date: &quot;InvalidMonth&quot; does not match (\QSeptember\E|\QDecember\E|\QFebruary\E|\QNovember\E|\QJanuary\E|\QOctober\E|\QAugust\E|\QApril\E|\QMarch\E|\QJuly\E|\QJune\E|\QApr\E|\QAug\E|\QDec\E|\QFeb\E|\QJan\E|\QJul\E|\QJun\E|\QMar\E|\QMay\E|\QNov\E|\QOct\E|\QSep\E)" type="java.text.ParseException">java.text.ParseException: Unparseable date: &quot;InvalidMonth&quot; does not match (\QSeptember\E|\QDecember\E|\QFebruary\E|\QNovember\E|\QJanuary\E|\QOctober\E|\QAugust\E|\QApril\E|\QMarch\E|\QJuly\E|\QJune\E|\QApr\E|\QAug\E|\QDec\E|\QFeb\E|\QJan\E|\QJul\E|\QJun\E|\QMar\E|\QMay\E|\QNov\E|\QOct\E|\QSep\E)
	at org.apache.commons.lang3.time.FastDateParser.parse(FastDateParser.java:254)
	at org.apache.commons.lang3.time.FastDateParserTest.testTextStrategy_SetCalendar_InvalidValue(FastDateParserTest.java:948)
</error>
  </testcase>
  <testcase classname="org.apache.commons.lang3.time.FastDateParserTest" name="testLang303" time="0"/>
  <testcase classname="org.apache.commons.lang3.time.FastDateParserTest" name="testLang538" time="0"/>
  <testcase classname="org.apache.commons.lang3.time.FastDateParserTest" name="testGetLocaleSpecificStrategy" time="0"/>
  <testcase classname="org.apache.commons.lang3.time.FastDateParserTest" name="testToStringContainsName" time="0"/>
  <testcase classname="org.apache.commons.lang3.time.FastDateParserTest" name="testJapaneseImperialLocale_ExceptionPath" time="0"/>
  <testcase classname="org.apache.commons.lang3.time.FastDateParserTest" name="testLANG_831" time="0.001"/>
  <testcase classname="org.apache.commons.lang3.time.FastDateParserTest" name="testLANG_832" time="0"/>
  <testcase classname="org.apache.commons.lang3.time.FastDateParserTest" name="test_Equality_Hash" time="0"/>
  <testcase classname="org.apache.commons.lang3.time.FastDateParserTest" name="testLocales_ShortNoEra_AD" time="0.093"/>
  <testcase classname="org.apache.commons.lang3.time.FastDateParserTest" name="testLocales_ShortNoEra_BC" time="0.097"/>
  <testcase classname="org.apache.commons.lang3.time.FastDateParserTest" name="testAdjustYear_EdgeCases" time="0"/>
  <testcase classname="org.apache.commons.lang3.time.FastDateParserTest" name="testParseLongShort" time="0"/>
  <testcase classname="org.apache.commons.lang3.time.FastDateParserTest" name="testGetLocaleSpecificStrategy_CacheRaceCondition" time="0"/>
  <testcase classname="org.apache.commons.lang3.time.FastDateParserTest" name="testEscapeRegex_EdgeCases" time="0"/>
  <testcase classname="org.apache.commons.lang3.time.FastDateParserTest" name="testTextStrategy_SetCalendar_MoreExceptionPaths" time="0"/>
  <testcase classname="org.apache.commons.lang3.time.FastDateParserTest" name="testGetLocaleSpecificStrategy_CachePath" time="0"/>
  <testcase classname="org.apache.commons.lang3.time.FastDateParserTest" name="testLocales_LongNoEra_AD" time="0.116"/>
  <testcase classname="org.apache.commons.lang3.time.FastDateParserTest" name="testLocales_LongNoEra_BC" time="0.095"/>
  <testcase classname="org.apache.commons.lang3.time.FastDateParserTest" name="testLocales_Short_AD" time="0.099"/>
  <testcase classname="org.apache.commons.lang3.time.FastDateParserTest" name="testLocales_Short_BC" time="0.091"/>
  <testcase classname="org.apache.commons.lang3.time.FastDateParserTest" name="testParseObject_String" time="0.001"/>
  <testcase classname="org.apache.commons.lang3.time.FastDateParserTest" name="testParse_String_AllPaths" time="0"/>
  <testcase classname="org.apache.commons.lang3.time.FastDateParserTest" name="testTimeZoneStrategy_SetCalendar_ExceptionPaths" time="0"/>
  <testcase classname="org.apache.commons.lang3.time.FastDateParserTest" name="testEquals" time="0"/>
  <testcase classname="org.apache.commons.lang3.time.FastDateParserTest" name="testParses" time="0.15"/>
  <testcase classname="org.apache.commons.lang3.time.FastDateParserTest" name="testQuotes" time="0"/>
  <testcase classname="org.apache.commons.lang3.time.FastDateParserTest" name="testTimeZoneMatches" time="0"/>
  <testcase classname="org.apache.commons.lang3.time.FastDateParserTest" name="testPatternMatches" time="0"/>
</testsuite>