<?xml version="1.0" encoding="UTF-8" ?>
<testsuite tests="11" failures="0" name="org.apache.commons.lang3.reflect.TypeUtilsTest" time="0.01" errors="6" skipped="0">
  <properties>
    <property name="java.runtime.name" value="OpenJDK Runtime Environment"/>
    <property name="java.vm.version" value="25+36-3489"/>
    <property name="sun.boot.library.path" value="/Users/evo/Library/Java/JavaVirtualMachines/openjdk-25/Contents/Home/lib"/>
    <property name="maven.multiModuleProjectDirectory" value="/Users/evo/Documents/DePaul/2025/Autumn25/SE333/final_project/codebase"/>
    <property name="java.vm.vendor" value="Oracle Corporation"/>
    <property name="java.vendor.url" value="https://java.oracle.com/"/>
    <property name="guice.disable.misplaced.annotation.check" value="true"/>
    <property name="path.separator" value=":"/>
    <property name="java.vm.name" value="OpenJDK 64-Bit Server VM"/>
    <property name="user.country" value="US"/>
    <property name="sun.java.launcher" value="SUN_STANDARD"/>
    <property name="stdin.encoding" value="UTF-8"/>
    <property name="java.vm.specification.name" value="Java Virtual Machine Specification"/>
    <property name="user.dir" value="/Users/evo/Documents/DePaul/2025/Autumn25/SE333/final_project/codebase"/>
    <property name="java.vm.compressedOopsMode" value="Zero based"/>
    <property name="java.runtime.version" value="25+36-3489"/>
    <property name="os.arch" value="aarch64"/>
    <property name="java.io.tmpdir" value="/var/folders/kc/0_5b0sfj3y9btj59nly49bvw0000gn/T/"/>
    <property name="line.separator" value="
"/>
    <property name="java.vm.specification.vendor" value="Oracle Corporation"/>
    <property name="stderr.encoding" value="UTF-8"/>
    <property name="os.name" value="Mac OS X"/>
    <property name="classworlds.conf" value="/opt/homebrew/Cellar/maven/3.9.11/libexec/bin/m2.conf"/>
    <property name="sun.jnu.encoding" value="UTF-8"/>
    <property name="stdout.encoding" value="UTF-8"/>
    <property name="java.library.path" value="/Users/evo/Library/Java/Extensions:/Library/Java/Extensions:/Network/Library/Java/Extensions:/System/Library/Java/Extensions:/usr/lib/java:."/>
    <property name="maven.conf" value="/opt/homebrew/Cellar/maven/3.9.11/libexec/conf"/>
    <property name="jdk.debug" value="release"/>
    <property name="java.class.version" value="69.0"/>
    <property name="java.specification.name" value="Java Platform API Specification"/>
    <property name="sun.management.compiler" value="HotSpot 64-Bit Tiered Compilers"/>
    <property name="os.version" value="15.6.1"/>
    <property name="library.jansi.path" value="/opt/homebrew/Cellar/maven/3.9.11/libexec/lib/jansi-native"/>
    <property name="user.home" value="/Users/evo"/>
    <property name="user.timezone" value="America/Chicago"/>
    <property name="file.encoding" value="UTF-8"/>
    <property name="java.specification.version" value="25"/>
    <property name="user.name" value="evo"/>
    <property name="java.class.path" value="/opt/homebrew/Cellar/maven/3.9.11/libexec/boot/plexus-classworlds-2.9.0.jar"/>
    <property name="java.vm.specification.version" value="25"/>
    <property name="sun.arch.data.model" value="64"/>
    <property name="sun.java.command" value="org.codehaus.plexus.classworlds.launcher.Launcher clean test jacoco:report"/>
    <property name="java.home" value="/Users/evo/Library/Java/JavaVirtualMachines/openjdk-25/Contents/Home"/>
    <property name="apple.awt.application.name" value="Launcher"/>
    <property name="user.language" value="en"/>
    <property name="java.specification.vendor" value="Oracle Corporation"/>
    <property name="java.vm.info" value="mixed mode, sharing"/>
    <property name="java.version" value="25"/>
    <property name="native.encoding" value="UTF-8"/>
    <property name="java.vendor" value="Oracle Corporation"/>
    <property name="maven.home" value="/opt/homebrew/Cellar/maven/3.9.11/libexec"/>
    <property name="file.separator" value="/"/>
    <property name="java.version.date" value="2025-09-16"/>
    <property name="java.vendor.url.bug" value="https://bugreport.java.com/bugreport/"/>
    <property name="sun.io.unicode.encoding" value="UnicodeBig"/>
    <property name="sun.cpu.endian" value="little"/>
  </properties>
  <testcase classname="org.apache.commons.lang3.reflect.TypeUtilsTest" name="testGetTypeArguments" time="0.002">
    <error message="Cannot invoke &quot;org.apache.commons.lang3.JavaVersion.atLeast(org.apache.commons.lang3.JavaVersion)&quot; because &quot;org.apache.commons.lang3.SystemUtils.JAVA_SPECIFICATION_VERSION_AS_ENUM&quot; is null" type="java.lang.NullPointerException">java.lang.NullPointerException: Cannot invoke &quot;org.apache.commons.lang3.JavaVersion.atLeast(org.apache.commons.lang3.JavaVersion)&quot; because &quot;org.apache.commons.lang3.SystemUtils.JAVA_SPECIFICATION_VERSION_AS_ENUM&quot; is null
	at org.apache.commons.lang3.SystemUtils.isJavaVersionAtLeast(SystemUtils.java:1388)
	at org.apache.commons.lang3.ClassUtils.isAssignable(ClassUtils.java:586)
	at org.apache.commons.lang3.reflect.TypeUtils.isAssignable(TypeUtils.java:131)
	at org.apache.commons.lang3.reflect.TypeUtils.getTypeArguments(TypeUtils.java:653)
	at org.apache.commons.lang3.reflect.TypeUtils.getTypeArguments(TypeUtils.java:548)
	at org.apache.commons.lang3.reflect.TypeUtils.getTypeArguments(TypeUtils.java:534)
	at org.apache.commons.lang3.reflect.TypeUtilsTest.testGetTypeArguments(TypeUtilsTest.java:477)
</error>
  </testcase>
  <testcase classname="org.apache.commons.lang3.reflect.TypeUtilsTest" name="testIsInstance" time="0">
    <error message="Cannot invoke &quot;org.apache.commons.lang3.JavaVersion.atLeast(org.apache.commons.lang3.JavaVersion)&quot; because &quot;org.apache.commons.lang3.SystemUtils.JAVA_SPECIFICATION_VERSION_AS_ENUM&quot; is null" type="java.lang.NullPointerException">java.lang.NullPointerException: Cannot invoke &quot;org.apache.commons.lang3.JavaVersion.atLeast(org.apache.commons.lang3.JavaVersion)&quot; because &quot;org.apache.commons.lang3.SystemUtils.JAVA_SPECIFICATION_VERSION_AS_ENUM&quot; is null
	at org.apache.commons.lang3.SystemUtils.isJavaVersionAtLeast(SystemUtils.java:1388)
	at org.apache.commons.lang3.ClassUtils.isAssignable(ClassUtils.java:586)
	at org.apache.commons.lang3.reflect.TypeUtils.isAssignable(TypeUtils.java:131)
	at org.apache.commons.lang3.reflect.TypeUtils.getTypeArguments(TypeUtils.java:653)
	at org.apache.commons.lang3.reflect.TypeUtils.getTypeArguments(TypeUtils.java:548)
	at org.apache.commons.lang3.reflect.TypeUtils.isAssignable(TypeUtils.java:200)
	at org.apache.commons.lang3.reflect.TypeUtils.isAssignable(TypeUtils.java:84)
	at org.apache.commons.lang3.reflect.TypeUtils.isInstance(TypeUtils.java:851)
	at org.apache.commons.lang3.reflect.TypeUtilsTest.testIsInstance(TypeUtilsTest.java:466)
</error>
  </testcase>
  <testcase classname="org.apache.commons.lang3.reflect.TypeUtilsTest" name="testLang820" time="0"/>
  <testcase classname="org.apache.commons.lang3.reflect.TypeUtilsTest" name="testIsAssignable" time="0.007">
    <error message="Cannot invoke &quot;org.apache.commons.lang3.JavaVersion.atLeast(org.apache.commons.lang3.JavaVersion)&quot; because &quot;org.apache.commons.lang3.SystemUtils.JAVA_SPECIFICATION_VERSION_AS_ENUM&quot; is null" type="java.lang.NullPointerException">java.lang.NullPointerException: Cannot invoke &quot;org.apache.commons.lang3.JavaVersion.atLeast(org.apache.commons.lang3.JavaVersion)&quot; because &quot;org.apache.commons.lang3.SystemUtils.JAVA_SPECIFICATION_VERSION_AS_ENUM&quot; is null
	at org.apache.commons.lang3.SystemUtils.isJavaVersionAtLeast(SystemUtils.java:1388)
	at org.apache.commons.lang3.ClassUtils.isAssignable(ClassUtils.java:586)
	at org.apache.commons.lang3.reflect.TypeUtils.isAssignable(TypeUtils.java:131)
	at org.apache.commons.lang3.reflect.TypeUtils.isAssignable(TypeUtils.java:80)
	at org.apache.commons.lang3.reflect.TypeUtils.isAssignable(TypeUtils.java:397)
	at org.apache.commons.lang3.reflect.TypeUtils.isAssignable(TypeUtils.java:92)
	at org.apache.commons.lang3.reflect.TypeUtils.isAssignable(TypeUtils.java:228)
	at org.apache.commons.lang3.reflect.TypeUtils.isAssignable(TypeUtils.java:84)
	at org.apache.commons.lang3.reflect.TypeUtils.isAssignable(TypeUtils.java:65)
	at org.apache.commons.lang3.reflect.TypeUtilsTest.delegateBooleanAssertion(TypeUtilsTest.java:447)
	at org.apache.commons.lang3.reflect.TypeUtilsTest.testIsAssignable(TypeUtilsTest.java:170)
</error>
  </testcase>
  <testcase classname="org.apache.commons.lang3.reflect.TypeUtilsTest" name="testGetPrimitiveArrayComponentType" time="0"/>
  <testcase classname="org.apache.commons.lang3.reflect.TypeUtilsTest" name="testTypesSatisfyVariables" time="0.001">
    <error message="Cannot invoke &quot;org.apache.commons.lang3.JavaVersion.atLeast(org.apache.commons.lang3.JavaVersion)&quot; because &quot;org.apache.commons.lang3.SystemUtils.JAVA_SPECIFICATION_VERSION_AS_ENUM&quot; is null" type="java.lang.NullPointerException">java.lang.NullPointerException: Cannot invoke &quot;org.apache.commons.lang3.JavaVersion.atLeast(org.apache.commons.lang3.JavaVersion)&quot; because &quot;org.apache.commons.lang3.SystemUtils.JAVA_SPECIFICATION_VERSION_AS_ENUM&quot; is null
	at org.apache.commons.lang3.SystemUtils.isJavaVersionAtLeast(SystemUtils.java:1388)
	at org.apache.commons.lang3.ClassUtils.isAssignable(ClassUtils.java:586)
	at org.apache.commons.lang3.reflect.TypeUtils.isAssignable(TypeUtils.java:131)
	at org.apache.commons.lang3.reflect.TypeUtils.getTypeArguments(TypeUtils.java:653)
	at org.apache.commons.lang3.reflect.TypeUtils.getTypeArguments(TypeUtils.java:548)
	at org.apache.commons.lang3.reflect.TypeUtils.isAssignable(TypeUtils.java:200)
	at org.apache.commons.lang3.reflect.TypeUtils.isAssignable(TypeUtils.java:84)
	at org.apache.commons.lang3.reflect.TypeUtils.typesSatisfyVariables(TypeUtils.java:968)
	at org.apache.commons.lang3.reflect.TypeUtilsTest.testTypesSatisfyVariables(TypeUtilsTest.java:526)
</error>
  </testcase>
  <testcase classname="org.apache.commons.lang3.reflect.TypeUtilsTest" name="testIsArrayTypeClasses" time="0"/>
  <testcase classname="org.apache.commons.lang3.reflect.TypeUtilsTest" name="testDetermineTypeVariableAssignments" time="0">
    <error message="Cannot invoke &quot;org.apache.commons.lang3.JavaVersion.atLeast(org.apache.commons.lang3.JavaVersion)&quot; because &quot;org.apache.commons.lang3.SystemUtils.JAVA_SPECIFICATION_VERSION_AS_ENUM&quot; is null" type="java.lang.NullPointerException">java.lang.NullPointerException: Cannot invoke &quot;org.apache.commons.lang3.JavaVersion.atLeast(org.apache.commons.lang3.JavaVersion)&quot; because &quot;org.apache.commons.lang3.SystemUtils.JAVA_SPECIFICATION_VERSION_AS_ENUM&quot; is null
	at org.apache.commons.lang3.SystemUtils.isJavaVersionAtLeast(SystemUtils.java:1388)
	at org.apache.commons.lang3.ClassUtils.isAssignable(ClassUtils.java:586)
	at org.apache.commons.lang3.reflect.TypeUtils.isAssignable(TypeUtils.java:131)
	at org.apache.commons.lang3.reflect.TypeUtils.determineTypeArguments(TypeUtils.java:715)
	at org.apache.commons.lang3.reflect.TypeUtilsTest.testDetermineTypeVariableAssignments(TypeUtilsTest.java:540)
</error>
  </testcase>
  <testcase classname="org.apache.commons.lang3.reflect.TypeUtilsTest" name="testGetRawType" time="0">
    <error message="Cannot invoke &quot;org.apache.commons.lang3.JavaVersion.atLeast(org.apache.commons.lang3.JavaVersion)&quot; because &quot;org.apache.commons.lang3.SystemUtils.JAVA_SPECIFICATION_VERSION_AS_ENUM&quot; is null" type="java.lang.NullPointerException">java.lang.NullPointerException: Cannot invoke &quot;org.apache.commons.lang3.JavaVersion.atLeast(org.apache.commons.lang3.JavaVersion)&quot; because &quot;org.apache.commons.lang3.SystemUtils.JAVA_SPECIFICATION_VERSION_AS_ENUM&quot; is null
	at org.apache.commons.lang3.SystemUtils.isJavaVersionAtLeast(SystemUtils.java:1388)
	at org.apache.commons.lang3.ClassUtils.isAssignable(ClassUtils.java:586)
	at org.apache.commons.lang3.reflect.TypeUtils.isAssignable(TypeUtils.java:131)
	at org.apache.commons.lang3.reflect.TypeUtils.getTypeArguments(TypeUtils.java:653)
	at org.apache.commons.lang3.reflect.TypeUtils.getTypeArguments(TypeUtils.java:548)
	at org.apache.commons.lang3.reflect.TypeUtils.getTypeArguments(TypeUtils.java:534)
	at org.apache.commons.lang3.reflect.TypeUtils.getRawType(TypeUtils.java:1039)
	at org.apache.commons.lang3.reflect.TypeUtilsTest.testGetRawType(TypeUtilsTest.java:561)
</error>
  </testcase>
  <testcase classname="org.apache.commons.lang3.reflect.TypeUtilsTest" name="testGetArrayComponentType" time="0"/>
  <testcase classname="org.apache.commons.lang3.reflect.TypeUtilsTest" name="testIsArrayGenericTypes" time="0"/>
</testsuite>