<?xml version="1.0" encoding="UTF-8" ?>
<testsuite tests="13" failures="0" name="org.apache.commons.lang3.reflect.MethodUtilsTest" time="0.003" errors="1" skipped="0">
  <properties>
    <property name="java.runtime.name" value="OpenJDK Runtime Environment"/>
    <property name="java.vm.version" value="25.0.1"/>
    <property name="sun.boot.library.path" value="/opt/homebrew/Cellar/openjdk/25.0.1/libexec/openjdk.jdk/Contents/Home/lib"/>
    <property name="maven.multiModuleProjectDirectory" value="/Users/jsandoval/Documents/book-of-practice/final_project/se333-final-project"/>
    <property name="java.vm.vendor" value="Homebrew"/>
    <property name="java.vendor.url" value="https://github.com/Homebrew/homebrew-core/issues"/>
    <property name="guice.disable.misplaced.annotation.check" value="true"/>
    <property name="path.separator" value=":"/>
    <property name="java.vm.name" value="OpenJDK 64-Bit Server VM"/>
    <property name="user.country" value="US"/>
    <property name="sun.java.launcher" value="SUN_STANDARD"/>
    <property name="stdin.encoding" value="UTF-8"/>
    <property name="java.vm.specification.name" value="Java Virtual Machine Specification"/>
    <property name="user.dir" value="/Users/jsandoval/Documents/book-of-practice/final_project/se333-final-project"/>
    <property name="java.vm.compressedOopsMode" value="Zero based"/>
    <property name="java.runtime.version" value="25.0.1"/>
    <property name="os.arch" value="aarch64"/>
    <property name="java.io.tmpdir" value="/var/folders/39/8bxp_t4j3d3clpk6k8ccxp_w0000gp/T/"/>
    <property name="line.separator" value="
"/>
    <property name="java.vm.specification.vendor" value="Oracle Corporation"/>
    <property name="stderr.encoding" value="UTF-8"/>
    <property name="os.name" value="Mac OS X"/>
    <property name="classworlds.conf" value="/opt/homebrew/Cellar/maven/3.9.11/libexec/bin/m2.conf"/>
    <property name="sun.jnu.encoding" value="UTF-8"/>
    <property name="stdout.encoding" value="UTF-8"/>
    <property name="java.library.path" value="/Users/jsandoval/Library/Java/Extensions:/Library/Java/Extensions:/Network/Library/Java/Extensions:/System/Library/Java/Extensions:/usr/lib/java:."/>
    <property name="maven.conf" value="/opt/homebrew/Cellar/maven/3.9.11/libexec/conf"/>
    <property name="jdk.debug" value="release"/>
    <property name="java.class.version" value="69.0"/>
    <property name="java.specification.name" value="Java Platform API Specification"/>
    <property name="sun.management.compiler" value="HotSpot 64-Bit Tiered Compilers"/>
    <property name="os.version" value="15.7.2"/>
    <property name="library.jansi.path" value="/opt/homebrew/Cellar/maven/3.9.11/libexec/lib/jansi-native"/>
    <property name="user.home" value="/Users/jsandoval"/>
    <property name="user.timezone" value="America/Chicago"/>
    <property name="file.encoding" value="UTF-8"/>
    <property name="java.specification.version" value="25"/>
    <property name="user.name" value="jsandoval"/>
    <property name="java.class.path" value="/opt/homebrew/Cellar/maven/3.9.11/libexec/boot/plexus-classworlds-2.9.0.jar"/>
    <property name="org.slf4j.simpleLogger.defaultLogLevel" value="error"/>
    <property name="java.vm.specification.version" value="25"/>
    <property name="sun.arch.data.model" value="64"/>
    <property name="sun.java.command" value="org.codehaus.plexus.classworlds.launcher.Launcher test jacoco:report -q"/>
    <property name="java.home" value="/opt/homebrew/Cellar/openjdk/25.0.1/libexec/openjdk.jdk/Contents/Home"/>
    <property name="apple.awt.application.name" value="Launcher"/>
    <property name="user.language" value="en"/>
    <property name="java.specification.vendor" value="Oracle Corporation"/>
    <property name="java.vm.info" value="mixed mode, sharing"/>
    <property name="java.version" value="25.0.1"/>
    <property name="native.encoding" value="UTF-8"/>
    <property name="java.vendor" value="Homebrew"/>
    <property name="maven.home" value="/opt/homebrew/Cellar/maven/3.9.11/libexec"/>
    <property name="file.separator" value="/"/>
    <property name="java.version.date" value="2025-10-21"/>
    <property name="java.vendor.url.bug" value="https://github.com/Homebrew/homebrew-core/issues"/>
    <property name="sun.io.unicode.encoding" value="UnicodeBig"/>
    <property name="sun.cpu.endian" value="little"/>
    <property name="java.vendor.version" value="Homebrew"/>
  </properties>
  <testcase classname="org.apache.commons.lang3.reflect.MethodUtilsTest" name="testGetAccessibleInterfaceMethod" time="0"/>
  <testcase classname="org.apache.commons.lang3.reflect.MethodUtilsTest" name="testGetAccessibleInterfaceMethodFromDescription" time="0"/>
  <testcase classname="org.apache.commons.lang3.reflect.MethodUtilsTest" name="testInvokeStaticMethod" time="0"/>
  <testcase classname="org.apache.commons.lang3.reflect.MethodUtilsTest" name="testGetAccessiblePublicMethod" time="0"/>
  <testcase classname="org.apache.commons.lang3.reflect.MethodUtilsTest" name="testNullArgument" time="0"/>
  <testcase classname="org.apache.commons.lang3.reflect.MethodUtilsTest" name="testGetAccessibleMethodPrivateInterface" time="0.001"/>
  <testcase classname="org.apache.commons.lang3.reflect.MethodUtilsTest" name="testGetAccessibleMethodInaccessible" time="0"/>
  <testcase classname="org.apache.commons.lang3.reflect.MethodUtilsTest" name="testGetMatchingAccessibleMethod" time="0.001">
    <error message="Cannot invoke &quot;org.apache.commons.lang3.JavaVersion.atLeast(org.apache.commons.lang3.JavaVersion)&quot; because &quot;org.apache.commons.lang3.SystemUtils.JAVA_SPECIFICATION_VERSION_AS_ENUM&quot; is null" type="java.lang.NullPointerException">java.lang.NullPointerException: Cannot invoke &quot;org.apache.commons.lang3.JavaVersion.atLeast(org.apache.commons.lang3.JavaVersion)&quot; because &quot;org.apache.commons.lang3.SystemUtils.JAVA_SPECIFICATION_VERSION_AS_ENUM&quot; is null
	at org.apache.commons.lang3.SystemUtils.isJavaVersionAtLeast(SystemUtils.java:1388)
	at org.apache.commons.lang3.ClassUtils.isAssignable(ClassUtils.java:586)
	at org.apache.commons.lang3.reflect.MemberUtils.getObjectTransformationCost(MemberUtils.java:137)
	at org.apache.commons.lang3.reflect.MemberUtils.getTotalTransformationCost(MemberUtils.java:118)
	at org.apache.commons.lang3.reflect.MemberUtils.compareParameterTypes(MemberUtils.java:101)
	at org.apache.commons.lang3.reflect.MethodUtils.getMatchingAccessibleMethod(MethodUtils.java:508)
	at org.apache.commons.lang3.reflect.MethodUtilsTest.expectMatchingAccessibleMethodParameterTypes(MethodUtilsTest.java:382)
	at org.apache.commons.lang3.reflect.MethodUtilsTest.testGetMatchingAccessibleMethod(MethodUtilsTest.java:370)
</error>
  </testcase>
  <testcase classname="org.apache.commons.lang3.reflect.MethodUtilsTest" name="testInvokeExactMethod" time="0"/>
  <testcase classname="org.apache.commons.lang3.reflect.MethodUtilsTest" name="testInvokeMethod" time="0"/>
  <testcase classname="org.apache.commons.lang3.reflect.MethodUtilsTest" name="testInvokeExactStaticMethod" time="0.001"/>
  <testcase classname="org.apache.commons.lang3.reflect.MethodUtilsTest" name="testGetAccessiblePublicMethodFromDescription" time="0"/>
  <testcase classname="org.apache.commons.lang3.reflect.MethodUtilsTest" name="testConstructor" time="0"/>
</testsuite>