<?xml version="1.0" encoding="UTF-8" ?>
<testsuite tests="45" failures="1" name="org.apache.commons.lang3.time.FastDateFormat_ParserTest" time="0.566" errors="3" skipped="0">
  <properties>
[...]
</properties>
  <testcase classname="org.apache.commons.lang3.time.FastDateFormat_ParserTest" name="testSpecialCharacters" time="0"/>
  <testcase classname="org.apache.commons.lang3.time.FastDateFormat_ParserTest" name="testTextStrategy_SetCalendar" time="0"/>
  <testcase classname="org.apache.commons.lang3.time.FastDateFormat_ParserTest" name="testCopyQuotedStrategySetCalendar" time="0.001">
    <error message="argument type mismatch" type="java.lang.IllegalArgumentException">java.lang.IllegalArgumentException: argument type mismatch
	at java.base/jdk.internal.reflect.DirectMethodHandleAccessor.invoke(DirectMethodHandleAccessor.java:108)
	at java.base/java.lang.reflect.Method.invoke(Method.java:565)
	at org.apache.commons.lang3.time.FastDateParserTest.testCopyQuotedStrategySetCalendar(FastDateParserTest.java:564)
	at java.base/jdk.internal.reflect.DirectMethodHandleAccessor.invoke(DirectMethodHandleAccessor.java:104)
	at java.base/java.lang.reflect.Method.invoke(Method.java:565)
	at org.junit.runners.model.FrameworkMethod$1.runReflectiveCall(FrameworkMethod.java:47)
	at org.junit.internal.runners.model.ReflectiveCallable.run(ReflectiveCallable.java:12)
	at org.junit.runners.model.FrameworkMethod.invokeExplosively(FrameworkMethod.java:44)
	at org.junit.internal.runners.statements.InvokeMethod.evaluate(InvokeMethod.java:17)
	at org.junit.runners.ParentRunner.runLeaf(ParentRunner.java:271)
	at org.junit.runners.BlockJUnit4ClassRunner.runChild(BlockJUnit4ClassRunner.java:70)
	at org.junit.runners.BlockJUnit4ClassRunner.runChild(BlockJUnit4ClassRunner.java:50)
	at org.junit.runners.ParentRunner$3.run(ParentRunner.java:238)
	at org.junit.runners.ParentRunner$1.schedule(ParentRunner.java:63)
	at org.junit.runners.ParentRunner.runChildren(ParentRunner.java:236)
	at org.junit.runners.ParentRunner.access$000(ParentRunner.java:53)
	at org.junit.runners.ParentRunner$2.evaluate(ParentRunner.java:229)
	at org.junit.runners.ParentRunner.run(ParentRunner.java:309)
	at org.apache.maven.surefire.junit4.JUnit4Provider.execute(JUnit4Provider.java:264)
	at org.apache.maven.surefire.junit4.JUnit4Provider.executeTestSet(JUnit4Provider.java:153)
	at org.apache.maven.surefire.junit4.JUnit4Provider.invoke(JUnit4Provider.java:124)
	at java.base/jdk.internal.reflect.DirectMethodHandleAccessor.invoke(DirectMethodHandleAccessor.java:104)
	at java.base/java.lang.reflect.Method.invoke(Method.java:565)
	at org.apache.maven.surefire.util.ReflectionUtils.invokeMethodWithArray2(ReflectionUtils.java:208)
	at org.apache.maven.surefire.booter.ProviderFactory$ProviderProxy.invoke(ProviderFactory.java:158)
	at org.apache.maven.surefire.booter.ProviderFactory.invokeProvider(ProviderFactory.java:86)
	at org.apache.maven.surefire.booter.ForkedBooter.runSuitesInProcess(ForkedBooter.java:153)
	at org.apache.maven.surefire.booter.ForkedBooter.main(ForkedBooter.java:95)
</error>
  </testcase>
  <testcase classname="org.apache.commons.lang3.time.FastDateFormat_ParserTest" name="testShortDateStyleWithLocales" time="0"/>
  <testcase classname="org.apache.commons.lang3.time.FastDateFormat_ParserTest" name="testMilleniumBug" time="0"/>
  <testcase classname="org.apache.commons.lang3.time.FastDateFormat_ParserTest" name="testLocaleMatches" time="0"/>
  <testcase classname="org.apache.commons.lang3.time.FastDateFormat_ParserTest" name="testEquals_WithDifferentLocales" time="0"/>
  <testcase classname="org.apache.commons.lang3.time.FastDateFormat_ParserTest" name="testGetParsePattern" time="0.001">
    <error message="object of type org.apache.commons.lang3.time.FastDateFormat is not an instance of org.apache.commons.lang3.time.FastDateParser" type="java.lang.IllegalArgumentException">java.lang.IllegalArgumentException: object of type org.apache.commons.lang3.time.FastDateFormat is not an instance of org.apache.commons.lang3.time.FastDateParser
	at java.base/jdk.internal.reflect.DirectMethodHandleAccessor.checkReceiver(DirectMethodHandleAccessor.java:199)
	at java.base/jdk.internal.reflect.DirectMethodHandleAccessor.invoke(DirectMethodHandleAccessor.java:100)
	at java.base/java.lang.reflect.Method.invoke(Method.java:565)
	at org.apache.commons.lang3.time.FastDateParserTest.testGetParsePattern(FastDateParserTest.java:615)
	at java.base/jdk.internal.reflect.DirectMethodHandleAccessor.invoke(DirectMethodHandleAccessor.java:104)
	at java.base/java.lang.reflect.Method.invoke(Method.java:565)
	at org.junit.runners.model.FrameworkMethod$1.runReflectiveCall(FrameworkMethod.java:47)
	at org.junit.internal.runners.model.ReflectiveCallable.run(ReflectiveCallable.java:12)
	at org.junit.runners.model.FrameworkMethod.invokeExplosively(FrameworkMethod.java:44)
	at org.junit.internal.runners.statements.InvokeMethod.evaluate(InvokeMethod.java:17)
	at org.junit.runners.ParentRunner.runLeaf(ParentRunner.java:271)
	at org.junit.runners.BlockJUnit4ClassRunner.runChild(BlockJUnit4ClassRunner.java:70)
	at org.junit.runners.BlockJUnit4ClassRunner.runChild(BlockJUnit4ClassRunner.java:50)
	at org.junit.runners.ParentRunner$3.run(ParentRunner.java:238)
	at org.junit.runners.ParentRunner$1.schedule(ParentRunner.java:63)
	at org.junit.runners.ParentRunner.runChildren(ParentRunner.java:236)
	at org.junit.runners.ParentRunner.access$000(ParentRunner.java:53)
	at org.junit.runners.ParentRunner$2.evaluate(ParentRunner.java:229)
	at org.junit.runners.ParentRunner.run(ParentRunner.java:309)
	at org.apache.maven.surefire.junit4.JUnit4Provider.execute(JUnit4Provider.java:264)
	at org.apache.maven.surefire.junit4.JUnit4Provider.executeTestSet(JUnit4Provider.java:153)
	at org.apache.maven.surefire.junit4.JUnit4Provider.invoke(JUnit4Provider.java:124)
	at java.base/jdk.internal.reflect.DirectMethodHandleAccessor.invoke(DirectMethodHandleAccessor.java:104)
	at java.base/java.lang.reflect.Method.invoke(Method.java:565)
	at org.apache.maven.surefire.util.ReflectionUtils.invokeMethodWithArray2(ReflectionUtils.java:208)
	at org.apache.maven.surefire.booter.ProviderFactory$ProviderProxy.invoke(ProviderFactory.java:158)
	at org.apache.maven.surefire.booter.ProviderFactory.invokeProvider(ProviderFactory.java:86)
	at org.apache.maven.surefire.booter.ForkedBooter.runSuitesInProcess(ForkedBooter.java:153)
	at org.apache.maven.surefire.booter.ForkedBooter.main(ForkedBooter.java:95)
</error>
  </testcase>
  <testcase classname="org.apache.commons.lang3.time.FastDateFormat_ParserTest" name="testDayOf" time="0"/>
  <testcase classname="org.apache.commons.lang3.time.FastDateFormat_ParserTest" name="testParseZone" time="0"/>
  <testcase classname="org.apache.commons.lang3.time.FastDateFormat_ParserTest" name="testAmPm" time="0"/>
  <testcase classname="org.apache.commons.lang3.time.FastDateFormat_ParserTest" name="testLowYearPadding" time="0"/>
  <testcase classname="org.apache.commons.lang3.time.FastDateFormat_ParserTest" name="testLocales_Long_AD" time="0.126"/>
  <testcase classname="org.apache.commons.lang3.time.FastDateFormat_ParserTest" name="testLocales_Long_BC" time="0.012"/>
  <testcase classname="org.apache.commons.lang3.time.FastDateFormat_ParserTest" name="testTextStrategy_AddRegex" time="0"/>
  <testcase classname="org.apache.commons.lang3.time.FastDateFormat_ParserTest" name="testParseNumerics" time="0"/>
  <testcase classname="org.apache.commons.lang3.time.FastDateFormat_ParserTest" name="testTextStrategy_SetCalendar_InvalidValue" time="0.001">
    <error message="Unparseable date: &quot;InvalidMonth&quot; does not match (\QSeptember\E|\QDecember\E|\QFebruary\E|\QNovember\E|\QJanuary\E|\QOctober\E|\QAugust\E|\QApril\E|\QMarch\E|\QJuly\E|\QJune\E|\QApr\E|\QAug\E|\QDec\E|\QFeb\E|\QJan\E|\QJul\E|\QJun\E|\QMar\E|\QMay\E|\QNov\E|\QOct\E|\QSep\E)" type="java.text.ParseException">java.text.ParseException: Unparseable date: &quot;InvalidMonth&quot; does not match (\QSeptember\E|\QDecember\E|\QFebruary\E|\QNovember\E|\QJanuary\E|\QOctober\E|\QAugust\E|\QApril\E|\QMarch\E|\QJuly\E|\QJune\E|\QApr\E|\QAug\E|\QDec\E|\QFeb\E|\QJan\E|\QJul\E|\QJun\E|\QMar\E|\QMay\E|\QNov\E|\QOct\E|\QSep\E)
	at org.apache.commons.lang3.time.FastDateParser.parse(FastDateParser.java:254)
	at org.apache.commons.lang3.time.FastDateFormat.parse(FastDateFormat.java:472)
	at org.apache.commons.lang3.time.FastDateParserTest.testTextStrategy_SetCalendar_InvalidValue(FastDateParserTest.java:948)
	at java.base/jdk.internal.reflect.DirectMethodHandleAccessor.invoke(DirectMethodHandleAccessor.java:104)
	at java.base/java.lang.reflect.Method.invoke(Method.java:565)
	at org.junit.runners.model.FrameworkMethod$1.runReflectiveCall(FrameworkMethod.java:47)
	at org.junit.internal.runners.model.ReflectiveCallable.run(ReflectiveCallable.java:12)
	at org.junit.runners.model.FrameworkMethod.invokeExplosively(FrameworkMethod.java:44)
	at org.junit.internal.runners.statements.InvokeMethod.evaluate(InvokeMethod.java:17)
	at org.junit.runners.ParentRunner.runLeaf(ParentRunner.java:271)
	at org.junit.runners.BlockJUnit4ClassRunner.runChild(BlockJUnit4ClassRunner.java:70)
	at org.junit.runners.BlockJUnit4ClassRunner.runChild(BlockJUnit4ClassRunner.java:50)
	at org.junit.runners.ParentRunner$3.run(ParentRunner.java:238)
	at org.junit.runners.ParentRunner$1.schedule(ParentRunner.java:63)
	at org.junit.runners.ParentRunner.runChildren(ParentRunner.java:236)
	at org.junit.runners.ParentRunner.access$000(ParentRunner.java:53)
	at org.junit.runners.ParentRunner$2.evaluate(ParentRunner.java:229)
	at org.junit.runners.ParentRunner.run(ParentRunner.java:309)
	at org.apache.maven.surefire.junit4.JUnit4Provider.execute(JUnit4Provider.java:264)
	at org.apache.maven.surefire.junit4.JUnit4Provider.executeTestSet(JUnit4Provider.java:153)
	at org.apache.maven.surefire.junit4.JUnit4Provider.invoke(JUnit4Provider.java:124)
	at java.base/jdk.internal.reflect.DirectMethodHandleAccessor.invoke(DirectMethodHandleAccessor.java:104)
	at java.base/java.lang.reflect.Method.invoke(Method.java:565)
	at org.apache.maven.surefire.util.ReflectionUtils.invokeMethodWithArray2(ReflectionUtils.java:208)
	at org.apache.maven.surefire.booter.ProviderFactory$ProviderProxy.invoke(ProviderFactory.java:158)
	at org.apache.maven.surefire.booter.ProviderFactory.invokeProvider(ProviderFactory.java:86)
	at org.apache.maven.surefire.booter.ForkedBooter.runSuitesInProcess(ForkedBooter.java:153)
	at org.apache.maven.surefire.booter.ForkedBooter.main(ForkedBooter.java:95)
</error>
  </testcase>
  <testcase classname="org.apache.commons.lang3.time.FastDateFormat_ParserTest" name="testLang303" time="0"/>
  <testcase classname="org.apache.commons.lang3.time.FastDateFormat_ParserTest" name="testLang538" time="0"/>
  <testcase classname="org.apache.commons.lang3.time.FastDateFormat_ParserTest" name="testGetLocaleSpecificStrategy" time="0"/>
  <testcase classname="org.apache.commons.lang3.time.FastDateFormat_ParserTest" name="testToStringContainsName" time="0"/>
  <testcase classname="org.apache.commons.lang3.time.FastDateFormat_ParserTest" name="testJapaneseImperialLocale_ExceptionPath" time="0"/>
  <testcase classname="org.apache.commons.lang3.time.FastDateFormat_ParserTest" name="testLANG_831" time="0"/>
  <testcase classname="org.apache.commons.lang3.time.FastDateFormat_ParserTest" name="testLANG_832" time="0"/>
  <testcase classname="org.apache.commons.lang3.time.FastDateFormat_ParserTest" name="test_Equality_Hash" time="0"/>
  <testcase classname="org.apache.commons.lang3.time.FastDateFormat_ParserTest" name="testLocales_ShortNoEra_AD" time="0.087"/>
  <testcase classname="org.apache.commons.lang3.time.FastDateFormat_ParserTest" name="testLocales_ShortNoEra_BC" time="0.007"/>
  <testcase classname="org.apache.commons.lang3.time.FastDateFormat_ParserTest" name="testAdjustYear_EdgeCases" time="0"/>
  <testcase classname="org.apache.commons.lang3.time.FastDateFormat_ParserTest" name="testParseLongShort" time="0.001"/>
  <testcase classname="org.apache.commons.lang3.time.FastDateFormat_ParserTest" name="testGetLocaleSpecificStrategy_CacheRaceCondition" time="0"/>
  <testcase classname="org.apache.commons.lang3.time.FastDateFormat_ParserTest" name="testEscapeRegex_EdgeCases" time="0"/>
  <testcase classname="org.apache.commons.lang3.time.FastDateFormat_ParserTest" name="testTextStrategy_SetCalendar_MoreExceptionPaths" time="0"/>
  <testcase classname="org.apache.commons.lang3.time.FastDateFormat_ParserTest" name="testGetLocaleSpecificStrategy_CachePath" time="0"/>
  <testcase classname="org.apache.commons.lang3.time.FastDateFormat_ParserTest" name="testLocales_LongNoEra_AD" time="0.091"/>
  <testcase classname="org.apache.commons.lang3.time.FastDateFormat_ParserTest" name="testLocales_LongNoEra_BC" time="0.009"/>
  <testcase classname="org.apache.commons.lang3.time.FastDateFormat_ParserTest" name="testLocales_Short_AD" time="0.105"/>
  <testcase classname="org.apache.commons.lang3.time.FastDateFormat_ParserTest" name="testLocales_Short_BC" time="0.009"/>
  <testcase classname="org.apache.commons.lang3.time.FastDateFormat_ParserTest" name="testParseObject_String" time="0">
    <failure message="Exception should mention Unparseable date" type="java.lang.AssertionError">java.lang.AssertionError: Exception should mention Unparseable date
	at org.junit.Assert.fail(Assert.java:88)
	at org.junit.Assert.assertTrue(Assert.java:41)
	at org.apache.commons.lang3.time.FastDateParserTest.testParseObject_String(FastDateParserTest.java:592)
	at java.base/jdk.internal.reflect.DirectMethodHandleAccessor.invoke(DirectMethodHandleAccessor.java:104)
	at java.base/java.lang.reflect.Method.invoke(Method.java:565)
	at org.junit.runners.model.FrameworkMethod$1.runReflectiveCall(FrameworkMethod.java:47)
	at org.junit.internal.runners.model.ReflectiveCallable.run(ReflectiveCallable.java:12)
	at org.junit.runners.model.FrameworkMethod.invokeExplosively(FrameworkMethod.java:44)
	at org.junit.internal.runners.statements.InvokeMethod.evaluate(InvokeMethod.java:17)
	at org.junit.runners.ParentRunner.runLeaf(ParentRunner.java:271)
	at org.junit.runners.BlockJUnit4ClassRunner.runChild(BlockJUnit4ClassRunner.java:70)
	at org.junit.runners.BlockJUnit4ClassRunner.runChild(BlockJUnit4ClassRunner.java:50)
	at org.junit.runners.ParentRunner$3.run(ParentRunner.java:238)
	at org.junit.runners.ParentRunner$1.schedule(ParentRunner.java:63)
	at org.junit.runners.ParentRunner.runChildren(ParentRunner.java:236)
	at org.junit.runners.ParentRunner.access$000(ParentRunner.java:53)
	at org.junit.runners.ParentRunner$2.evaluate(ParentRunner.java:229)
	at org.junit.runners.ParentRunner.run(ParentRunner.java:309)
	at org.apache.maven.surefire.junit4.JUnit4Provider.execute(JUnit4Provider.java:264)
	at org.apache.maven.surefire.junit4.JUnit4Provider.executeTestSet(JUnit4Provider.java:153)
	at org.apache.maven.surefire.junit4.JUnit4Provider.invoke(JUnit4Provider.java:124)
	at java.base/jdk.internal.reflect.DirectMethodHandleAccessor.invoke(DirectMethodHandleAccessor.java:104)
	at java.base/java.lang.reflect.Method.invoke(Method.java:565)
	at org.apache.maven.surefire.util.ReflectionUtils.invokeMethodWithArray2(ReflectionUtils.java:208)
	at org.apache.maven.surefire.booter.ProviderFactory$ProviderProxy.invoke(ProviderFactory.java:158)
	at org.apache.maven.surefire.booter.ProviderFactory.invokeProvider(ProviderFactory.java:86)
	at org.apache.maven.surefire.booter.ForkedBooter.runSuitesInProcess(ForkedBooter.java:153)
	at org.apache.maven.surefire.booter.ForkedBooter.main(ForkedBooter.java:95)
</failure>
  </testcase>
  <testcase classname="org.apache.commons.lang3.time.FastDateFormat_ParserTest" name="testParse_String_AllPaths" time="0"/>
  <testcase classname="org.apache.commons.lang3.time.FastDateFormat_ParserTest" name="testTimeZoneStrategy_SetCalendar_ExceptionPaths" time="0"/>
  <testcase classname="org.apache.commons.lang3.time.FastDateFormat_ParserTest" name="testEquals" time="0"/>
  <testcase classname="org.apache.commons.lang3.time.FastDateFormat_ParserTest" name="testParses" time="0.116"/>
  <testcase classname="org.apache.commons.lang3.time.FastDateFormat_ParserTest" name="testQuotes" time="0"/>
  <testcase classname="org.apache.commons.lang3.time.FastDateFormat_ParserTest" name="testTimeZoneMatches" time="0"/>
  <testcase classname="org.apache.commons.lang3.time.FastDateFormat_ParserTest" name="testPatternMatches" time="0"/>
</testsuite>