<?xml version="1.0" encoding="UTF-8" ?>
<testsuite tests="105" failures="2" name="org.apache.commons.lang3.reflect.TypeUtilsTest" time="0.172" errors="66" skipped="0">
  <properties>
[...]
</properties>
  <testcase classname="org.apache.commons.lang3.reflect.TypeUtilsTest" name="testIsAssignableTypeVariableWithOtherTypes" time="0.022"/>
  <testcase classname="org.apache.commons.lang3.reflect.TypeUtilsTest" name="testGetRawType_TypeVariable_WithAssigningType" time="0"/>
  <testcase classname="org.apache.commons.lang3.reflect.TypeUtilsTest" name="testGetClosestParentType_InterfacePath" time="0.003">
    <error message="Cannot invoke &quot;org.apache.commons.lang3.JavaVersion.atLeast(org.apache.commons.lang3.JavaVersion)&quot; because &quot;org.apache.commons.lang3.SystemUtils.JAVA_SPECIFICATION_VERSION_AS_ENUM&quot; is null" type="java.lang.NullPointerException">java.lang.NullPointerException: Cannot invoke &quot;org.apache.commons.lang3.JavaVersion.atLeast(org.apache.commons.lang3.JavaVersion)&quot; because &quot;org.apache.commons.lang3.SystemUtils.JAVA_SPECIFICATION_VERSION_AS_ENUM&quot; is null
	at org.apache.commons.lang3.SystemUtils.isJavaVersionAtLeast(SystemUtils.java:1388)
	at org.apache.commons.lang3.ClassUtils.isAssignable(ClassUtils.java:586)
	at org.apache.commons.lang3.reflect.TypeUtils.isAssignable(TypeUtils.java:131)
	at org.apache.commons.lang3.reflect.TypeUtils.getTypeArguments(TypeUtils.java:653)
	at org.apache.commons.lang3.reflect.TypeUtils.getTypeArguments(TypeUtils.java:548)
	at org.apache.commons.lang3.reflect.TypeUtils.getTypeArguments(TypeUtils.java:534)
	at org.apache.commons.lang3.reflect.TypeUtilsTest.testGetClosestParentType_InterfacePath(TypeUtilsTest.java:1308)
</error>
  </testcase>
  <testcase classname="org.apache.commons.lang3.reflect.TypeUtilsTest" name="testGetTypeArgumentsWithTypeVariable" time="0.013">
    <error message="Cannot invoke &quot;org.apache.commons.lang3.JavaVersion.atLeast(org.apache.commons.lang3.JavaVersion)&quot; because &quot;org.apache.commons.lang3.SystemUtils.JAVA_SPECIFICATION_VERSION_AS_ENUM&quot; is null" type="java.lang.NullPointerException">java.lang.NullPointerException: Cannot invoke &quot;org.apache.commons.lang3.JavaVersion.atLeast(org.apache.commons.lang3.JavaVersion)&quot; because &quot;org.apache.commons.lang3.SystemUtils.JAVA_SPECIFICATION_VERSION_AS_ENUM&quot; is null
	at org.apache.commons.lang3.SystemUtils.isJavaVersionAtLeast(SystemUtils.java:1388)
	at org.apache.commons.lang3.ClassUtils.isAssignable(ClassUtils.java:586)
	at org.apache.commons.lang3.reflect.TypeUtils.isAssignable(TypeUtils.java:131)
	at org.apache.commons.lang3.reflect.TypeUtils.getTypeArguments(TypeUtils.java:577)
	at org.apache.commons.lang3.reflect.TypeUtils.getTypeArguments(TypeUtils.java:534)
	at org.apache.commons.lang3.reflect.TypeUtilsTest.testGetTypeArgumentsWithTypeVariable(TypeUtilsTest.java:969)
</error>
  </testcase>
  <testcase classname="org.apache.commons.lang3.reflect.TypeUtilsTest" name="testIsInstance_Comprehensive" time="0">
    <error message="Cannot invoke &quot;org.apache.commons.lang3.JavaVersion.atLeast(org.apache.commons.lang3.JavaVersion)&quot; because &quot;org.apache.commons.lang3.SystemUtils.JAVA_SPECIFICATION_VERSION_AS_ENUM&quot; is null" type="java.lang.NullPointerException">java.lang.NullPointerException: Cannot invoke &quot;org.apache.commons.lang3.JavaVersion.atLeast(org.apache.commons.lang3.JavaVersion)&quot; because &quot;org.apache.commons.lang3.SystemUtils.JAVA_SPECIFICATION_VERSION_AS_ENUM&quot; is null
	at org.apache.commons.lang3.SystemUtils.isJavaVersionAtLeast(SystemUtils.java:1388)
	at org.apache.commons.lang3.ClassUtils.isAssignable(ClassUtils.java:586)
	at org.apache.commons.lang3.reflect.TypeUtils.isAssignable(TypeUtils.java:131)
	at org.apache.commons.lang3.reflect.TypeUtils.getTypeArguments(TypeUtils.java:653)
	at org.apache.commons.lang3.reflect.TypeUtils.getTypeArguments(TypeUtils.java:548)
	at org.apache.commons.lang3.reflect.TypeUtils.isAssignable(TypeUtils.java:200)
	at org.apache.commons.lang3.reflect.TypeUtils.isAssignable(TypeUtils.java:84)
	at org.apache.commons.lang3.reflect.TypeUtils.isInstance(TypeUtils.java:851)
	at org.apache.commons.lang3.reflect.TypeUtilsTest.testIsInstance_Comprehensive(TypeUtilsTest.java:1194)
</error>
  </testcase>
  <testcase classname="org.apache.commons.lang3.reflect.TypeUtilsTest" name="testGetTypeArguments_TypeVariable_Comprehensive" time="0">
    <error message="Cannot invoke &quot;org.apache.commons.lang3.JavaVersion.atLeast(org.apache.commons.lang3.JavaVersion)&quot; because &quot;org.apache.commons.lang3.SystemUtils.JAVA_SPECIFICATION_VERSION_AS_ENUM&quot; is null" type="java.lang.NullPointerException">java.lang.NullPointerException: Cannot invoke &quot;org.apache.commons.lang3.JavaVersion.atLeast(org.apache.commons.lang3.JavaVersion)&quot; because &quot;org.apache.commons.lang3.SystemUtils.JAVA_SPECIFICATION_VERSION_AS_ENUM&quot; is null
	at org.apache.commons.lang3.SystemUtils.isJavaVersionAtLeast(SystemUtils.java:1388)
	at org.apache.commons.lang3.ClassUtils.isAssignable(ClassUtils.java:586)
	at org.apache.commons.lang3.reflect.TypeUtils.isAssignable(TypeUtils.java:131)
	at org.apache.commons.lang3.reflect.TypeUtils.getTypeArguments(TypeUtils.java:577)
	at org.apache.commons.lang3.reflect.TypeUtils.getTypeArguments(TypeUtils.java:534)
	at org.apache.commons.lang3.reflect.TypeUtilsTest.testGetTypeArguments_TypeVariable_Comprehensive(TypeUtilsTest.java:1267)
</error>
  </testcase>
  <testcase classname="org.apache.commons.lang3.reflect.TypeUtilsTest" name="testDetermineTypeArguments_ParameterizedMidType" time="0">
    <error message="Cannot invoke &quot;org.apache.commons.lang3.JavaVersion.atLeast(org.apache.commons.lang3.JavaVersion)&quot; because &quot;org.apache.commons.lang3.SystemUtils.JAVA_SPECIFICATION_VERSION_AS_ENUM&quot; is null" type="java.lang.NullPointerException">java.lang.NullPointerException: Cannot invoke &quot;org.apache.commons.lang3.JavaVersion.atLeast(org.apache.commons.lang3.JavaVersion)&quot; because &quot;org.apache.commons.lang3.SystemUtils.JAVA_SPECIFICATION_VERSION_AS_ENUM&quot; is null
	at org.apache.commons.lang3.SystemUtils.isJavaVersionAtLeast(SystemUtils.java:1388)
	at org.apache.commons.lang3.ClassUtils.isAssignable(ClassUtils.java:586)
	at org.apache.commons.lang3.reflect.TypeUtils.isAssignable(TypeUtils.java:131)
	at org.apache.commons.lang3.reflect.TypeUtils.determineTypeArguments(TypeUtils.java:715)
	at org.apache.commons.lang3.reflect.TypeUtilsTest.testDetermineTypeArguments_ParameterizedMidType(TypeUtilsTest.java:1953)
</error>
  </testcase>
  <testcase classname="org.apache.commons.lang3.reflect.TypeUtilsTest" name="testGetClosestParentType_InterfaceMatching_UsingExistingClasses" time="0">
    <error message="Cannot invoke &quot;org.apache.commons.lang3.JavaVersion.atLeast(org.apache.commons.lang3.JavaVersion)&quot; because &quot;org.apache.commons.lang3.SystemUtils.JAVA_SPECIFICATION_VERSION_AS_ENUM&quot; is null" type="java.lang.NullPointerException">java.lang.NullPointerException: Cannot invoke &quot;org.apache.commons.lang3.JavaVersion.atLeast(org.apache.commons.lang3.JavaVersion)&quot; because &quot;org.apache.commons.lang3.SystemUtils.JAVA_SPECIFICATION_VERSION_AS_ENUM&quot; is null
	at org.apache.commons.lang3.SystemUtils.isJavaVersionAtLeast(SystemUtils.java:1388)
	at org.apache.commons.lang3.ClassUtils.isAssignable(ClassUtils.java:586)
	at org.apache.commons.lang3.reflect.TypeUtils.isAssignable(TypeUtils.java:131)
	at org.apache.commons.lang3.reflect.TypeUtils.getTypeArguments(TypeUtils.java:653)
	at org.apache.commons.lang3.reflect.TypeUtils.getTypeArguments(TypeUtils.java:548)
	at org.apache.commons.lang3.reflect.TypeUtils.getTypeArguments(TypeUtils.java:534)
	at org.apache.commons.lang3.reflect.TypeUtilsTest.testGetClosestParentType_InterfaceMatching_UsingExistingClasses(TypeUtilsTest.java:2163)
</error>
  </testcase>
  <testcase classname="org.apache.commons.lang3.reflect.TypeUtilsTest" name="testDetermineTypeArguments_AllPaths_Enhanced" time="0">
    <error message="Cannot invoke &quot;org.apache.commons.lang3.JavaVersion.atLeast(org.apache.commons.lang3.JavaVersion)&quot; because &quot;org.apache.commons.lang3.SystemUtils.JAVA_SPECIFICATION_VERSION_AS_ENUM&quot; is null" type="java.lang.NullPointerException">java.lang.NullPointerException: Cannot invoke &quot;org.apache.commons.lang3.JavaVersion.atLeast(org.apache.commons.lang3.JavaVersion)&quot; because &quot;org.apache.commons.lang3.SystemUtils.JAVA_SPECIFICATION_VERSION_AS_ENUM&quot; is null
	at org.apache.commons.lang3.SystemUtils.isJavaVersionAtLeast(SystemUtils.java:1388)
	at org.apache.commons.lang3.ClassUtils.isAssignable(ClassUtils.java:586)
	at org.apache.commons.lang3.reflect.TypeUtils.isAssignable(TypeUtils.java:131)
	at org.apache.commons.lang3.reflect.TypeUtils.determineTypeArguments(TypeUtils.java:715)
	at org.apache.commons.lang3.reflect.TypeUtilsTest.testDetermineTypeArguments_AllPaths_Enhanced(TypeUtilsTest.java:2455)
</error>
  </testcase>
  <testcase classname="org.apache.commons.lang3.reflect.TypeUtilsTest" name="testGetTypeArgumentsTypeClass" time="0">
    <error message="Cannot invoke &quot;org.apache.commons.lang3.JavaVersion.atLeast(org.apache.commons.lang3.JavaVersion)&quot; because &quot;org.apache.commons.lang3.SystemUtils.JAVA_SPECIFICATION_VERSION_AS_ENUM&quot; is null" type="java.lang.NullPointerException">java.lang.NullPointerException: Cannot invoke &quot;org.apache.commons.lang3.JavaVersion.atLeast(org.apache.commons.lang3.JavaVersion)&quot; because &quot;org.apache.commons.lang3.SystemUtils.JAVA_SPECIFICATION_VERSION_AS_ENUM&quot; is null
	at org.apache.commons.lang3.SystemUtils.isJavaVersionAtLeast(SystemUtils.java:1388)
	at org.apache.commons.lang3.ClassUtils.isAssignable(ClassUtils.java:586)
	at org.apache.commons.lang3.reflect.TypeUtils.isAssignable(TypeUtils.java:131)
	at org.apache.commons.lang3.reflect.TypeUtils.getTypeArguments(TypeUtils.java:653)
	at org.apache.commons.lang3.reflect.TypeUtils.getTypeArguments(TypeUtils.java:548)
	at org.apache.commons.lang3.reflect.TypeUtils.getTypeArguments(TypeUtils.java:534)
	at org.apache.commons.lang3.reflect.TypeUtilsTest.testGetTypeArgumentsTypeClass(TypeUtilsTest.java:822)
</error>
  </testcase>
  <testcase classname="org.apache.commons.lang3.reflect.TypeUtilsTest" name="testGetRawType_AllPaths" time="0"/>
  <testcase classname="org.apache.commons.lang3.reflect.TypeUtilsTest" name="testMapTypeVariablesToArguments" time="0">
    <error message="Cannot invoke &quot;org.apache.commons.lang3.JavaVersion.atLeast(org.apache.commons.lang3.JavaVersion)&quot; because &quot;org.apache.commons.lang3.SystemUtils.JAVA_SPECIFICATION_VERSION_AS_ENUM&quot; is null" type="java.lang.NullPointerException">java.lang.NullPointerException: Cannot invoke &quot;org.apache.commons.lang3.JavaVersion.atLeast(org.apache.commons.lang3.JavaVersion)&quot; because &quot;org.apache.commons.lang3.SystemUtils.JAVA_SPECIFICATION_VERSION_AS_ENUM&quot; is null
	at org.apache.commons.lang3.SystemUtils.isJavaVersionAtLeast(SystemUtils.java:1388)
	at org.apache.commons.lang3.ClassUtils.isAssignable(ClassUtils.java:586)
	at org.apache.commons.lang3.reflect.TypeUtils.isAssignable(TypeUtils.java:131)
	at org.apache.commons.lang3.reflect.TypeUtils.determineTypeArguments(TypeUtils.java:715)
	at org.apache.commons.lang3.reflect.TypeUtilsTest.testMapTypeVariablesToArguments(TypeUtilsTest.java:877)
</error>
  </testcase>
  <testcase classname="org.apache.commons.lang3.reflect.TypeUtilsTest" name="testGetClosestParentType_SuperclassFallback_UsingExistingClasses" time="0">
    <error message="Cannot invoke &quot;org.apache.commons.lang3.JavaVersion.atLeast(org.apache.commons.lang3.JavaVersion)&quot; because &quot;org.apache.commons.lang3.SystemUtils.JAVA_SPECIFICATION_VERSION_AS_ENUM&quot; is null" type="java.lang.NullPointerException">java.lang.NullPointerException: Cannot invoke &quot;org.apache.commons.lang3.JavaVersion.atLeast(org.apache.commons.lang3.JavaVersion)&quot; because &quot;org.apache.commons.lang3.SystemUtils.JAVA_SPECIFICATION_VERSION_AS_ENUM&quot; is null
	at org.apache.commons.lang3.SystemUtils.isJavaVersionAtLeast(SystemUtils.java:1388)
	at org.apache.commons.lang3.ClassUtils.isAssignable(ClassUtils.java:586)
	at org.apache.commons.lang3.reflect.TypeUtils.isAssignable(TypeUtils.java:131)
	at org.apache.commons.lang3.reflect.TypeUtils.getTypeArguments(TypeUtils.java:653)
	at org.apache.commons.lang3.reflect.TypeUtils.getTypeArguments(TypeUtils.java:548)
	at org.apache.commons.lang3.reflect.TypeUtils.getTypeArguments(TypeUtils.java:534)
	at org.apache.commons.lang3.reflect.TypeUtilsTest.testGetClosestParentType_SuperclassFallback_UsingExistingClasses(TypeUtilsTest.java:2184)
</error>
  </testcase>
  <testcase classname="org.apache.commons.lang3.reflect.TypeUtilsTest" name="testIsInstance_WithTypeVariableBounds" time="0.023">
    <failure message="Number should be instance of TypeVariable&lt;? extends Number&gt;" type="java.lang.AssertionError">java.lang.AssertionError: Number should be instance of TypeVariable&lt;? extends Number&gt;
	at org.junit.Assert.fail(Assert.java:88)
	at org.junit.Assert.assertTrue(Assert.java:41)
	at org.apache.commons.lang3.reflect.TypeUtilsTest.testIsInstance_WithTypeVariableBounds(TypeUtilsTest.java:1911)
</failure>
  </testcase>
  <testcase classname="org.apache.commons.lang3.reflect.TypeUtilsTest" name="testGetTypeArgumentsParameterizedType" time="0"/>
  <testcase classname="org.apache.commons.lang3.reflect.TypeUtilsTest" name="testGetTypeArguments_Type_Class_Map_AllPaths" time="0">
    <error message="Cannot invoke &quot;org.apache.commons.lang3.JavaVersion.atLeast(org.apache.commons.lang3.JavaVersion)&quot; because &quot;org.apache.commons.lang3.SystemUtils.JAVA_SPECIFICATION_VERSION_AS_ENUM&quot; is null" type="java.lang.NullPointerException">java.lang.NullPointerException: Cannot invoke &quot;org.apache.commons.lang3.JavaVersion.atLeast(org.apache.commons.lang3.JavaVersion)&quot; because &quot;org.apache.commons.lang3.SystemUtils.JAVA_SPECIFICATION_VERSION_AS_ENUM&quot; is null
	at org.apache.commons.lang3.SystemUtils.isJavaVersionAtLeast(SystemUtils.java:1388)
	at org.apache.commons.lang3.ClassUtils.isAssignable(ClassUtils.java:586)
	at org.apache.commons.lang3.reflect.TypeUtils.isAssignable(TypeUtils.java:131)
	at org.apache.commons.lang3.reflect.TypeUtils.getTypeArguments(TypeUtils.java:653)
	at org.apache.commons.lang3.reflect.TypeUtils.getTypeArguments(TypeUtils.java:548)
	at org.apache.commons.lang3.reflect.TypeUtils.getTypeArguments(TypeUtils.java:534)
	at org.apache.commons.lang3.reflect.TypeUtilsTest.testGetTypeArguments_Type_Class_Map_AllPaths(TypeUtilsTest.java:1722)
</error>
  </testcase>
  <testcase classname="org.apache.commons.lang3.reflect.TypeUtilsTest" name="testIsAssignableTypeVariableWithTypeVariable" time="0">
    <error message="found an unhandled type: T" type="java.lang.IllegalStateException">java.lang.IllegalStateException: found an unhandled type: T
	at org.apache.commons.lang3.reflect.TypeUtils.isAssignable(TypeUtils.java:460)
	at org.apache.commons.lang3.reflect.TypeUtils.isAssignable(TypeUtils.java:97)
	at org.apache.commons.lang3.reflect.TypeUtils.isAssignable(TypeUtils.java:65)
	at org.apache.commons.lang3.reflect.TypeUtilsTest.testIsAssignableTypeVariableWithTypeVariable(TypeUtilsTest.java:1025)
</error>
  </testcase>
  <testcase classname="org.apache.commons.lang3.reflect.TypeUtilsTest" name="testNormalizeUpperBounds_Comprehensive_Enhanced" time="0"/>
  <testcase classname="org.apache.commons.lang3.reflect.TypeUtilsTest" name="testGetTypeArguments_WildcardType_Comprehensive" time="0">
    <error message="Cannot invoke &quot;org.apache.commons.lang3.JavaVersion.atLeast(org.apache.commons.lang3.JavaVersion)&quot; because &quot;org.apache.commons.lang3.SystemUtils.JAVA_SPECIFICATION_VERSION_AS_ENUM&quot; is null" type="java.lang.NullPointerException">java.lang.NullPointerException: Cannot invoke &quot;org.apache.commons.lang3.JavaVersion.atLeast(org.apache.commons.lang3.JavaVersion)&quot; because &quot;org.apache.commons.lang3.SystemUtils.JAVA_SPECIFICATION_VERSION_AS_ENUM&quot; is null
	at org.apache.commons.lang3.SystemUtils.isJavaVersionAtLeast(SystemUtils.java:1388)
	at org.apache.commons.lang3.ClassUtils.isAssignable(ClassUtils.java:586)
	at org.apache.commons.lang3.reflect.TypeUtils.isAssignable(TypeUtils.java:131)
	at org.apache.commons.lang3.reflect.TypeUtils.getTypeArguments(TypeUtils.java:603)
	at org.apache.commons.lang3.reflect.TypeUtils.getTypeArguments(TypeUtils.java:552)
	at org.apache.commons.lang3.reflect.TypeUtils.getTypeArguments(TypeUtils.java:534)
	at org.apache.commons.lang3.reflect.TypeUtilsTest.testGetTypeArguments_WildcardType_Comprehensive(TypeUtilsTest.java:1256)
</error>
  </testcase>
  <testcase classname="org.apache.commons.lang3.reflect.TypeUtilsTest" name="testIsAssignableClassWithTypeVariable" time="0">
    <error message="Cannot invoke &quot;org.apache.commons.lang3.JavaVersion.atLeast(org.apache.commons.lang3.JavaVersion)&quot; because &quot;org.apache.commons.lang3.SystemUtils.JAVA_SPECIFICATION_VERSION_AS_ENUM&quot; is null" type="java.lang.NullPointerException">java.lang.NullPointerException: Cannot invoke &quot;org.apache.commons.lang3.JavaVersion.atLeast(org.apache.commons.lang3.JavaVersion)&quot; because &quot;org.apache.commons.lang3.SystemUtils.JAVA_SPECIFICATION_VERSION_AS_ENUM&quot; is null
	at org.apache.commons.lang3.SystemUtils.isJavaVersionAtLeast(SystemUtils.java:1388)
	at org.apache.commons.lang3.ClassUtils.isAssignable(ClassUtils.java:586)
	at org.apache.commons.lang3.reflect.TypeUtils.isAssignable(TypeUtils.java:131)
	at org.apache.commons.lang3.reflect.TypeUtils.isAssignable(TypeUtils.java:144)
	at org.apache.commons.lang3.reflect.TypeUtils.isAssignable(TypeUtils.java:80)
	at org.apache.commons.lang3.reflect.TypeUtils.isAssignable(TypeUtils.java:65)
	at org.apache.commons.lang3.reflect.TypeUtilsTest.testIsAssignableClassWithTypeVariable(TypeUtilsTest.java:1144)
</error>
  </testcase>
  <testcase classname="org.apache.commons.lang3.reflect.TypeUtilsTest" name="testMapTypeVariablesToArgumentsWithOwnerType" time="0">
    <error message="Cannot invoke &quot;org.apache.commons.lang3.JavaVersion.atLeast(org.apache.commons.lang3.JavaVersion)&quot; because &quot;org.apache.commons.lang3.SystemUtils.JAVA_SPECIFICATION_VERSION_AS_ENUM&quot; is null" type="java.lang.NullPointerException">java.lang.NullPointerException: Cannot invoke &quot;org.apache.commons.lang3.JavaVersion.atLeast(org.apache.commons.lang3.JavaVersion)&quot; because &quot;org.apache.commons.lang3.SystemUtils.JAVA_SPECIFICATION_VERSION_AS_ENUM&quot; is null
	at org.apache.commons.lang3.SystemUtils.isJavaVersionAtLeast(SystemUtils.java:1388)
	at org.apache.commons.lang3.ClassUtils.isAssignable(ClassUtils.java:586)
	at org.apache.commons.lang3.reflect.TypeUtils.isAssignable(TypeUtils.java:131)
	at org.apache.commons.lang3.reflect.TypeUtils.determineTypeArguments(TypeUtils.java:715)
	at org.apache.commons.lang3.reflect.TypeUtilsTest.testMapTypeVariablesToArgumentsWithOwnerType(TypeUtilsTest.java:1089)
</error>
  </testcase>
  <testcase classname="org.apache.commons.lang3.reflect.TypeUtilsTest" name="testGetTypeArguments_Class_Primitive" time="0">
    <error message="Cannot invoke &quot;org.apache.commons.lang3.JavaVersion.atLeast(org.apache.commons.lang3.JavaVersion)&quot; because &quot;org.apache.commons.lang3.SystemUtils.JAVA_SPECIFICATION_VERSION_AS_ENUM&quot; is null" type="java.lang.NullPointerException">java.lang.NullPointerException: Cannot invoke &quot;org.apache.commons.lang3.JavaVersion.atLeast(org.apache.commons.lang3.JavaVersion)&quot; because &quot;org.apache.commons.lang3.SystemUtils.JAVA_SPECIFICATION_VERSION_AS_ENUM&quot; is null
	at org.apache.commons.lang3.SystemUtils.isJavaVersionAtLeast(SystemUtils.java:1388)
	at org.apache.commons.lang3.ClassUtils.isAssignable(ClassUtils.java:586)
	at org.apache.commons.lang3.reflect.TypeUtils.isAssignable(TypeUtils.java:131)
	at org.apache.commons.lang3.reflect.TypeUtils.getTypeArguments(TypeUtils.java:653)
	at org.apache.commons.lang3.reflect.TypeUtils.getTypeArguments(TypeUtils.java:548)
	at org.apache.commons.lang3.reflect.TypeUtils.getTypeArguments(TypeUtils.java:534)
	at org.apache.commons.lang3.reflect.TypeUtilsTest.testGetTypeArguments_Class_Primitive(TypeUtilsTest.java:1360)
</error>
  </testcase>
  <testcase classname="org.apache.commons.lang3.reflect.TypeUtilsTest" name="testIsAssignable_ParameterizedType_EdgeCases" time="0"/>
  <testcase classname="org.apache.commons.lang3.reflect.TypeUtilsTest" name="testIsInstance_AllTypePaths" time="0">
    <error message="Cannot invoke &quot;org.apache.commons.lang3.JavaVersion.atLeast(org.apache.commons.lang3.JavaVersion)&quot; because &quot;org.apache.commons.lang3.SystemUtils.JAVA_SPECIFICATION_VERSION_AS_ENUM&quot; is null" type="java.lang.NullPointerException">java.lang.NullPointerException: Cannot invoke &quot;org.apache.commons.lang3.JavaVersion.atLeast(org.apache.commons.lang3.JavaVersion)&quot; because &quot;org.apache.commons.lang3.SystemUtils.JAVA_SPECIFICATION_VERSION_AS_ENUM&quot; is null
	at org.apache.commons.lang3.SystemUtils.isJavaVersionAtLeast(SystemUtils.java:1388)
	at org.apache.commons.lang3.ClassUtils.isAssignable(ClassUtils.java:586)
	at org.apache.commons.lang3.reflect.TypeUtils.isAssignable(TypeUtils.java:131)
	at org.apache.commons.lang3.reflect.TypeUtils.getTypeArguments(TypeUtils.java:653)
	at org.apache.commons.lang3.reflect.TypeUtils.getTypeArguments(TypeUtils.java:548)
	at org.apache.commons.lang3.reflect.TypeUtils.isAssignable(TypeUtils.java:200)
	at org.apache.commons.lang3.reflect.TypeUtils.isAssignable(TypeUtils.java:84)
	at org.apache.commons.lang3.reflect.TypeUtils.isInstance(TypeUtils.java:851)
	at org.apache.commons.lang3.reflect.TypeUtilsTest.testIsInstance_AllTypePaths(TypeUtilsTest.java:1531)
</error>
  </testcase>
  <testcase classname="org.apache.commons.lang3.reflect.TypeUtilsTest" name="testGetTypeArguments" time="0">
    <error message="Cannot invoke &quot;org.apache.commons.lang3.JavaVersion.atLeast(org.apache.commons.lang3.JavaVersion)&quot; because &quot;org.apache.commons.lang3.SystemUtils.JAVA_SPECIFICATION_VERSION_AS_ENUM&quot; is null" type="java.lang.NullPointerException">java.lang.NullPointerException: Cannot invoke &quot;org.apache.commons.lang3.JavaVersion.atLeast(org.apache.commons.lang3.JavaVersion)&quot; because &quot;org.apache.commons.lang3.SystemUtils.JAVA_SPECIFICATION_VERSION_AS_ENUM&quot; is null
	at org.apache.commons.lang3.SystemUtils.isJavaVersionAtLeast(SystemUtils.java:1388)
	at org.apache.commons.lang3.ClassUtils.isAssignable(ClassUtils.java:586)
	at org.apache.commons.lang3.reflect.TypeUtils.isAssignable(TypeUtils.java:131)
	at org.apache.commons.lang3.reflect.TypeUtils.getTypeArguments(TypeUtils.java:653)
	at org.apache.commons.lang3.reflect.TypeUtils.getTypeArguments(TypeUtils.java:548)
	at org.apache.commons.lang3.reflect.TypeUtils.getTypeArguments(TypeUtils.java:534)
	at org.apache.commons.lang3.reflect.TypeUtilsTest.testGetTypeArguments(TypeUtilsTest.java:479)
</error>
  </testcase>
  <testcase classname="org.apache.commons.lang3.reflect.TypeUtilsTest" name="testIsInstance" time="0">
    <error message="Cannot invoke &quot;org.apache.commons.lang3.JavaVersion.atLeast(org.apache.commons.lang3.JavaVersion)&quot; because &quot;org.apache.commons.lang3.SystemUtils.JAVA_SPECIFICATION_VERSION_AS_ENUM&quot; is null" type="java.lang.NullPointerException">java.lang.NullPointerException: Cannot invoke &quot;org.apache.commons.lang3.JavaVersion.atLeast(org.apache.commons.lang3.JavaVersion)&quot; because &quot;org.apache.commons.lang3.SystemUtils.JAVA_SPECIFICATION_VERSION_AS_ENUM&quot; is null
	at org.apache.commons.lang3.SystemUtils.isJavaVersionAtLeast(SystemUtils.java:1388)
	at org.apache.commons.lang3.ClassUtils.isAssignable(ClassUtils.java:586)
	at org.apache.commons.lang3.reflect.TypeUtils.isAssignable(TypeUtils.java:131)
	at org.apache.commons.lang3.reflect.TypeUtils.getTypeArguments(TypeUtils.java:653)
	at org.apache.commons.lang3.reflect.TypeUtils.getTypeArguments(TypeUtils.java:548)
	at org.apache.commons.lang3.reflect.TypeUtils.isAssignable(TypeUtils.java:200)
	at org.apache.commons.lang3.reflect.TypeUtils.isAssignable(TypeUtils.java:84)
	at org.apache.commons.lang3.reflect.TypeUtils.isInstance(TypeUtils.java:851)
	at org.apache.commons.lang3.reflect.TypeUtilsTest.testIsInstance(TypeUtilsTest.java:468)
</error>
  </testcase>
  <testcase classname="org.apache.commons.lang3.reflect.TypeUtilsTest" name="testGetTypeArguments_ParameterizedType_WithOwner" time="0"/>
  <testcase classname="org.apache.commons.lang3.reflect.TypeUtilsTest" name="testGetRawType_Comprehensive" time="0"/>
  <testcase classname="org.apache.commons.lang3.reflect.TypeUtilsTest" name="testUnrollVariableAssignments_Comprehensive" time="0"/>
  <testcase classname="org.apache.commons.lang3.reflect.TypeUtilsTest" name="testSubstituteTypeVariables" time="0">
    <error message="Cannot invoke &quot;org.apache.commons.lang3.JavaVersion.atLeast(org.apache.commons.lang3.JavaVersion)&quot; because &quot;org.apache.commons.lang3.SystemUtils.JAVA_SPECIFICATION_VERSION_AS_ENUM&quot; is null" type="java.lang.NullPointerException">java.lang.NullPointerException: Cannot invoke &quot;org.apache.commons.lang3.JavaVersion.atLeast(org.apache.commons.lang3.JavaVersion)&quot; because &quot;org.apache.commons.lang3.SystemUtils.JAVA_SPECIFICATION_VERSION_AS_ENUM&quot; is null
	at org.apache.commons.lang3.SystemUtils.isJavaVersionAtLeast(SystemUtils.java:1388)
	at org.apache.commons.lang3.ClassUtils.isAssignable(ClassUtils.java:586)
	at org.apache.commons.lang3.reflect.TypeUtils.isAssignable(TypeUtils.java:131)
	at org.apache.commons.lang3.reflect.TypeUtils.isAssignable(TypeUtils.java:80)
	at org.apache.commons.lang3.reflect.TypeUtils.typesSatisfyVariables(TypeUtils.java:968)
	at org.apache.commons.lang3.reflect.TypeUtilsTest.testSubstituteTypeVariables(TypeUtilsTest.java:1060)
</error>
  </testcase>
  <testcase classname="org.apache.commons.lang3.reflect.TypeUtilsTest" name="testGetImplicitUpperBounds_Comprehensive" time="0">
    <error message="Cannot invoke &quot;org.apache.commons.lang3.JavaVersion.atLeast(org.apache.commons.lang3.JavaVersion)&quot; because &quot;org.apache.commons.lang3.SystemUtils.JAVA_SPECIFICATION_VERSION_AS_ENUM&quot; is null" type="java.lang.NullPointerException">java.lang.NullPointerException: Cannot invoke &quot;org.apache.commons.lang3.JavaVersion.atLeast(org.apache.commons.lang3.JavaVersion)&quot; because &quot;org.apache.commons.lang3.SystemUtils.JAVA_SPECIFICATION_VERSION_AS_ENUM&quot; is null
	at org.apache.commons.lang3.SystemUtils.isJavaVersionAtLeast(SystemUtils.java:1388)
	at org.apache.commons.lang3.ClassUtils.isAssignable(ClassUtils.java:586)
	at org.apache.commons.lang3.reflect.TypeUtils.isAssignable(TypeUtils.java:131)
	at org.apache.commons.lang3.reflect.TypeUtils.isAssignable(TypeUtils.java:80)
	at org.apache.commons.lang3.reflect.TypeUtils.isAssignable(TypeUtils.java:370)
	at org.apache.commons.lang3.reflect.TypeUtils.isAssignable(TypeUtils.java:92)
	at org.apache.commons.lang3.reflect.TypeUtils.isAssignable(TypeUtils.java:228)
	at org.apache.commons.lang3.reflect.TypeUtils.isAssignable(TypeUtils.java:84)
	at org.apache.commons.lang3.reflect.TypeUtils.isAssignable(TypeUtils.java:65)
	at org.apache.commons.lang3.reflect.TypeUtilsTest.testGetImplicitUpperBounds_Comprehensive(TypeUtilsTest.java:2640)
</error>
  </testcase>
  <testcase classname="org.apache.commons.lang3.reflect.TypeUtilsTest" name="testGetTypeArguments_Class_Comprehensive" time="0">
    <error message="Cannot invoke &quot;org.apache.commons.lang3.JavaVersion.atLeast(org.apache.commons.lang3.JavaVersion)&quot; because &quot;org.apache.commons.lang3.SystemUtils.JAVA_SPECIFICATION_VERSION_AS_ENUM&quot; is null" type="java.lang.NullPointerException">java.lang.NullPointerException: Cannot invoke &quot;org.apache.commons.lang3.JavaVersion.atLeast(org.apache.commons.lang3.JavaVersion)&quot; because &quot;org.apache.commons.lang3.SystemUtils.JAVA_SPECIFICATION_VERSION_AS_ENUM&quot; is null
	at org.apache.commons.lang3.SystemUtils.isJavaVersionAtLeast(SystemUtils.java:1388)
	at org.apache.commons.lang3.ClassUtils.isAssignable(ClassUtils.java:586)
	at org.apache.commons.lang3.reflect.TypeUtils.isAssignable(TypeUtils.java:131)
	at org.apache.commons.lang3.reflect.TypeUtils.getTypeArguments(TypeUtils.java:653)
	at org.apache.commons.lang3.reflect.TypeUtils.getTypeArguments(TypeUtils.java:548)
	at org.apache.commons.lang3.reflect.TypeUtils.getTypeArguments(TypeUtils.java:534)
	at org.apache.commons.lang3.reflect.TypeUtilsTest.testGetTypeArguments_Class_Comprehensive(TypeUtilsTest.java:1497)
</error>
  </testcase>
  <testcase classname="org.apache.commons.lang3.reflect.TypeUtilsTest" name="testGetRawTypeWithGenericArrayType" time="0"/>
  <testcase classname="org.apache.commons.lang3.reflect.TypeUtilsTest" name="testGetClosestParentType_NoInterfaceMatch" time="0">
    <error message="Cannot invoke &quot;org.apache.commons.lang3.JavaVersion.atLeast(org.apache.commons.lang3.JavaVersion)&quot; because &quot;org.apache.commons.lang3.SystemUtils.JAVA_SPECIFICATION_VERSION_AS_ENUM&quot; is null" type="java.lang.NullPointerException">java.lang.NullPointerException: Cannot invoke &quot;org.apache.commons.lang3.JavaVersion.atLeast(org.apache.commons.lang3.JavaVersion)&quot; because &quot;org.apache.commons.lang3.SystemUtils.JAVA_SPECIFICATION_VERSION_AS_ENUM&quot; is null
	at org.apache.commons.lang3.SystemUtils.isJavaVersionAtLeast(SystemUtils.java:1388)
	at org.apache.commons.lang3.ClassUtils.isAssignable(ClassUtils.java:586)
	at org.apache.commons.lang3.reflect.TypeUtils.isAssignable(TypeUtils.java:131)
	at org.apache.commons.lang3.reflect.TypeUtils.getTypeArguments(TypeUtils.java:653)
	at org.apache.commons.lang3.reflect.TypeUtils.getTypeArguments(TypeUtils.java:548)
	at org.apache.commons.lang3.reflect.TypeUtils.getTypeArguments(TypeUtils.java:534)
	at org.apache.commons.lang3.reflect.TypeUtilsTest.testGetClosestParentType_NoInterfaceMatch(TypeUtilsTest.java:1932)
</error>
  </testcase>
  <testcase classname="org.apache.commons.lang3.reflect.TypeUtilsTest" name="testIsAssignableTypeVariable" time="0"/>
  <testcase classname="org.apache.commons.lang3.reflect.TypeUtilsTest" name="testLang820" time="0"/>
  <testcase classname="org.apache.commons.lang3.reflect.TypeUtilsTest" name="testGetTypeArguments_Class_AllPaths" time="0">
    <error message="Cannot invoke &quot;org.apache.commons.lang3.JavaVersion.atLeast(org.apache.commons.lang3.JavaVersion)&quot; because &quot;org.apache.commons.lang3.SystemUtils.JAVA_SPECIFICATION_VERSION_AS_ENUM&quot; is null" type="java.lang.NullPointerException">java.lang.NullPointerException: Cannot invoke &quot;org.apache.commons.lang3.JavaVersion.atLeast(org.apache.commons.lang3.JavaVersion)&quot; because &quot;org.apache.commons.lang3.SystemUtils.JAVA_SPECIFICATION_VERSION_AS_ENUM&quot; is null
	at org.apache.commons.lang3.SystemUtils.isJavaVersionAtLeast(SystemUtils.java:1388)
	at org.apache.commons.lang3.ClassUtils.isAssignable(ClassUtils.java:586)
	at org.apache.commons.lang3.reflect.TypeUtils.isAssignable(TypeUtils.java:131)
	at org.apache.commons.lang3.reflect.TypeUtils.getTypeArguments(TypeUtils.java:653)
	at org.apache.commons.lang3.reflect.TypeUtils.getTypeArguments(TypeUtils.java:548)
	at org.apache.commons.lang3.reflect.TypeUtils.getTypeArguments(TypeUtils.java:534)
	at org.apache.commons.lang3.reflect.TypeUtilsTest.testGetTypeArguments_Class_AllPaths(TypeUtilsTest.java:1829)
</error>
  </testcase>
  <testcase classname="org.apache.commons.lang3.reflect.TypeUtilsTest" name="testIsAssignableWithTypeVarAssigns" time="0">
    <error message="Cannot invoke &quot;org.apache.commons.lang3.JavaVersion.atLeast(org.apache.commons.lang3.JavaVersion)&quot; because &quot;org.apache.commons.lang3.SystemUtils.JAVA_SPECIFICATION_VERSION_AS_ENUM&quot; is null" type="java.lang.NullPointerException">java.lang.NullPointerException: Cannot invoke &quot;org.apache.commons.lang3.JavaVersion.atLeast(org.apache.commons.lang3.JavaVersion)&quot; because &quot;org.apache.commons.lang3.SystemUtils.JAVA_SPECIFICATION_VERSION_AS_ENUM&quot; is null
	at org.apache.commons.lang3.SystemUtils.isJavaVersionAtLeast(SystemUtils.java:1388)
	at org.apache.commons.lang3.ClassUtils.isAssignable(ClassUtils.java:586)
	at org.apache.commons.lang3.reflect.TypeUtils.isAssignable(TypeUtils.java:131)
	at org.apache.commons.lang3.reflect.TypeUtils.determineTypeArguments(TypeUtils.java:715)
	at org.apache.commons.lang3.reflect.TypeUtilsTest.testIsAssignableWithTypeVarAssigns(TypeUtilsTest.java:1119)
</error>
  </testcase>
  <testcase classname="org.apache.commons.lang3.reflect.TypeUtilsTest" name="testGetClosestParentType_AllPaths" time="0">
    <error message="Cannot invoke &quot;org.apache.commons.lang3.JavaVersion.atLeast(org.apache.commons.lang3.JavaVersion)&quot; because &quot;org.apache.commons.lang3.SystemUtils.JAVA_SPECIFICATION_VERSION_AS_ENUM&quot; is null" type="java.lang.NullPointerException">java.lang.NullPointerException: Cannot invoke &quot;org.apache.commons.lang3.JavaVersion.atLeast(org.apache.commons.lang3.JavaVersion)&quot; because &quot;org.apache.commons.lang3.SystemUtils.JAVA_SPECIFICATION_VERSION_AS_ENUM&quot; is null
	at org.apache.commons.lang3.SystemUtils.isJavaVersionAtLeast(SystemUtils.java:1388)
	at org.apache.commons.lang3.ClassUtils.isAssignable(ClassUtils.java:586)
	at org.apache.commons.lang3.reflect.TypeUtils.isAssignable(TypeUtils.java:131)
	at org.apache.commons.lang3.reflect.TypeUtils.getTypeArguments(TypeUtils.java:653)
	at org.apache.commons.lang3.reflect.TypeUtils.getTypeArguments(TypeUtils.java:548)
	at org.apache.commons.lang3.reflect.TypeUtils.getTypeArguments(TypeUtils.java:534)
	at org.apache.commons.lang3.reflect.TypeUtilsTest.testGetClosestParentType_AllPaths(TypeUtilsTest.java:1566)
</error>
  </testcase>
  <testcase classname="org.apache.commons.lang3.reflect.TypeUtilsTest" name="testMapTypeVariablesToArguments_NoMatch" time="0.034">
    <error message="Cannot invoke &quot;org.apache.commons.lang3.JavaVersion.atLeast(org.apache.commons.lang3.JavaVersion)&quot; because &quot;org.apache.commons.lang3.SystemUtils.JAVA_SPECIFICATION_VERSION_AS_ENUM&quot; is null" type="java.lang.NullPointerException">java.lang.NullPointerException: Cannot invoke &quot;org.apache.commons.lang3.JavaVersion.atLeast(org.apache.commons.lang3.JavaVersion)&quot; because &quot;org.apache.commons.lang3.SystemUtils.JAVA_SPECIFICATION_VERSION_AS_ENUM&quot; is null
	at org.apache.commons.lang3.SystemUtils.isJavaVersionAtLeast(SystemUtils.java:1388)
	at org.apache.commons.lang3.ClassUtils.isAssignable(ClassUtils.java:586)
	at org.apache.commons.lang3.reflect.TypeUtils.isAssignable(TypeUtils.java:131)
	at org.apache.commons.lang3.reflect.TypeUtils.determineTypeArguments(TypeUtils.java:715)
	at org.apache.commons.lang3.reflect.TypeUtilsTest.testMapTypeVariablesToArguments_NoMatch(TypeUtilsTest.java:1942)
</error>
  </testcase>
  <testcase classname="org.apache.commons.lang3.reflect.TypeUtilsTest" name="testIsAssignableGenericArrayType" time="0">
    <error message="Cannot invoke &quot;org.apache.commons.lang3.JavaVersion.atLeast(org.apache.commons.lang3.JavaVersion)&quot; because &quot;org.apache.commons.lang3.SystemUtils.JAVA_SPECIFICATION_VERSION_AS_ENUM&quot; is null" type="java.lang.NullPointerException">java.lang.NullPointerException: Cannot invoke &quot;org.apache.commons.lang3.JavaVersion.atLeast(org.apache.commons.lang3.JavaVersion)&quot; because &quot;org.apache.commons.lang3.SystemUtils.JAVA_SPECIFICATION_VERSION_AS_ENUM&quot; is null
	at org.apache.commons.lang3.SystemUtils.isJavaVersionAtLeast(SystemUtils.java:1388)
	at org.apache.commons.lang3.ClassUtils.isAssignable(ClassUtils.java:586)
	at org.apache.commons.lang3.reflect.TypeUtils.isAssignable(TypeUtils.java:131)
	at org.apache.commons.lang3.reflect.TypeUtils.isAssignable(TypeUtils.java:80)
	at org.apache.commons.lang3.reflect.TypeUtils.isAssignable(TypeUtils.java:397)
	at org.apache.commons.lang3.reflect.TypeUtils.isAssignable(TypeUtils.java:92)
	at org.apache.commons.lang3.reflect.TypeUtils.isAssignable(TypeUtils.java:228)
	at org.apache.commons.lang3.reflect.TypeUtils.isAssignable(TypeUtils.java:84)
	at org.apache.commons.lang3.reflect.TypeUtils.isAssignable(TypeUtils.java:289)
	at org.apache.commons.lang3.reflect.TypeUtils.isAssignable(TypeUtils.java:88)
	at org.apache.commons.lang3.reflect.TypeUtils.isAssignable(TypeUtils.java:65)
	at org.apache.commons.lang3.reflect.TypeUtilsTest.testIsAssignableGenericArrayType(TypeUtilsTest.java:728)
</error>
  </testcase>
  <testcase classname="org.apache.commons.lang3.reflect.TypeUtilsTest" name="testIsAssignable_GenericArrayType_Comprehensive" time="0">
    <error message="Cannot invoke &quot;org.apache.commons.lang3.JavaVersion.atLeast(org.apache.commons.lang3.JavaVersion)&quot; because &quot;org.apache.commons.lang3.SystemUtils.JAVA_SPECIFICATION_VERSION_AS_ENUM&quot; is null" type="java.lang.NullPointerException">java.lang.NullPointerException: Cannot invoke &quot;org.apache.commons.lang3.JavaVersion.atLeast(org.apache.commons.lang3.JavaVersion)&quot; because &quot;org.apache.commons.lang3.SystemUtils.JAVA_SPECIFICATION_VERSION_AS_ENUM&quot; is null
	at org.apache.commons.lang3.SystemUtils.isJavaVersionAtLeast(SystemUtils.java:1388)
	at org.apache.commons.lang3.ClassUtils.isAssignable(ClassUtils.java:586)
	at org.apache.commons.lang3.reflect.TypeUtils.isAssignable(TypeUtils.java:131)
	at org.apache.commons.lang3.reflect.TypeUtils.isAssignable(TypeUtils.java:80)
	at org.apache.commons.lang3.reflect.TypeUtils.isAssignable(TypeUtils.java:397)
	at org.apache.commons.lang3.reflect.TypeUtils.isAssignable(TypeUtils.java:92)
	at org.apache.commons.lang3.reflect.TypeUtils.isAssignable(TypeUtils.java:228)
	at org.apache.commons.lang3.reflect.TypeUtils.isAssignable(TypeUtils.java:84)
	at org.apache.commons.lang3.reflect.TypeUtils.isAssignable(TypeUtils.java:289)
	at org.apache.commons.lang3.reflect.TypeUtils.isAssignable(TypeUtils.java:88)
	at org.apache.commons.lang3.reflect.TypeUtils.isAssignable(TypeUtils.java:65)
	at org.apache.commons.lang3.reflect.TypeUtilsTest.testIsAssignable_GenericArrayType_Comprehensive(TypeUtilsTest.java:2269)
</error>
  </testcase>
  <testcase classname="org.apache.commons.lang3.reflect.TypeUtilsTest" name="testIsInstance_WithComplexParameterizedTypes" time="0">
    <error message="Cannot invoke &quot;org.apache.commons.lang3.JavaVersion.atLeast(org.apache.commons.lang3.JavaVersion)&quot; because &quot;org.apache.commons.lang3.SystemUtils.JAVA_SPECIFICATION_VERSION_AS_ENUM&quot; is null" type="java.lang.NullPointerException">java.lang.NullPointerException: Cannot invoke &quot;org.apache.commons.lang3.JavaVersion.atLeast(org.apache.commons.lang3.JavaVersion)&quot; because &quot;org.apache.commons.lang3.SystemUtils.JAVA_SPECIFICATION_VERSION_AS_ENUM&quot; is null
	at org.apache.commons.lang3.SystemUtils.isJavaVersionAtLeast(SystemUtils.java:1388)
	at org.apache.commons.lang3.ClassUtils.isAssignable(ClassUtils.java:586)
	at org.apache.commons.lang3.reflect.TypeUtils.isAssignable(TypeUtils.java:131)
	at org.apache.commons.lang3.reflect.TypeUtils.getTypeArguments(TypeUtils.java:653)
	at org.apache.commons.lang3.reflect.TypeUtils.getTypeArguments(TypeUtils.java:548)
	at org.apache.commons.lang3.reflect.TypeUtils.isAssignable(TypeUtils.java:200)
	at org.apache.commons.lang3.reflect.TypeUtils.isAssignable(TypeUtils.java:84)
	at org.apache.commons.lang3.reflect.TypeUtils.isInstance(TypeUtils.java:851)
	at org.apache.commons.lang3.reflect.TypeUtilsTest.testIsInstance_WithComplexParameterizedTypes(TypeUtilsTest.java:2125)
</error>
  </testcase>
  <testcase classname="org.apache.commons.lang3.reflect.TypeUtilsTest" name="testGetClosestParentType_UnexpectedInterfaceType" time="0">
    <error message="Cannot invoke &quot;org.apache.commons.lang3.JavaVersion.atLeast(org.apache.commons.lang3.JavaVersion)&quot; because &quot;org.apache.commons.lang3.SystemUtils.JAVA_SPECIFICATION_VERSION_AS_ENUM&quot; is null" type="java.lang.NullPointerException">java.lang.NullPointerException: Cannot invoke &quot;org.apache.commons.lang3.JavaVersion.atLeast(org.apache.commons.lang3.JavaVersion)&quot; because &quot;org.apache.commons.lang3.SystemUtils.JAVA_SPECIFICATION_VERSION_AS_ENUM&quot; is null
	at org.apache.commons.lang3.SystemUtils.isJavaVersionAtLeast(SystemUtils.java:1388)
	at org.apache.commons.lang3.ClassUtils.isAssignable(ClassUtils.java:586)
	at org.apache.commons.lang3.reflect.TypeUtils.isAssignable(TypeUtils.java:131)
	at org.apache.commons.lang3.reflect.TypeUtils.getTypeArguments(TypeUtils.java:653)
	at org.apache.commons.lang3.reflect.TypeUtils.getTypeArguments(TypeUtils.java:548)
	at org.apache.commons.lang3.reflect.TypeUtils.getTypeArguments(TypeUtils.java:534)
	at org.apache.commons.lang3.reflect.TypeUtilsTest.testGetClosestParentType_UnexpectedInterfaceType(TypeUtilsTest.java:1791)
</error>
  </testcase>
  <testcase classname="org.apache.commons.lang3.reflect.TypeUtilsTest" name="testMapTypeVariablesToArguments_OwnerType" time="0"/>
  <testcase classname="org.apache.commons.lang3.reflect.TypeUtilsTest" name="testIsAssignable" time="0.04">
    <error message="Cannot invoke &quot;org.apache.commons.lang3.JavaVersion.atLeast(org.apache.commons.lang3.JavaVersion)&quot; because &quot;org.apache.commons.lang3.SystemUtils.JAVA_SPECIFICATION_VERSION_AS_ENUM&quot; is null" type="java.lang.NullPointerException">java.lang.NullPointerException: Cannot invoke &quot;org.apache.commons.lang3.JavaVersion.atLeast(org.apache.commons.lang3.JavaVersion)&quot; because &quot;org.apache.commons.lang3.SystemUtils.JAVA_SPECIFICATION_VERSION_AS_ENUM&quot; is null
	at org.apache.commons.lang3.SystemUtils.isJavaVersionAtLeast(SystemUtils.java:1388)
	at org.apache.commons.lang3.ClassUtils.isAssignable(ClassUtils.java:586)
	at org.apache.commons.lang3.reflect.TypeUtils.isAssignable(TypeUtils.java:131)
	at org.apache.commons.lang3.reflect.TypeUtils.isAssignable(TypeUtils.java:80)
	at org.apache.commons.lang3.reflect.TypeUtils.isAssignable(TypeUtils.java:397)
	at org.apache.commons.lang3.reflect.TypeUtils.isAssignable(TypeUtils.java:92)
	at org.apache.commons.lang3.reflect.TypeUtils.isAssignable(TypeUtils.java:228)
	at org.apache.commons.lang3.reflect.TypeUtils.isAssignable(TypeUtils.java:84)
	at org.apache.commons.lang3.reflect.TypeUtils.isAssignable(TypeUtils.java:65)
	at org.apache.commons.lang3.reflect.TypeUtilsTest.delegateBooleanAssertion(TypeUtilsTest.java:449)
	at org.apache.commons.lang3.reflect.TypeUtilsTest.testIsAssignable(TypeUtilsTest.java:172)
</error>
  </testcase>
  <testcase classname="org.apache.commons.lang3.reflect.TypeUtilsTest" name="testTypeUtilsConstructor" time="0"/>
  <testcase classname="org.apache.commons.lang3.reflect.TypeUtilsTest" name="testGetPrimitiveArrayComponentType" time="0"/>
  <testcase classname="org.apache.commons.lang3.reflect.TypeUtilsTest" name="testGetRawTypeWithTypeVariable" time="0"/>
  <testcase classname="org.apache.commons.lang3.reflect.TypeUtilsTest" name="testGetTypeArgumentsWithGenericArrayType" time="0"/>
  <testcase classname="org.apache.commons.lang3.reflect.TypeUtilsTest" name="testIsAssignableClassWithGenericArrayType" time="0"/>
  <testcase classname="org.apache.commons.lang3.reflect.TypeUtilsTest" name="testGetClosestParentTypeWithSuperclass" time="0">
    <error message="Cannot invoke &quot;org.apache.commons.lang3.JavaVersion.atLeast(org.apache.commons.lang3.JavaVersion)&quot; because &quot;org.apache.commons.lang3.SystemUtils.JAVA_SPECIFICATION_VERSION_AS_ENUM&quot; is null" type="java.lang.NullPointerException">java.lang.NullPointerException: Cannot invoke &quot;org.apache.commons.lang3.JavaVersion.atLeast(org.apache.commons.lang3.JavaVersion)&quot; because &quot;org.apache.commons.lang3.SystemUtils.JAVA_SPECIFICATION_VERSION_AS_ENUM&quot; is null
	at org.apache.commons.lang3.SystemUtils.isJavaVersionAtLeast(SystemUtils.java:1388)
	at org.apache.commons.lang3.ClassUtils.isAssignable(ClassUtils.java:586)
	at org.apache.commons.lang3.reflect.TypeUtils.isAssignable(TypeUtils.java:131)
	at org.apache.commons.lang3.reflect.TypeUtils.getTypeArguments(TypeUtils.java:653)
	at org.apache.commons.lang3.reflect.TypeUtils.getTypeArguments(TypeUtils.java:548)
	at org.apache.commons.lang3.reflect.TypeUtils.getTypeArguments(TypeUtils.java:534)
	at org.apache.commons.lang3.reflect.TypeUtilsTest.testGetClosestParentTypeWithSuperclass(TypeUtilsTest.java:1078)
</error>
  </testcase>
  <testcase classname="org.apache.commons.lang3.reflect.TypeUtilsTest" name="testGetTypeArgumentsWithParameterizedTypeAndOwner" time="0"/>
  <testcase classname="org.apache.commons.lang3.reflect.TypeUtilsTest" name="testTypesSatisfyVariables_Comprehensive" time="0">
    <error message="Cannot invoke &quot;org.apache.commons.lang3.JavaVersion.atLeast(org.apache.commons.lang3.JavaVersion)&quot; because &quot;org.apache.commons.lang3.SystemUtils.JAVA_SPECIFICATION_VERSION_AS_ENUM&quot; is null" type="java.lang.NullPointerException">java.lang.NullPointerException: Cannot invoke &quot;org.apache.commons.lang3.JavaVersion.atLeast(org.apache.commons.lang3.JavaVersion)&quot; because &quot;org.apache.commons.lang3.SystemUtils.JAVA_SPECIFICATION_VERSION_AS_ENUM&quot; is null
	at org.apache.commons.lang3.SystemUtils.isJavaVersionAtLeast(SystemUtils.java:1388)
	at org.apache.commons.lang3.ClassUtils.isAssignable(ClassUtils.java:586)
	at org.apache.commons.lang3.reflect.TypeUtils.isAssignable(TypeUtils.java:131)
	at org.apache.commons.lang3.reflect.TypeUtils.isAssignable(TypeUtils.java:80)
	at org.apache.commons.lang3.reflect.TypeUtils.typesSatisfyVariables(TypeUtils.java:968)
	at org.apache.commons.lang3.reflect.TypeUtilsTest.testTypesSatisfyVariables_Comprehensive(TypeUtilsTest.java:1458)
</error>
  </testcase>
  <testcase classname="org.apache.commons.lang3.reflect.TypeUtilsTest" name="testTypesSatisfyVariables" time="0">
    <error message="Cannot invoke &quot;org.apache.commons.lang3.JavaVersion.atLeast(org.apache.commons.lang3.JavaVersion)&quot; because &quot;org.apache.commons.lang3.SystemUtils.JAVA_SPECIFICATION_VERSION_AS_ENUM&quot; is null" type="java.lang.NullPointerException">java.lang.NullPointerException: Cannot invoke &quot;org.apache.commons.lang3.JavaVersion.atLeast(org.apache.commons.lang3.JavaVersion)&quot; because &quot;org.apache.commons.lang3.SystemUtils.JAVA_SPECIFICATION_VERSION_AS_ENUM&quot; is null
	at org.apache.commons.lang3.SystemUtils.isJavaVersionAtLeast(SystemUtils.java:1388)
	at org.apache.commons.lang3.ClassUtils.isAssignable(ClassUtils.java:586)
	at org.apache.commons.lang3.reflect.TypeUtils.isAssignable(TypeUtils.java:131)
	at org.apache.commons.lang3.reflect.TypeUtils.getTypeArguments(TypeUtils.java:653)
	at org.apache.commons.lang3.reflect.TypeUtils.getTypeArguments(TypeUtils.java:548)
	at org.apache.commons.lang3.reflect.TypeUtils.isAssignable(TypeUtils.java:200)
	at org.apache.commons.lang3.reflect.TypeUtils.isAssignable(TypeUtils.java:84)
	at org.apache.commons.lang3.reflect.TypeUtils.typesSatisfyVariables(TypeUtils.java:968)
	at org.apache.commons.lang3.reflect.TypeUtilsTest.testTypesSatisfyVariables(TypeUtilsTest.java:528)
</error>
  </testcase>
  <testcase classname="org.apache.commons.lang3.reflect.TypeUtilsTest" name="testIsAssignableWithParameterizedType" time="0"/>
  <testcase classname="org.apache.commons.lang3.reflect.TypeUtilsTest" name="testGetRawType_TypeVariable_Complex" time="0"/>
  <testcase classname="org.apache.commons.lang3.reflect.TypeUtilsTest" name="testDetermineTypeArguments_AllPaths" time="0">
    <error message="Cannot invoke &quot;org.apache.commons.lang3.JavaVersion.atLeast(org.apache.commons.lang3.JavaVersion)&quot; because &quot;org.apache.commons.lang3.SystemUtils.JAVA_SPECIFICATION_VERSION_AS_ENUM&quot; is null" type="java.lang.NullPointerException">java.lang.NullPointerException: Cannot invoke &quot;org.apache.commons.lang3.JavaVersion.atLeast(org.apache.commons.lang3.JavaVersion)&quot; because &quot;org.apache.commons.lang3.SystemUtils.JAVA_SPECIFICATION_VERSION_AS_ENUM&quot; is null
	at org.apache.commons.lang3.SystemUtils.isJavaVersionAtLeast(SystemUtils.java:1388)
	at org.apache.commons.lang3.ClassUtils.isAssignable(ClassUtils.java:586)
	at org.apache.commons.lang3.reflect.TypeUtils.isAssignable(TypeUtils.java:131)
	at org.apache.commons.lang3.reflect.TypeUtils.determineTypeArguments(TypeUtils.java:715)
	at org.apache.commons.lang3.reflect.TypeUtilsTest.testDetermineTypeArguments_AllPaths(TypeUtilsTest.java:1644)
</error>
  </testcase>
  <testcase classname="org.apache.commons.lang3.reflect.TypeUtilsTest" name="testGetClosestParentTypeWithInterfaces" time="0.028">
    <error message="Cannot invoke &quot;org.apache.commons.lang3.JavaVersion.atLeast(org.apache.commons.lang3.JavaVersion)&quot; because &quot;org.apache.commons.lang3.SystemUtils.JAVA_SPECIFICATION_VERSION_AS_ENUM&quot; is null" type="java.lang.NullPointerException">java.lang.NullPointerException: Cannot invoke &quot;org.apache.commons.lang3.JavaVersion.atLeast(org.apache.commons.lang3.JavaVersion)&quot; because &quot;org.apache.commons.lang3.SystemUtils.JAVA_SPECIFICATION_VERSION_AS_ENUM&quot; is null
	at org.apache.commons.lang3.SystemUtils.isJavaVersionAtLeast(SystemUtils.java:1388)
	at org.apache.commons.lang3.ClassUtils.isAssignable(ClassUtils.java:586)
	at org.apache.commons.lang3.reflect.TypeUtils.isAssignable(TypeUtils.java:131)
	at org.apache.commons.lang3.reflect.TypeUtils.getTypeArguments(TypeUtils.java:653)
	at org.apache.commons.lang3.reflect.TypeUtils.getTypeArguments(TypeUtils.java:548)
	at org.apache.commons.lang3.reflect.TypeUtils.getTypeArguments(TypeUtils.java:534)
	at org.apache.commons.lang3.reflect.TypeUtilsTest.testGetClosestParentTypeWithInterfaces(TypeUtilsTest.java:1067)
</error>
  </testcase>
  <testcase classname="org.apache.commons.lang3.reflect.TypeUtilsTest" name="testGetTypeArguments_GenericArrayType_Comprehensive" time="0">
    <error message="Cannot invoke &quot;org.apache.commons.lang3.JavaVersion.atLeast(org.apache.commons.lang3.JavaVersion)&quot; because &quot;org.apache.commons.lang3.SystemUtils.JAVA_SPECIFICATION_VERSION_AS_ENUM&quot; is null" type="java.lang.NullPointerException">java.lang.NullPointerException: Cannot invoke &quot;org.apache.commons.lang3.JavaVersion.atLeast(org.apache.commons.lang3.JavaVersion)&quot; because &quot;org.apache.commons.lang3.SystemUtils.JAVA_SPECIFICATION_VERSION_AS_ENUM&quot; is null
	at org.apache.commons.lang3.SystemUtils.isJavaVersionAtLeast(SystemUtils.java:1388)
	at org.apache.commons.lang3.ClassUtils.isAssignable(ClassUtils.java:586)
	at org.apache.commons.lang3.reflect.TypeUtils.isAssignable(TypeUtils.java:131)
	at org.apache.commons.lang3.reflect.TypeUtils.getTypeArguments(TypeUtils.java:603)
	at org.apache.commons.lang3.reflect.TypeUtils.getTypeArguments(TypeUtils.java:552)
	at org.apache.commons.lang3.reflect.TypeUtils.getTypeArguments(TypeUtils.java:556)
	at org.apache.commons.lang3.reflect.TypeUtils.getTypeArguments(TypeUtils.java:534)
	at org.apache.commons.lang3.reflect.TypeUtilsTest.testGetTypeArguments_GenericArrayType_Comprehensive(TypeUtilsTest.java:1237)
</error>
  </testcase>
  <testcase classname="org.apache.commons.lang3.reflect.TypeUtilsTest" name="testIsAssignableGenericArrayTypeWithWildcard" time="0"/>
  <testcase classname="org.apache.commons.lang3.reflect.TypeUtilsTest" name="testTypesSatisfyVariables_Comprehensive_Enhanced" time="0">
    <error message="Cannot invoke &quot;org.apache.commons.lang3.JavaVersion.atLeast(org.apache.commons.lang3.JavaVersion)&quot; because &quot;org.apache.commons.lang3.SystemUtils.JAVA_SPECIFICATION_VERSION_AS_ENUM&quot; is null" type="java.lang.NullPointerException">java.lang.NullPointerException: Cannot invoke &quot;org.apache.commons.lang3.JavaVersion.atLeast(org.apache.commons.lang3.JavaVersion)&quot; because &quot;org.apache.commons.lang3.SystemUtils.JAVA_SPECIFICATION_VERSION_AS_ENUM&quot; is null
	at org.apache.commons.lang3.SystemUtils.isJavaVersionAtLeast(SystemUtils.java:1388)
	at org.apache.commons.lang3.ClassUtils.isAssignable(ClassUtils.java:586)
	at org.apache.commons.lang3.reflect.TypeUtils.isAssignable(TypeUtils.java:131)
	at org.apache.commons.lang3.reflect.TypeUtils.isAssignable(TypeUtils.java:80)
	at org.apache.commons.lang3.reflect.TypeUtils.typesSatisfyVariables(TypeUtils.java:968)
	at org.apache.commons.lang3.reflect.TypeUtilsTest.testTypesSatisfyVariables_Comprehensive_Enhanced(TypeUtilsTest.java:2508)
</error>
  </testcase>
  <testcase classname="org.apache.commons.lang3.reflect.TypeUtilsTest" name="testGetTypeArguments_WithTypeVarInMap" time="0"/>
  <testcase classname="org.apache.commons.lang3.reflect.TypeUtilsTest" name="testMapTypeVariablesToArguments_WithOwnerType_UsingExistingClasses" time="0.001">
    <error message="Cannot invoke &quot;org.apache.commons.lang3.JavaVersion.atLeast(org.apache.commons.lang3.JavaVersion)&quot; because &quot;org.apache.commons.lang3.SystemUtils.JAVA_SPECIFICATION_VERSION_AS_ENUM&quot; is null" type="java.lang.NullPointerException">java.lang.NullPointerException: Cannot invoke &quot;org.apache.commons.lang3.JavaVersion.atLeast(org.apache.commons.lang3.JavaVersion)&quot; because &quot;org.apache.commons.lang3.SystemUtils.JAVA_SPECIFICATION_VERSION_AS_ENUM&quot; is null
	at org.apache.commons.lang3.SystemUtils.isJavaVersionAtLeast(SystemUtils.java:1388)
	at org.apache.commons.lang3.ClassUtils.isAssignable(ClassUtils.java:586)
	at org.apache.commons.lang3.reflect.TypeUtils.isAssignable(TypeUtils.java:131)
	at org.apache.commons.lang3.reflect.TypeUtils.determineTypeArguments(TypeUtils.java:715)
	at org.apache.commons.lang3.reflect.TypeUtilsTest.testMapTypeVariablesToArguments_WithOwnerType_UsingExistingClasses(TypeUtilsTest.java:2218)
</error>
  </testcase>
  <testcase classname="org.apache.commons.lang3.reflect.TypeUtilsTest" name="testIsAssignableWithWildcardType" time="0">
    <error message="Cannot invoke &quot;org.apache.commons.lang3.JavaVersion.atLeast(org.apache.commons.lang3.JavaVersion)&quot; because &quot;org.apache.commons.lang3.SystemUtils.JAVA_SPECIFICATION_VERSION_AS_ENUM&quot; is null" type="java.lang.NullPointerException">java.lang.NullPointerException: Cannot invoke &quot;org.apache.commons.lang3.JavaVersion.atLeast(org.apache.commons.lang3.JavaVersion)&quot; because &quot;org.apache.commons.lang3.SystemUtils.JAVA_SPECIFICATION_VERSION_AS_ENUM&quot; is null
	at org.apache.commons.lang3.SystemUtils.isJavaVersionAtLeast(SystemUtils.java:1388)
	at org.apache.commons.lang3.ClassUtils.isAssignable(ClassUtils.java:586)
	at org.apache.commons.lang3.reflect.TypeUtils.isAssignable(TypeUtils.java:131)
	at org.apache.commons.lang3.reflect.TypeUtils.isAssignable(TypeUtils.java:80)
	at org.apache.commons.lang3.reflect.TypeUtils.isAssignable(TypeUtils.java:370)
	at org.apache.commons.lang3.reflect.TypeUtils.isAssignable(TypeUtils.java:92)
	at org.apache.commons.lang3.reflect.TypeUtils.isAssignable(TypeUtils.java:228)
	at org.apache.commons.lang3.reflect.TypeUtils.isAssignable(TypeUtils.java:84)
	at org.apache.commons.lang3.reflect.TypeUtils.isAssignable(TypeUtils.java:65)
	at org.apache.commons.lang3.reflect.TypeUtilsTest.testIsAssignableWithWildcardType(TypeUtilsTest.java:900)
</error>
  </testcase>
  <testcase classname="org.apache.commons.lang3.reflect.TypeUtilsTest" name="testIsArrayTypeClasses" time="0"/>
  <testcase classname="org.apache.commons.lang3.reflect.TypeUtilsTest" name="testIsAssignable_TypeVariable_Comprehensive" time="0.001">
    <error message="found an unhandled type: T" type="java.lang.IllegalStateException">java.lang.IllegalStateException: found an unhandled type: T
	at org.apache.commons.lang3.reflect.TypeUtils.isAssignable(TypeUtils.java:460)
	at org.apache.commons.lang3.reflect.TypeUtils.isAssignable(TypeUtils.java:97)
	at org.apache.commons.lang3.reflect.TypeUtils.isAssignable(TypeUtils.java:65)
	at org.apache.commons.lang3.reflect.TypeUtilsTest.testIsAssignable_TypeVariable_Comprehensive(TypeUtilsTest.java:1377)
</error>
  </testcase>
  <testcase classname="org.apache.commons.lang3.reflect.TypeUtilsTest" name="testNormalizeUpperBounds_Comprehensive" time="0">
    <error message="Cannot invoke &quot;org.apache.commons.lang3.JavaVersion.atLeast(org.apache.commons.lang3.JavaVersion)&quot; because &quot;org.apache.commons.lang3.SystemUtils.JAVA_SPECIFICATION_VERSION_AS_ENUM&quot; is null" type="java.lang.NullPointerException">java.lang.NullPointerException: Cannot invoke &quot;org.apache.commons.lang3.JavaVersion.atLeast(org.apache.commons.lang3.JavaVersion)&quot; because &quot;org.apache.commons.lang3.SystemUtils.JAVA_SPECIFICATION_VERSION_AS_ENUM&quot; is null
	at org.apache.commons.lang3.SystemUtils.isJavaVersionAtLeast(SystemUtils.java:1388)
	at org.apache.commons.lang3.ClassUtils.isAssignable(ClassUtils.java:586)
	at org.apache.commons.lang3.reflect.TypeUtils.isAssignable(TypeUtils.java:131)
	at org.apache.commons.lang3.reflect.TypeUtils.isAssignable(TypeUtils.java:80)
	at org.apache.commons.lang3.reflect.TypeUtils.normalizeUpperBounds(TypeUtils.java:887)
	at org.apache.commons.lang3.reflect.TypeUtilsTest.testNormalizeUpperBounds_Comprehensive(TypeUtilsTest.java:1429)
</error>
  </testcase>
  <testcase classname="org.apache.commons.lang3.reflect.TypeUtilsTest" name="testGetTypeArguments_TypeClassMap_Comprehensive" time="0">
    <error message="Cannot invoke &quot;org.apache.commons.lang3.JavaVersion.atLeast(org.apache.commons.lang3.JavaVersion)&quot; because &quot;org.apache.commons.lang3.SystemUtils.JAVA_SPECIFICATION_VERSION_AS_ENUM&quot; is null" type="java.lang.NullPointerException">java.lang.NullPointerException: Cannot invoke &quot;org.apache.commons.lang3.JavaVersion.atLeast(org.apache.commons.lang3.JavaVersion)&quot; because &quot;org.apache.commons.lang3.SystemUtils.JAVA_SPECIFICATION_VERSION_AS_ENUM&quot; is null
	at org.apache.commons.lang3.SystemUtils.isJavaVersionAtLeast(SystemUtils.java:1388)
	at org.apache.commons.lang3.ClassUtils.isAssignable(ClassUtils.java:586)
	at org.apache.commons.lang3.reflect.TypeUtils.isAssignable(TypeUtils.java:131)
	at org.apache.commons.lang3.reflect.TypeUtils.getTypeArguments(TypeUtils.java:653)
	at org.apache.commons.lang3.reflect.TypeUtils.getTypeArguments(TypeUtils.java:548)
	at org.apache.commons.lang3.reflect.TypeUtils.getTypeArguments(TypeUtils.java:534)
	at org.apache.commons.lang3.reflect.TypeUtilsTest.testGetTypeArguments_TypeClassMap_Comprehensive(TypeUtilsTest.java:2420)
</error>
  </testcase>
  <testcase classname="org.apache.commons.lang3.reflect.TypeUtilsTest" name="testSubstituteTypeVariables_AllPaths" time="0.001">
    <error message="Cannot invoke &quot;org.apache.commons.lang3.JavaVersion.atLeast(org.apache.commons.lang3.JavaVersion)&quot; because &quot;org.apache.commons.lang3.SystemUtils.JAVA_SPECIFICATION_VERSION_AS_ENUM&quot; is null" type="java.lang.NullPointerException">java.lang.NullPointerException: Cannot invoke &quot;org.apache.commons.lang3.JavaVersion.atLeast(org.apache.commons.lang3.JavaVersion)&quot; because &quot;org.apache.commons.lang3.SystemUtils.JAVA_SPECIFICATION_VERSION_AS_ENUM&quot; is null
	at org.apache.commons.lang3.SystemUtils.isJavaVersionAtLeast(SystemUtils.java:1388)
	at org.apache.commons.lang3.ClassUtils.isAssignable(ClassUtils.java:586)
	at org.apache.commons.lang3.reflect.TypeUtils.isAssignable(TypeUtils.java:131)
	at org.apache.commons.lang3.reflect.TypeUtils.isAssignable(TypeUtils.java:80)
	at org.apache.commons.lang3.reflect.TypeUtils.typesSatisfyVariables(TypeUtils.java:968)
	at org.apache.commons.lang3.reflect.TypeUtilsTest.testSubstituteTypeVariables_AllPaths(TypeUtilsTest.java:1681)
</error>
  </testcase>
  <testcase classname="org.apache.commons.lang3.reflect.TypeUtilsTest" name="testIsAssignableGenericArrayTypeWithParameterizedType" time="0"/>
  <testcase classname="org.apache.commons.lang3.reflect.TypeUtilsTest" name="testDetermineTypeArguments_Complex_UsingExistingClasses" time="0">
    <error message="Cannot invoke &quot;org.apache.commons.lang3.JavaVersion.atLeast(org.apache.commons.lang3.JavaVersion)&quot; because &quot;org.apache.commons.lang3.SystemUtils.JAVA_SPECIFICATION_VERSION_AS_ENUM&quot; is null" type="java.lang.NullPointerException">java.lang.NullPointerException: Cannot invoke &quot;org.apache.commons.lang3.JavaVersion.atLeast(org.apache.commons.lang3.JavaVersion)&quot; because &quot;org.apache.commons.lang3.SystemUtils.JAVA_SPECIFICATION_VERSION_AS_ENUM&quot; is null
	at org.apache.commons.lang3.SystemUtils.isJavaVersionAtLeast(SystemUtils.java:1388)
	at org.apache.commons.lang3.ClassUtils.isAssignable(ClassUtils.java:586)
	at org.apache.commons.lang3.reflect.TypeUtils.isAssignable(TypeUtils.java:131)
	at org.apache.commons.lang3.reflect.TypeUtils.determineTypeArguments(TypeUtils.java:715)
	at org.apache.commons.lang3.reflect.TypeUtilsTest.testDetermineTypeArguments_Complex_UsingExistingClasses(TypeUtilsTest.java:2320)
</error>
  </testcase>
  <testcase classname="org.apache.commons.lang3.reflect.TypeUtilsTest" name="testIsAssignableGenericArrayTypeWithTypeVariable" time="0"/>
  <testcase classname="org.apache.commons.lang3.reflect.TypeUtilsTest" name="testGetClosestParentType" time="0">
    <error message="Cannot invoke &quot;org.apache.commons.lang3.JavaVersion.atLeast(org.apache.commons.lang3.JavaVersion)&quot; because &quot;org.apache.commons.lang3.SystemUtils.JAVA_SPECIFICATION_VERSION_AS_ENUM&quot; is null" type="java.lang.NullPointerException">java.lang.NullPointerException: Cannot invoke &quot;org.apache.commons.lang3.JavaVersion.atLeast(org.apache.commons.lang3.JavaVersion)&quot; because &quot;org.apache.commons.lang3.SystemUtils.JAVA_SPECIFICATION_VERSION_AS_ENUM&quot; is null
	at org.apache.commons.lang3.SystemUtils.isJavaVersionAtLeast(SystemUtils.java:1388)
	at org.apache.commons.lang3.ClassUtils.isAssignable(ClassUtils.java:586)
	at org.apache.commons.lang3.reflect.TypeUtils.isAssignable(TypeUtils.java:131)
	at org.apache.commons.lang3.reflect.TypeUtils.getTypeArguments(TypeUtils.java:653)
	at org.apache.commons.lang3.reflect.TypeUtils.getTypeArguments(TypeUtils.java:548)
	at org.apache.commons.lang3.reflect.TypeUtils.getTypeArguments(TypeUtils.java:534)
	at org.apache.commons.lang3.reflect.TypeUtilsTest.testGetClosestParentType(TypeUtilsTest.java:838)
</error>
  </testcase>
  <testcase classname="org.apache.commons.lang3.reflect.TypeUtilsTest" name="testGetRawType_ParameterizedType_EdgeCases" time="0"/>
  <testcase classname="org.apache.commons.lang3.reflect.TypeUtilsTest" name="testDetermineTypeVariableAssignments" time="0">
    <error message="Cannot invoke &quot;org.apache.commons.lang3.JavaVersion.atLeast(org.apache.commons.lang3.JavaVersion)&quot; because &quot;org.apache.commons.lang3.SystemUtils.JAVA_SPECIFICATION_VERSION_AS_ENUM&quot; is null" type="java.lang.NullPointerException">java.lang.NullPointerException: Cannot invoke &quot;org.apache.commons.lang3.JavaVersion.atLeast(org.apache.commons.lang3.JavaVersion)&quot; because &quot;org.apache.commons.lang3.SystemUtils.JAVA_SPECIFICATION_VERSION_AS_ENUM&quot; is null
	at org.apache.commons.lang3.SystemUtils.isJavaVersionAtLeast(SystemUtils.java:1388)
	at org.apache.commons.lang3.ClassUtils.isAssignable(ClassUtils.java:586)
	at org.apache.commons.lang3.reflect.TypeUtils.isAssignable(TypeUtils.java:131)
	at org.apache.commons.lang3.reflect.TypeUtils.determineTypeArguments(TypeUtils.java:715)
	at org.apache.commons.lang3.reflect.TypeUtilsTest.testDetermineTypeVariableAssignments(TypeUtilsTest.java:542)
</error>
  </testcase>
  <testcase classname="org.apache.commons.lang3.reflect.TypeUtilsTest" name="testGetTypeArgumentsWithWildcardType" time="0"/>
  <testcase classname="org.apache.commons.lang3.reflect.TypeUtilsTest" name="testDetermineTypeArgumentsWithComplexHierarchy" time="0.001">
    <error message="Cannot invoke &quot;org.apache.commons.lang3.JavaVersion.atLeast(org.apache.commons.lang3.JavaVersion)&quot; because &quot;org.apache.commons.lang3.SystemUtils.JAVA_SPECIFICATION_VERSION_AS_ENUM&quot; is null" type="java.lang.NullPointerException">java.lang.NullPointerException: Cannot invoke &quot;org.apache.commons.lang3.JavaVersion.atLeast(org.apache.commons.lang3.JavaVersion)&quot; because &quot;org.apache.commons.lang3.SystemUtils.JAVA_SPECIFICATION_VERSION_AS_ENUM&quot; is null
	at org.apache.commons.lang3.SystemUtils.isJavaVersionAtLeast(SystemUtils.java:1388)
	at org.apache.commons.lang3.ClassUtils.isAssignable(ClassUtils.java:586)
	at org.apache.commons.lang3.reflect.TypeUtils.isAssignable(TypeUtils.java:131)
	at org.apache.commons.lang3.reflect.TypeUtils.determineTypeArguments(TypeUtils.java:715)
	at org.apache.commons.lang3.reflect.TypeUtilsTest.testDetermineTypeArgumentsWithComplexHierarchy(TypeUtilsTest.java:1099)
</error>
  </testcase>
  <testcase classname="org.apache.commons.lang3.reflect.TypeUtilsTest" name="testMapTypeVariablesToArguments_AllPaths" time="0">
    <error message="Cannot invoke &quot;org.apache.commons.lang3.JavaVersion.atLeast(org.apache.commons.lang3.JavaVersion)&quot; because &quot;org.apache.commons.lang3.SystemUtils.JAVA_SPECIFICATION_VERSION_AS_ENUM&quot; is null" type="java.lang.NullPointerException">java.lang.NullPointerException: Cannot invoke &quot;org.apache.commons.lang3.JavaVersion.atLeast(org.apache.commons.lang3.JavaVersion)&quot; because &quot;org.apache.commons.lang3.SystemUtils.JAVA_SPECIFICATION_VERSION_AS_ENUM&quot; is null
	at org.apache.commons.lang3.SystemUtils.isJavaVersionAtLeast(SystemUtils.java:1388)
	at org.apache.commons.lang3.ClassUtils.isAssignable(ClassUtils.java:586)
	at org.apache.commons.lang3.reflect.TypeUtils.isAssignable(TypeUtils.java:131)
	at org.apache.commons.lang3.reflect.TypeUtils.determineTypeArguments(TypeUtils.java:715)
	at org.apache.commons.lang3.reflect.TypeUtilsTest.testMapTypeVariablesToArguments_AllPaths(TypeUtilsTest.java:1618)
</error>
  </testcase>
  <testcase classname="org.apache.commons.lang3.reflect.TypeUtilsTest" name="testComplexTypeHierarchies_Comprehensive" time="0">
    <error message="Cannot invoke &quot;org.apache.commons.lang3.JavaVersion.atLeast(org.apache.commons.lang3.JavaVersion)&quot; because &quot;org.apache.commons.lang3.SystemUtils.JAVA_SPECIFICATION_VERSION_AS_ENUM&quot; is null" type="java.lang.NullPointerException">java.lang.NullPointerException: Cannot invoke &quot;org.apache.commons.lang3.JavaVersion.atLeast(org.apache.commons.lang3.JavaVersion)&quot; because &quot;org.apache.commons.lang3.SystemUtils.JAVA_SPECIFICATION_VERSION_AS_ENUM&quot; is null
	at org.apache.commons.lang3.SystemUtils.isJavaVersionAtLeast(SystemUtils.java:1388)
	at org.apache.commons.lang3.ClassUtils.isAssignable(ClassUtils.java:586)
	at org.apache.commons.lang3.reflect.TypeUtils.isAssignable(TypeUtils.java:131)
	at org.apache.commons.lang3.reflect.TypeUtils.getTypeArguments(TypeUtils.java:653)
	at org.apache.commons.lang3.reflect.TypeUtils.getTypeArguments(TypeUtils.java:548)
	at org.apache.commons.lang3.reflect.TypeUtils.getTypeArguments(TypeUtils.java:534)
	at org.apache.commons.lang3.reflect.TypeUtilsTest.testComplexTypeHierarchies_Comprehensive(TypeUtilsTest.java:2711)
</error>
  </testcase>
  <testcase classname="org.apache.commons.lang3.reflect.TypeUtilsTest" name="testIsAssignable_WildcardType_Comprehensive" time="0">
    <error message="Cannot invoke &quot;org.apache.commons.lang3.JavaVersion.atLeast(org.apache.commons.lang3.JavaVersion)&quot; because &quot;org.apache.commons.lang3.SystemUtils.JAVA_SPECIFICATION_VERSION_AS_ENUM&quot; is null" type="java.lang.NullPointerException">java.lang.NullPointerException: Cannot invoke &quot;org.apache.commons.lang3.JavaVersion.atLeast(org.apache.commons.lang3.JavaVersion)&quot; because &quot;org.apache.commons.lang3.SystemUtils.JAVA_SPECIFICATION_VERSION_AS_ENUM&quot; is null
	at org.apache.commons.lang3.SystemUtils.isJavaVersionAtLeast(SystemUtils.java:1388)
	at org.apache.commons.lang3.ClassUtils.isAssignable(ClassUtils.java:586)
	at org.apache.commons.lang3.reflect.TypeUtils.isAssignable(TypeUtils.java:131)
	at org.apache.commons.lang3.reflect.TypeUtils.isAssignable(TypeUtils.java:80)
	at org.apache.commons.lang3.reflect.TypeUtils.isAssignable(TypeUtils.java:370)
	at org.apache.commons.lang3.reflect.TypeUtils.isAssignable(TypeUtils.java:92)
	at org.apache.commons.lang3.reflect.TypeUtils.isAssignable(TypeUtils.java:228)
	at org.apache.commons.lang3.reflect.TypeUtils.isAssignable(TypeUtils.java:84)
	at org.apache.commons.lang3.reflect.TypeUtils.isAssignable(TypeUtils.java:65)
	at org.apache.commons.lang3.reflect.TypeUtilsTest.testIsAssignable_WildcardType_Comprehensive(TypeUtilsTest.java:2247)
</error>
  </testcase>
  <testcase classname="org.apache.commons.lang3.reflect.TypeUtilsTest" name="testGetImplicitBounds_Comprehensive" time="0"/>
  <testcase classname="org.apache.commons.lang3.reflect.TypeUtilsTest" name="testGetClosestParentType_MultipleInterfaces" time="0">
    <error message="Cannot invoke &quot;org.apache.commons.lang3.JavaVersion.atLeast(org.apache.commons.lang3.JavaVersion)&quot; because &quot;org.apache.commons.lang3.SystemUtils.JAVA_SPECIFICATION_VERSION_AS_ENUM&quot; is null" type="java.lang.NullPointerException">java.lang.NullPointerException: Cannot invoke &quot;org.apache.commons.lang3.JavaVersion.atLeast(org.apache.commons.lang3.JavaVersion)&quot; because &quot;org.apache.commons.lang3.SystemUtils.JAVA_SPECIFICATION_VERSION_AS_ENUM&quot; is null
	at org.apache.commons.lang3.SystemUtils.isJavaVersionAtLeast(SystemUtils.java:1388)
	at org.apache.commons.lang3.ClassUtils.isAssignable(ClassUtils.java:586)
	at org.apache.commons.lang3.reflect.TypeUtils.isAssignable(TypeUtils.java:131)
	at org.apache.commons.lang3.reflect.TypeUtils.getTypeArguments(TypeUtils.java:653)
	at org.apache.commons.lang3.reflect.TypeUtils.getTypeArguments(TypeUtils.java:548)
	at org.apache.commons.lang3.reflect.TypeUtils.getTypeArguments(TypeUtils.java:534)
	at org.apache.commons.lang3.reflect.TypeUtilsTest.testGetClosestParentType_MultipleInterfaces(TypeUtilsTest.java:2104)
</error>
  </testcase>
  <testcase classname="org.apache.commons.lang3.reflect.TypeUtilsTest" name="testSubstituteTypeVariables_Comprehensive" time="0"/>
  <testcase classname="org.apache.commons.lang3.reflect.TypeUtilsTest" name="testGetTypeArguments_WithComplexTypeVarAssigns" time="0"/>
  <testcase classname="org.apache.commons.lang3.reflect.TypeUtilsTest" name="testGetClosestParentType_ParameterizedInterface_UsingExistingClasses" time="0">
    <error message="Cannot invoke &quot;org.apache.commons.lang3.JavaVersion.atLeast(org.apache.commons.lang3.JavaVersion)&quot; because &quot;org.apache.commons.lang3.SystemUtils.JAVA_SPECIFICATION_VERSION_AS_ENUM&quot; is null" type="java.lang.NullPointerException">java.lang.NullPointerException: Cannot invoke &quot;org.apache.commons.lang3.JavaVersion.atLeast(org.apache.commons.lang3.JavaVersion)&quot; because &quot;org.apache.commons.lang3.SystemUtils.JAVA_SPECIFICATION_VERSION_AS_ENUM&quot; is null
	at org.apache.commons.lang3.SystemUtils.isJavaVersionAtLeast(SystemUtils.java:1388)
	at org.apache.commons.lang3.ClassUtils.isAssignable(ClassUtils.java:586)
	at org.apache.commons.lang3.reflect.TypeUtils.isAssignable(TypeUtils.java:131)
	at org.apache.commons.lang3.reflect.TypeUtils.getTypeArguments(TypeUtils.java:653)
	at org.apache.commons.lang3.reflect.TypeUtils.getTypeArguments(TypeUtils.java:548)
	at org.apache.commons.lang3.reflect.TypeUtils.getTypeArguments(TypeUtils.java:534)
	at org.apache.commons.lang3.reflect.TypeUtilsTest.testGetClosestParentType_ParameterizedInterface_UsingExistingClasses(TypeUtilsTest.java:2199)
</error>
  </testcase>
  <testcase classname="org.apache.commons.lang3.reflect.TypeUtilsTest" name="testSubstituteTypeVariables_ExceptionPath" time="0.001">
    <error message="Cannot invoke &quot;org.apache.commons.lang3.JavaVersion.atLeast(org.apache.commons.lang3.JavaVersion)&quot; because &quot;org.apache.commons.lang3.SystemUtils.JAVA_SPECIFICATION_VERSION_AS_ENUM&quot; is null" type="java.lang.NullPointerException">java.lang.NullPointerException: Cannot invoke &quot;org.apache.commons.lang3.JavaVersion.atLeast(org.apache.commons.lang3.JavaVersion)&quot; because &quot;org.apache.commons.lang3.SystemUtils.JAVA_SPECIFICATION_VERSION_AS_ENUM&quot; is null
	at org.apache.commons.lang3.SystemUtils.isJavaVersionAtLeast(SystemUtils.java:1388)
	at org.apache.commons.lang3.ClassUtils.isAssignable(ClassUtils.java:586)
	at org.apache.commons.lang3.reflect.TypeUtils.isAssignable(TypeUtils.java:131)
	at org.apache.commons.lang3.reflect.TypeUtils.isAssignable(TypeUtils.java:80)
	at org.apache.commons.lang3.reflect.TypeUtils.typesSatisfyVariables(TypeUtils.java:968)
	at org.apache.commons.lang3.reflect.TypeUtilsTest.testSubstituteTypeVariables_ExceptionPath(TypeUtilsTest.java:1298)
</error>
  </testcase>
  <testcase classname="org.apache.commons.lang3.reflect.TypeUtilsTest" name="testGetRawType" time="0">
    <error message="Cannot invoke &quot;org.apache.commons.lang3.JavaVersion.atLeast(org.apache.commons.lang3.JavaVersion)&quot; because &quot;org.apache.commons.lang3.SystemUtils.JAVA_SPECIFICATION_VERSION_AS_ENUM&quot; is null" type="java.lang.NullPointerException">java.lang.NullPointerException: Cannot invoke &quot;org.apache.commons.lang3.JavaVersion.atLeast(org.apache.commons.lang3.JavaVersion)&quot; because &quot;org.apache.commons.lang3.SystemUtils.JAVA_SPECIFICATION_VERSION_AS_ENUM&quot; is null
	at org.apache.commons.lang3.SystemUtils.isJavaVersionAtLeast(SystemUtils.java:1388)
	at org.apache.commons.lang3.ClassUtils.isAssignable(ClassUtils.java:586)
	at org.apache.commons.lang3.reflect.TypeUtils.isAssignable(TypeUtils.java:131)
	at org.apache.commons.lang3.reflect.TypeUtils.getTypeArguments(TypeUtils.java:653)
	at org.apache.commons.lang3.reflect.TypeUtils.getTypeArguments(TypeUtils.java:548)
	at org.apache.commons.lang3.reflect.TypeUtils.getTypeArguments(TypeUtils.java:534)
	at org.apache.commons.lang3.reflect.TypeUtils.getRawType(TypeUtils.java:1039)
	at org.apache.commons.lang3.reflect.TypeUtilsTest.testGetRawType(TypeUtilsTest.java:563)
</error>
  </testcase>
  <testcase classname="org.apache.commons.lang3.reflect.TypeUtilsTest" name="testSubstituteTypeVariables_NonTypeVariable" time="0">
    <error message="Cannot invoke &quot;org.apache.commons.lang3.JavaVersion.atLeast(org.apache.commons.lang3.JavaVersion)&quot; because &quot;org.apache.commons.lang3.SystemUtils.JAVA_SPECIFICATION_VERSION_AS_ENUM&quot; is null" type="java.lang.NullPointerException">java.lang.NullPointerException: Cannot invoke &quot;org.apache.commons.lang3.JavaVersion.atLeast(org.apache.commons.lang3.JavaVersion)&quot; because &quot;org.apache.commons.lang3.SystemUtils.JAVA_SPECIFICATION_VERSION_AS_ENUM&quot; is null
	at org.apache.commons.lang3.SystemUtils.isJavaVersionAtLeast(SystemUtils.java:1388)
	at org.apache.commons.lang3.ClassUtils.isAssignable(ClassUtils.java:586)
	at org.apache.commons.lang3.reflect.TypeUtils.isAssignable(TypeUtils.java:131)
	at org.apache.commons.lang3.reflect.TypeUtils.isAssignable(TypeUtils.java:80)
	at org.apache.commons.lang3.reflect.TypeUtils.typesSatisfyVariables(TypeUtils.java:968)
	at org.apache.commons.lang3.reflect.TypeUtilsTest.testSubstituteTypeVariables_NonTypeVariable(TypeUtilsTest.java:1967)
</error>
  </testcase>
  <testcase classname="org.apache.commons.lang3.reflect.TypeUtilsTest" name="testTypesSatisfyVariables_WithSubstitutedBounds" time="0">
    <error message="Cannot invoke &quot;org.apache.commons.lang3.JavaVersion.atLeast(org.apache.commons.lang3.JavaVersion)&quot; because &quot;org.apache.commons.lang3.SystemUtils.JAVA_SPECIFICATION_VERSION_AS_ENUM&quot; is null" type="java.lang.NullPointerException">java.lang.NullPointerException: Cannot invoke &quot;org.apache.commons.lang3.JavaVersion.atLeast(org.apache.commons.lang3.JavaVersion)&quot; because &quot;org.apache.commons.lang3.SystemUtils.JAVA_SPECIFICATION_VERSION_AS_ENUM&quot; is null
	at org.apache.commons.lang3.SystemUtils.isJavaVersionAtLeast(SystemUtils.java:1388)
	at org.apache.commons.lang3.ClassUtils.isAssignable(ClassUtils.java:586)
	at org.apache.commons.lang3.reflect.TypeUtils.isAssignable(TypeUtils.java:131)
	at org.apache.commons.lang3.reflect.TypeUtils.isAssignable(TypeUtils.java:80)
	at org.apache.commons.lang3.reflect.TypeUtils.typesSatisfyVariables(TypeUtils.java:968)
	at org.apache.commons.lang3.reflect.TypeUtilsTest.testTypesSatisfyVariables_WithSubstitutedBounds(TypeUtilsTest.java:2094)
</error>
  </testcase>
  <testcase classname="org.apache.commons.lang3.reflect.TypeUtilsTest" name="testIsAssignable_TypeVariable_EdgeCases" time="0">
    <failure message="Integer should be assignable to TypeVariable&lt;? extends Number&gt;" type="java.lang.AssertionError">java.lang.AssertionError: Integer should be assignable to TypeVariable&lt;? extends Number&gt;
	at org.junit.Assert.fail(Assert.java:88)
	at org.junit.Assert.assertTrue(Assert.java:41)
	at org.apache.commons.lang3.reflect.TypeUtilsTest.testIsAssignable_TypeVariable_EdgeCases(TypeUtilsTest.java:2674)
</failure>
  </testcase>
  <testcase classname="org.apache.commons.lang3.reflect.TypeUtilsTest" name="testGetRawType_GenericArrayType_Recursive" time="0"/>
  <testcase classname="org.apache.commons.lang3.reflect.TypeUtilsTest" name="testGetArrayComponentType" time="0"/>
  <testcase classname="org.apache.commons.lang3.reflect.TypeUtilsTest" name="testIsAssignableClassWithWildcardType" time="0"/>
  <testcase classname="org.apache.commons.lang3.reflect.TypeUtilsTest" name="testIsInstance_Basic" time="0">
    <error message="Cannot invoke &quot;org.apache.commons.lang3.JavaVersion.atLeast(org.apache.commons.lang3.JavaVersion)&quot; because &quot;org.apache.commons.lang3.SystemUtils.JAVA_SPECIFICATION_VERSION_AS_ENUM&quot; is null" type="java.lang.NullPointerException">java.lang.NullPointerException: Cannot invoke &quot;org.apache.commons.lang3.JavaVersion.atLeast(org.apache.commons.lang3.JavaVersion)&quot; because &quot;org.apache.commons.lang3.SystemUtils.JAVA_SPECIFICATION_VERSION_AS_ENUM&quot; is null
	at org.apache.commons.lang3.SystemUtils.isJavaVersionAtLeast(SystemUtils.java:1388)
	at org.apache.commons.lang3.ClassUtils.isAssignable(ClassUtils.java:586)
	at org.apache.commons.lang3.reflect.TypeUtils.isAssignable(TypeUtils.java:131)
	at org.apache.commons.lang3.reflect.TypeUtils.getTypeArguments(TypeUtils.java:653)
	at org.apache.commons.lang3.reflect.TypeUtils.getTypeArguments(TypeUtils.java:548)
	at org.apache.commons.lang3.reflect.TypeUtils.isAssignable(TypeUtils.java:200)
	at org.apache.commons.lang3.reflect.TypeUtils.isAssignable(TypeUtils.java:84)
	at org.apache.commons.lang3.reflect.TypeUtils.isInstance(TypeUtils.java:851)
	at org.apache.commons.lang3.reflect.TypeUtilsTest.testIsInstance_Basic(TypeUtilsTest.java:857)
</error>
  </testcase>
  <testcase classname="org.apache.commons.lang3.reflect.TypeUtilsTest" name="testGetClosestParentType_Comprehensive" time="0.001">
    <error message="Cannot invoke &quot;org.apache.commons.lang3.JavaVersion.atLeast(org.apache.commons.lang3.JavaVersion)&quot; because &quot;org.apache.commons.lang3.SystemUtils.JAVA_SPECIFICATION_VERSION_AS_ENUM&quot; is null" type="java.lang.NullPointerException">java.lang.NullPointerException: Cannot invoke &quot;org.apache.commons.lang3.JavaVersion.atLeast(org.apache.commons.lang3.JavaVersion)&quot; because &quot;org.apache.commons.lang3.SystemUtils.JAVA_SPECIFICATION_VERSION_AS_ENUM&quot; is null
	at org.apache.commons.lang3.SystemUtils.isJavaVersionAtLeast(SystemUtils.java:1388)
	at org.apache.commons.lang3.ClassUtils.isAssignable(ClassUtils.java:586)
	at org.apache.commons.lang3.reflect.TypeUtils.isAssignable(TypeUtils.java:131)
	at org.apache.commons.lang3.reflect.TypeUtils.getTypeArguments(TypeUtils.java:653)
	at org.apache.commons.lang3.reflect.TypeUtils.getTypeArguments(TypeUtils.java:548)
	at org.apache.commons.lang3.reflect.TypeUtils.getTypeArguments(TypeUtils.java:534)
	at org.apache.commons.lang3.reflect.TypeUtilsTest.testGetClosestParentType_Comprehensive(TypeUtilsTest.java:2334)
</error>
  </testcase>
  <testcase classname="org.apache.commons.lang3.reflect.TypeUtilsTest" name="testGetTypeArguments_WithSubtypeVarAssigns" time="0"/>
  <testcase classname="org.apache.commons.lang3.reflect.TypeUtilsTest" name="testNormalizeUpperBounds_ComplexScenarios" time="0.001">
    <error message="Cannot invoke &quot;org.apache.commons.lang3.JavaVersion.atLeast(org.apache.commons.lang3.JavaVersion)&quot; because &quot;org.apache.commons.lang3.SystemUtils.JAVA_SPECIFICATION_VERSION_AS_ENUM&quot; is null" type="java.lang.NullPointerException">java.lang.NullPointerException: Cannot invoke &quot;org.apache.commons.lang3.JavaVersion.atLeast(org.apache.commons.lang3.JavaVersion)&quot; because &quot;org.apache.commons.lang3.SystemUtils.JAVA_SPECIFICATION_VERSION_AS_ENUM&quot; is null
	at org.apache.commons.lang3.SystemUtils.isJavaVersionAtLeast(SystemUtils.java:1388)
	at org.apache.commons.lang3.ClassUtils.isAssignable(ClassUtils.java:586)
	at org.apache.commons.lang3.reflect.TypeUtils.isAssignable(TypeUtils.java:131)
	at org.apache.commons.lang3.reflect.TypeUtils.isAssignable(TypeUtils.java:80)
	at org.apache.commons.lang3.reflect.TypeUtils.normalizeUpperBounds(TypeUtils.java:887)
	at org.apache.commons.lang3.reflect.TypeUtilsTest.testNormalizeUpperBounds_ComplexScenarios(TypeUtilsTest.java:2071)
</error>
  </testcase>
  <testcase classname="org.apache.commons.lang3.reflect.TypeUtilsTest" name="testGetRawType_ParameterizedType_EdgeCase" time="0"/>
  <testcase classname="org.apache.commons.lang3.reflect.TypeUtilsTest" name="testGetTypeArguments_ParameterizedType_AllPaths" time="0">
    <error message="Cannot invoke &quot;org.apache.commons.lang3.JavaVersion.atLeast(org.apache.commons.lang3.JavaVersion)&quot; because &quot;org.apache.commons.lang3.SystemUtils.JAVA_SPECIFICATION_VERSION_AS_ENUM&quot; is null" type="java.lang.NullPointerException">java.lang.NullPointerException: Cannot invoke &quot;org.apache.commons.lang3.JavaVersion.atLeast(org.apache.commons.lang3.JavaVersion)&quot; because &quot;org.apache.commons.lang3.SystemUtils.JAVA_SPECIFICATION_VERSION_AS_ENUM&quot; is null
	at org.apache.commons.lang3.SystemUtils.isJavaVersionAtLeast(SystemUtils.java:1388)
	at org.apache.commons.lang3.ClassUtils.isAssignable(ClassUtils.java:586)
	at org.apache.commons.lang3.reflect.TypeUtils.isAssignable(TypeUtils.java:131)
	at org.apache.commons.lang3.reflect.TypeUtils.getTypeArguments(TypeUtils.java:603)
	at org.apache.commons.lang3.reflect.TypeUtils.getTypeArguments(TypeUtils.java:552)
	at org.apache.commons.lang3.reflect.TypeUtils.getTypeArguments(TypeUtils.java:534)
	at org.apache.commons.lang3.reflect.TypeUtilsTest.testGetTypeArguments_ParameterizedType_AllPaths(TypeUtilsTest.java:1804)
</error>
  </testcase>
  <testcase classname="org.apache.commons.lang3.reflect.TypeUtilsTest" name="testDetermineTypeArguments_WithNestedGenerics" time="0.001">
    <error message="Cannot invoke &quot;org.apache.commons.lang3.JavaVersion.atLeast(org.apache.commons.lang3.JavaVersion)&quot; because &quot;org.apache.commons.lang3.SystemUtils.JAVA_SPECIFICATION_VERSION_AS_ENUM&quot; is null" type="java.lang.NullPointerException">java.lang.NullPointerException: Cannot invoke &quot;org.apache.commons.lang3.JavaVersion.atLeast(org.apache.commons.lang3.JavaVersion)&quot; because &quot;org.apache.commons.lang3.SystemUtils.JAVA_SPECIFICATION_VERSION_AS_ENUM&quot; is null
	at org.apache.commons.lang3.SystemUtils.isJavaVersionAtLeast(SystemUtils.java:1388)
	at org.apache.commons.lang3.ClassUtils.isAssignable(ClassUtils.java:586)
	at org.apache.commons.lang3.reflect.TypeUtils.isAssignable(TypeUtils.java:131)
	at org.apache.commons.lang3.reflect.TypeUtils.determineTypeArguments(TypeUtils.java:715)
	at org.apache.commons.lang3.reflect.TypeUtilsTest.testDetermineTypeArguments_WithNestedGenerics(TypeUtilsTest.java:2114)
</error>
  </testcase>
  <testcase classname="org.apache.commons.lang3.reflect.TypeUtilsTest" name="testMapTypeVariablesToArguments_Comprehensive" time="0">
    <error message="Cannot invoke &quot;org.apache.commons.lang3.JavaVersion.atLeast(org.apache.commons.lang3.JavaVersion)&quot; because &quot;org.apache.commons.lang3.SystemUtils.JAVA_SPECIFICATION_VERSION_AS_ENUM&quot; is null" type="java.lang.NullPointerException">java.lang.NullPointerException: Cannot invoke &quot;org.apache.commons.lang3.JavaVersion.atLeast(org.apache.commons.lang3.JavaVersion)&quot; because &quot;org.apache.commons.lang3.SystemUtils.JAVA_SPECIFICATION_VERSION_AS_ENUM&quot; is null
	at org.apache.commons.lang3.SystemUtils.isJavaVersionAtLeast(SystemUtils.java:1388)
	at org.apache.commons.lang3.ClassUtils.isAssignable(ClassUtils.java:586)
	at org.apache.commons.lang3.reflect.TypeUtils.isAssignable(TypeUtils.java:131)
	at org.apache.commons.lang3.reflect.TypeUtils.determineTypeArguments(TypeUtils.java:715)
	at org.apache.commons.lang3.reflect.TypeUtilsTest.testMapTypeVariablesToArguments_Comprehensive(TypeUtilsTest.java:2376)
</error>
  </testcase>
  <testcase classname="org.apache.commons.lang3.reflect.TypeUtilsTest" name="testGetTypeArguments_ComplexHierarchy_UsingExistingClasses" time="0">
    <error message="Cannot invoke &quot;org.apache.commons.lang3.JavaVersion.atLeast(org.apache.commons.lang3.JavaVersion)&quot; because &quot;org.apache.commons.lang3.SystemUtils.JAVA_SPECIFICATION_VERSION_AS_ENUM&quot; is null" type="java.lang.NullPointerException">java.lang.NullPointerException: Cannot invoke &quot;org.apache.commons.lang3.JavaVersion.atLeast(org.apache.commons.lang3.JavaVersion)&quot; because &quot;org.apache.commons.lang3.SystemUtils.JAVA_SPECIFICATION_VERSION_AS_ENUM&quot; is null
	at org.apache.commons.lang3.SystemUtils.isJavaVersionAtLeast(SystemUtils.java:1388)
	at org.apache.commons.lang3.ClassUtils.isAssignable(ClassUtils.java:586)
	at org.apache.commons.lang3.reflect.TypeUtils.isAssignable(TypeUtils.java:131)
	at org.apache.commons.lang3.reflect.TypeUtils.getTypeArguments(TypeUtils.java:653)
	at org.apache.commons.lang3.reflect.TypeUtils.getTypeArguments(TypeUtils.java:548)
	at org.apache.commons.lang3.reflect.TypeUtils.getTypeArguments(TypeUtils.java:534)
	at org.apache.commons.lang3.reflect.TypeUtilsTest.testGetTypeArguments_ComplexHierarchy_UsingExistingClasses(TypeUtilsTest.java:2294)
</error>
  </testcase>
  <testcase classname="org.apache.commons.lang3.reflect.TypeUtilsTest" name="testIsArrayGenericTypes" time="0"/>
  <testcase classname="org.apache.commons.lang3.reflect.TypeUtilsTest" name="testIsInstance_WithAllPrimitiveTypes" time="0.001">
    <error message="Cannot invoke &quot;org.apache.commons.lang3.JavaVersion.atLeast(org.apache.commons.lang3.JavaVersion)&quot; because &quot;org.apache.commons.lang3.SystemUtils.JAVA_SPECIFICATION_VERSION_AS_ENUM&quot; is null" type="java.lang.NullPointerException">java.lang.NullPointerException: Cannot invoke &quot;org.apache.commons.lang3.JavaVersion.atLeast(org.apache.commons.lang3.JavaVersion)&quot; because &quot;org.apache.commons.lang3.SystemUtils.JAVA_SPECIFICATION_VERSION_AS_ENUM&quot; is null
	at org.apache.commons.lang3.SystemUtils.isJavaVersionAtLeast(SystemUtils.java:1388)
	at org.apache.commons.lang3.ClassUtils.isAssignable(ClassUtils.java:586)
	at org.apache.commons.lang3.reflect.TypeUtils.isAssignable(TypeUtils.java:131)
	at org.apache.commons.lang3.reflect.TypeUtils.isAssignable(TypeUtils.java:80)
	at org.apache.commons.lang3.reflect.TypeUtils.isInstance(TypeUtils.java:851)
	at org.apache.commons.lang3.reflect.TypeUtilsTest.testIsInstance_WithAllPrimitiveTypes(TypeUtilsTest.java:2040)
</error>
  </testcase>
</testsuite>