<?xml version="1.0" encoding="UTF-8" ?>
<testsuite tests="29" failures="0" name="org.apache.commons.lang3.StringEscapeUtilsTest" time="0.118" errors="0" skipped="0">
  <properties>
[...]
</properties>
  <testcase classname="org.apache.commons.lang3.StringEscapeUtilsTest" name="testEscapeXmlAllCharacters" time="0"/>
  <testcase classname="org.apache.commons.lang3.StringEscapeUtilsTest" name="testCsvEscaperTranslateIndexCheck" time="0.002"/>
  <testcase classname="org.apache.commons.lang3.StringEscapeUtilsTest" name="testUnescapeJava" time="0.001"/>
  <testcase classname="org.apache.commons.lang3.StringEscapeUtilsTest" name="testUnescapeJson" time="0"/>
  <testcase classname="org.apache.commons.lang3.StringEscapeUtilsTest" name="testStandaloneAmphersand" time="0"/>
  <testcase classname="org.apache.commons.lang3.StringEscapeUtilsTest" name="testUnescapeHtml4" time="0.002"/>
  <testcase classname="org.apache.commons.lang3.StringEscapeUtilsTest" name="testEscapeHtml" time="0"/>
  <testcase classname="org.apache.commons.lang3.StringEscapeUtilsTest" name="testEscapeJava" time="0"/>
  <testcase classname="org.apache.commons.lang3.StringEscapeUtilsTest" name="testEscapeJson" time="0"/>
  <testcase classname="org.apache.commons.lang3.StringEscapeUtilsTest" name="testEscapeJavaWithSlash" time="0"/>
  <testcase classname="org.apache.commons.lang3.StringEscapeUtilsTest" name="testEscapeXmlSupplementaryCharacters" time="0"/>
  <testcase classname="org.apache.commons.lang3.StringEscapeUtilsTest" name="testLang313" time="0"/>
  <testcase classname="org.apache.commons.lang3.StringEscapeUtilsTest" name="testLang708" time="0.008"/>
  <testcase classname="org.apache.commons.lang3.StringEscapeUtilsTest" name="testLang720" time="0"/>
  <testcase classname="org.apache.commons.lang3.StringEscapeUtilsTest" name="testEscapeEcmaScript" time="0"/>
  <testcase classname="org.apache.commons.lang3.StringEscapeUtilsTest" name="testEscapeCsvString" time="0"/>
  <testcase classname="org.apache.commons.lang3.StringEscapeUtilsTest" name="testEscapeCsvWriter" time="0.002"/>
  <testcase classname="org.apache.commons.lang3.StringEscapeUtilsTest" name="testEscapeHtmlHighUnicode" time="0"/>
  <testcase classname="org.apache.commons.lang3.StringEscapeUtilsTest" name="testUnescapeHexCharsHtml" time="0.103"/>
  <testcase classname="org.apache.commons.lang3.StringEscapeUtilsTest" name="testUnescapeXmlSupplementaryCharacters" time="0"/>
  <testcase classname="org.apache.commons.lang3.StringEscapeUtilsTest" name="testUnescapeCsvString" time="0"/>
  <testcase classname="org.apache.commons.lang3.StringEscapeUtilsTest" name="testUnescapeCsvWriter" time="0"/>
  <testcase classname="org.apache.commons.lang3.StringEscapeUtilsTest" name="testUnescapeEcmaScript" time="0"/>
  <testcase classname="org.apache.commons.lang3.StringEscapeUtilsTest" name="testEscapeHtmlVersions" time="0"/>
  <testcase classname="org.apache.commons.lang3.StringEscapeUtilsTest" name="testUnescapeUnknownEntity" time="0"/>
  <testcase classname="org.apache.commons.lang3.StringEscapeUtilsTest" name="testCsvUnescaperTranslateIndexCheck" time="0"/>
  <testcase classname="org.apache.commons.lang3.StringEscapeUtilsTest" name="testEscapeHiragana" time="0"/>
  <testcase classname="org.apache.commons.lang3.StringEscapeUtilsTest" name="testEscapeXml" time="0"/>
  <testcase classname="org.apache.commons.lang3.StringEscapeUtilsTest" name="testConstructor" time="0"/>
</testsuite>